Opened log file 'C:\temp\dndebug\5_DifficultMemoryLeak.log'
0:003> g
(1d88.14a0): Break instruction exception - code 80000003 (first chance)
eax=7efac000 ebx=00000000 ecx=00000000 edx=772cf4e2 esi=00000000 edi=00000000
eip=7724000c esp=059ffe74 ebp=059ffea0 iopl=0         nv up ei pl zr na pe nc
cs=0023  ss=002b  ds=002b  es=002b  fs=0053  gs=002b             efl=00000246
ntdll!DbgBreakPoint:
7724000c cc              int     3
0:004> lm
start    end        module name
002d0000 002d8000   MemoryLeak   (deferred)             
70160000 701bb000   mscorjit   (deferred)             
701d0000 70cc8000   mscorlib_ni   (deferred)             
70cd0000 70d6b000   MSVCR80    (deferred)             
70d70000 71301000   mscorwks   (deferred)             
71310000 71376000   mscoreei   (deferred)             
71380000 713ca000   MSCOREE    (deferred)             
73f90000 73f9b000   profapi    (deferred)             
74d90000 74d9c000   CRYPTBASE   (deferred)             
74da0000 74e00000   SspiCli    (deferred)             
74f20000 74f77000   SHLWAPI    (deferred)             
74f80000 75bc9000   shell32    (deferred)             
75bd0000 75c6d000   USP10      (deferred)             
75c70000 75c7a000   LPK        (deferred)             
75c80000 75d10000   GDI32      (deferred)             
75d10000 75db0000   ADVAPI32   (deferred)             
75fe0000 7608c000   msvcrt     (deferred)             
76130000 76220000   RPCRT4     (deferred)             
76220000 76280000   IMM32      (deferred)             
76300000 76319000   sechost    (deferred)             
76320000 76420000   USER32     (deferred)             
764b0000 764f6000   KERNELBASE   (deferred)             
76500000 76600000   KERNEL32   (deferred)             
76800000 7695c000   ole32      (deferred)             
76c50000 76d1c000   MSCTF      (deferred)             
77230000 773b0000   ntdll      (pdb symbols)          c:\symbols\wntdll.pdb\ACE318E6A2F44F23A6CC5628F10A7DDC2\wntdll.pdb
0:004> .loadby sos mscorwks
0:004> !DumpHeap -stat
total 6559 objects
Statistics:
      MT    Count    TotalSize Class Name
7044190c        1           12 System.Collections.Generic.GenericEqualityComparer`1[[System.String, mscorlib]]
70440bbc        1           12 System.Security.Permissions.ReflectionPermission
7043f8c4        1           12 System.Resources.FastResourceComparer
7043cd60        1           12 System.__Filters
7043cd10        1           12 System.Reflection.Missing
7043cc18        1           12 System.RuntimeType+TypeCacheQueue
70439d64        1           12 System.RuntimeTypeHandle
7041c81c        1           12 System.Security.Permissions.FileDialogPermission
7041c7e0        1           12 System.Security.PolicyManager
70440d14        1           16 System.Enum+HashEntry
7043fb48        1           16 System.Resources.ResourceReader+TypeLimitingDeserializationBinder
7043bab8        1           16 System.Text.DecoderReplacementFallback
7043ba68        1           16 System.Text.EncoderReplacementFallback
70439f64        1           16 System.Globalization.GlobalizationAssembly
704177d4        1           16 System.Security.Permissions.UIPermission
70416328        1           16 System.Reflection.Cache.InternalCache
70445c48        1           20 System.Environment+ResourceHelper
70441c20        1           20 System.Security.Permissions.EnvironmentPermission
70427590        1           20 Microsoft.Win32.SafeHandles.SafePEFileHandle
70441988        1           24 System.String[][]
70440f00        2           24 System.OrdinalComparer
7043a4e4        1           24 System.OperatingSystem
7041d314        2           24 System.Security.Permissions.StrongNamePublicKeyBlob
70417c24        1           24 System.Collections.Stack
7043b964        1           28 System.Text.UTF8Encoding
70438f8c        1           28 System.SharedStatics
70416684        1           28 System.Reflection.Cache.InternalCacheItem[]
70440e8c        2           32 System.CultureAwareComparer
7043eca0        1           32 System.Text.UTF8Encoding+UTF8Decoder
7043aed0        1           32 System.Security.PermissionTokenFactory
70438280        1           32 System.Threading.IOCompletionCallback
7041cc4c        1           32 System.Security.Util.Tokenizer+StringMaker
70416374        1           32 System.Reflection.Cache.ClearCacheHandler
704156c4        1           32 System.Runtime.CompilerServices.RuntimeHelpers+CleanupCode
70415638        1           32 System.Runtime.CompilerServices.RuntimeHelpers+TryCode
7043acec        1           36 System.Security.Permissions.FileIOPermission
7043a09c        1           36 System.Int64[]
7041d154        3           36 System.Security.Policy.AllMembershipCondition
704180cc        1           36 System.Resources.RuntimeResourceSet
7043fac4        1           40 System.Runtime.Serialization.Formatters.Binary.BinaryFormatter
7043f708        1           40 System.IO.BinaryReader
7043ae24        2           40 System.Security.PermissionToken
7041ee70        1           40 System.Int32[][]
704393ac        1           44 System.AppDomainSetup
7043c2b0        1           48 System.Reflection.Module
7043a468        2           48 System.Version
70439e0c        2           48 System.Reflection.Assembly
7043f7c0        1           52 System.Collections.Generic.Dictionary`2[[System.String, mscorlib],[System.Resources.ResourceLocator, mscorlib]]
70415388        1           52 System.Resources.ResourceManager
70438e94        1           56 System.Threading.Thread
70416528        1           56 System.LogLevel[]
70440c58        1           60 System.UInt64[]
7043b77c        3           60 System.Globalization.CultureTableItem
70439fb8        1           64 System.IO.UnmanagedMemoryStream
70415748        2           64 System.Globalization.CompareInfo
7043b6e8        1           68 System.Globalization.CultureTable
70438c04        1           72 System.ExecutionEngineException
70438b74        1           72 System.StackOverflowException
70438ae4        1           72 System.OutOfMemoryException
7041d394        5           80 System.Security.Policy.ZoneMembershipCondition
7041d2a4        4           80 System.Security.Policy.PolicyStatement
70418050        1           80 System.Resources.ResourceReader
7043cdbc        3           96 System.Reflection.MemberFilter
7043ab0c        8           96 System.Int32
7043ccd8        1          100 System.Reflection.MetadataArgs+SkipAddresses
704390a0        1          100 System.AppDomain
70416434        1          108 System.SwitchStructure[]
7043a7a0       10          120 System.Security.Permissions.SecurityPermission
70416e24        2          120 System.Collections.Hashtable+SyncHashtable
70422388        4          128 System.Collections.ArrayList+SyncArrayList
70417bc0        7          140 Microsoft.Win32.SafeHandles.SafeRegistryHandle
7043a584        4          144 System.Security.PermissionSet
70438c94        2          144 System.Threading.ThreadAbortException
7043fc94        1          152 System.Collections.Generic.Dictionary`2+Entry[[System.String, mscorlib],[System.Resources.ResourceLocator, mscorlib]][]
7041f0c0        3          156 System.Security.Policy.PolicyLevel
704384dc       16          192 System.Object
704179c0        7          224 Microsoft.Win32.RegistryKey
7043b698        5          240 System.Globalization.CultureTableRecord
7043ae84        7          252 System.Security.Util.TokenBasedSet
7043b4bc        4          272 System.Globalization.CultureInfo
7041ce8c       10          360 System.Security.Policy.UnionCodeGroup
7043aa5c        9          472 System.Int32[]
7041f118       12          576 System.Security.NamedPermissionSet
7043af14       16          896 System.Collections.Hashtable
70439a40       57         1140 System.RuntimeType
7041cdb0       65         1560 System.Security.Policy.StrongNameMembershipCondition
704394f0       15         1796 System.Char[]
7043b010       16         2304 System.Collections.Hashtable+bucket[]
7041cb5c      232         6496 System.Security.SecurityElement
7043a8f0      278         6672 System.Collections.ArrayList
002e33f0     1579        18948 MemoryLeak.Schedule
002e3370     1579        18948 MemoryLeak.Employee
70414eec      310        33560 System.Object[]
704388c0      435        39888 System.String
00441730      196      2127812      Free
7043b330     1584     15809328 System.Byte[]
Total 6559 objects
0:004> !dumpheap -mt 002e3370
 Address       MT     Size
024e7904 002e3370       12     
024ea038 002e3370       12     
024ec76c 002e3370       12     
024eeea0 002e3370       12     
024f15d4 002e3370       12     
024f3d08 002e3370       12     
024f643c 002e3370       12     
024f8b70 002e3370       12     
024fb2a4 002e3370       12     
024fd9d8 002e3370       12     
0250010c 002e3370       12     
02502840 002e3370       12     
02504f74 002e3370       12     
025076a8 002e3370       12     
02509ddc 002e3370       12     
0250c510 002e3370       12     
0250ec44 002e3370       12     
02511378 002e3370       12     
02513aac 002e3370       12     
025161e0 002e3370       12     
02518914 002e3370       12     
0251b048 002e3370       12     
0251d77c 002e3370       12     
0251feb0 002e3370       12     
025225e4 002e3370       12     
02527434 002e3370       12     
02529b80 002e3370       12     
0252c2b4 002e3370       12     
0252e9e8 002e3370       12     
0253111c 002e3370       12     
02533850 002e3370       12     
02535f84 002e3370       12     
025386b8 002e3370       12     
0253adec 002e3370       12     
0253d520 002e3370       12     
0253fc54 002e3370       12     
02542388 002e3370       12     
02544abc 002e3370       12     
025471f0 002e3370       12     
02549924 002e3370       12     
0254c058 002e3370       12     
0254e78c 002e3370       12     
02550ec0 002e3370       12     
025535f4 002e3370       12     
02555d28 002e3370       12     
0255845c 002e3370       12     
0255ab90 002e3370       12     
0255d2c4 002e3370       12     
0255f9f8 002e3370       12     
0256212c 002e3370       12     
02564860 002e3370       12     
02566f94 002e3370       12     
025696c8 002e3370       12     
0256bdfc 002e3370       12     
0256e530 002e3370       12     
02570c64 002e3370       12     
02573398 002e3370       12     
02575acc 002e3370       12     
02578200 002e3370       12     
0257a934 002e3370       12     
0257d068 002e3370       12     
0257f79c 002e3370       12     
02581ed0 002e3370       12     
02584604 002e3370       12     
02586d38 002e3370       12     
0258946c 002e3370       12     
0258bba0 002e3370       12     
0258e2d4 002e3370       12     
02590a08 002e3370       12     
0259313c 002e3370       12     
02595870 002e3370       12     
02597fa4 002e3370       12     
0259a6d8 002e3370       12     
0259ce0c 002e3370       12     
0259f540 002e3370       12     
025a1c74 002e3370       12     
025a43a8 002e3370       12     
025a6adc 002e3370       12     
025a9210 002e3370       12     
025ab944 002e3370       12     
025ae078 002e3370       12     
025b07ac 002e3370       12     
025b2ee0 002e3370       12     
025b5614 002e3370       12     
025b7d48 002e3370       12     
025ba47c 002e3370       12     
025bcbb0 002e3370       12     
025bf2e4 002e3370       12     
025c1a18 002e3370       12     
025c414c 002e3370       12     
025c6880 002e3370       12     
025c8fb4 002e3370       12     
025cb6e8 002e3370       12     
025cde1c 002e3370       12     
025d0550 002e3370       12     
025d2c84 002e3370       12     
025d53b8 002e3370       12     
025d7aec 002e3370       12     
025da220 002e3370       12     
025dc954 002e3370       12     
025df088 002e3370       12     
025e17bc 002e3370       12     
025e3ef0 002e3370       12     
025e6624 002e3370       12     
025e8d58 002e3370       12     
025eb48c 002e3370       12     
025edbc0 002e3370       12     
025f02f4 002e3370       12     
025f2a28 002e3370       12     
025f515c 002e3370       12     
025f7890 002e3370       12     
025f9fc4 002e3370       12     
025fc6f8 002e3370       12     
025fee2c 002e3370       12     
02601560 002e3370       12     
02603c94 002e3370       12     
026063c8 002e3370       12     
02608afc 002e3370       12     
0260b230 002e3370       12     
0260d964 002e3370       12     
02610098 002e3370       12     
026127cc 002e3370       12     
02614f00 002e3370       12     
02617634 002e3370       12     
02619d68 002e3370       12     
0261c49c 002e3370       12     
0261ebd0 002e3370       12     
02621304 002e3370       12     
02623a38 002e3370       12     
0262616c 002e3370       12     
026288a0 002e3370       12     
0262afd4 002e3370       12     
0262d708 002e3370       12     
0262fe3c 002e3370       12     
02632570 002e3370       12     
02634ca4 002e3370       12     
026373d8 002e3370       12     
02639b0c 002e3370       12     
0263c240 002e3370       12     
0263e974 002e3370       12     
026410a8 002e3370       12     
026437dc 002e3370       12     
02645f10 002e3370       12     
02648644 002e3370       12     
0264ad78 002e3370       12     
0264d4ac 002e3370       12     
0264fbe0 002e3370       12     
02652314 002e3370       12     
02654a48 002e3370       12     
0265717c 002e3370       12     
026598b0 002e3370       12     
0265bfe4 002e3370       12     
02660e4c 002e3370       12     
02660e64 002e3370       12     
02663598 002e3370       12     
02665ccc 002e3370       12     
02668400 002e3370       12     
0266ab34 002e3370       12     
0266d268 002e3370       12     
0266f99c 002e3370       12     
026720d0 002e3370       12     
02674804 002e3370       12     
02676f38 002e3370       12     
0267966c 002e3370       12     
0267bda0 002e3370       12     
0267e4d4 002e3370       12     
02680c08 002e3370       12     
0268333c 002e3370       12     
02685a70 002e3370       12     
026881a4 002e3370       12     
0268a8d8 002e3370       12     
0268d00c 002e3370       12     
0268f740 002e3370       12     
02691e74 002e3370       12     
026945a8 002e3370       12     
02696cdc 002e3370       12     
02699410 002e3370       12     
0269bb44 002e3370       12     
0269e278 002e3370       12     
026a09ac 002e3370       12     
026a30e0 002e3370       12     
026a5814 002e3370       12     
026a7f48 002e3370       12     
026aa67c 002e3370       12     
026acdb0 002e3370       12     
026af4e4 002e3370       12     
026b1c18 002e3370       12     
026b434c 002e3370       12     
026b6a80 002e3370       12     
026b91b4 002e3370       12     
026bb8e8 002e3370       12     
026be01c 002e3370       12     
026c0750 002e3370       12     
026c2e84 002e3370       12     
026c55b8 002e3370       12     
026c7cec 002e3370       12     
026ca420 002e3370       12     
026ccb54 002e3370       12     
026cf288 002e3370       12     
026d19bc 002e3370       12     
026d40f0 002e3370       12     
026d6824 002e3370       12     
026d8f58 002e3370       12     
026db68c 002e3370       12     
026dddc0 002e3370       12     
026e04f4 002e3370       12     
026e2c28 002e3370       12     
026e535c 002e3370       12     
026e7a90 002e3370       12     
026ea1c4 002e3370       12     
026ec8f8 002e3370       12     
026ef02c 002e3370       12     
026f1760 002e3370       12     
026f3e94 002e3370       12     
026f65c8 002e3370       12     
026f8cfc 002e3370       12     
026fb430 002e3370       12     
026fdb64 002e3370       12     
02700298 002e3370       12     
027029cc 002e3370       12     
02705100 002e3370       12     
02707834 002e3370       12     
02709f68 002e3370       12     
0270c69c 002e3370       12     
0270edd0 002e3370       12     
02711504 002e3370       12     
02713c38 002e3370       12     
0271636c 002e3370       12     
02718aa0 002e3370       12     
0271b1d4 002e3370       12     
0271d908 002e3370       12     
0272003c 002e3370       12     
02722770 002e3370       12     
02724ea4 002e3370       12     
027275d8 002e3370       12     
02729d0c 002e3370       12     
0272c440 002e3370       12     
0272eb74 002e3370       12     
027312a8 002e3370       12     
027339dc 002e3370       12     
02736110 002e3370       12     
02738844 002e3370       12     
0273af78 002e3370       12     
0273d6ac 002e3370       12     
0273fde0 002e3370       12     
02742514 002e3370       12     
02744c48 002e3370       12     
0274737c 002e3370       12     
02749ab0 002e3370       12     
0274c1e4 002e3370       12     
0274e918 002e3370       12     
0275104c 002e3370       12     
02753780 002e3370       12     
02755eb4 002e3370       12     
027585e8 002e3370       12     
0275ad1c 002e3370       12     
0275d450 002e3370       12     
0275fb84 002e3370       12     
027622b8 002e3370       12     
027649ec 002e3370       12     
02767120 002e3370       12     
02769854 002e3370       12     
0276bf88 002e3370       12     
0276e6bc 002e3370       12     
02770df0 002e3370       12     
02773524 002e3370       12     
02775c58 002e3370       12     
0277838c 002e3370       12     
0277aac0 002e3370       12     
0277d1f4 002e3370       12     
0277f928 002e3370       12     
0278205c 002e3370       12     
02784790 002e3370       12     
02786ec4 002e3370       12     
027895f8 002e3370       12     
0278bd2c 002e3370       12     
0278e460 002e3370       12     
02790b94 002e3370       12     
027932c8 002e3370       12     
027959fc 002e3370       12     
02798130 002e3370       12     
0279a864 002e3370       12     
0279cf98 002e3370       12     
0279f6cc 002e3370       12     
027a1e00 002e3370       12     
027a4534 002e3370       12     
027a6c68 002e3370       12     
027a939c 002e3370       12     
027abad0 002e3370       12     
027ae204 002e3370       12     
027b0938 002e3370       12     
027b306c 002e3370       12     
027b57a0 002e3370       12     
027b7ed4 002e3370       12     
027ba608 002e3370       12     
027bcd3c 002e3370       12     
027bf470 002e3370       12     
027c1ba4 002e3370       12     
027c42d8 002e3370       12     
027c6a0c 002e3370       12     
027c9140 002e3370       12     
027cb874 002e3370       12     
027cdfa8 002e3370       12     
027d06dc 002e3370       12     
027d2e10 002e3370       12     
027d5544 002e3370       12     
027d7c78 002e3370       12     
027da3ac 002e3370       12     
027dcae0 002e3370       12     
027df214 002e3370       12     
027e1948 002e3370       12     
027e407c 002e3370       12     
027e67b0 002e3370       12     
027e8ee4 002e3370       12     
027eb618 002e3370       12     
027edd4c 002e3370       12     
027f0480 002e3370       12     
027f2bb4 002e3370       12     
027f52e8 002e3370       12     
027f7a1c 002e3370       12     
027fa150 002e3370       12     
027fc884 002e3370       12     
027fefb8 002e3370       12     
028016ec 002e3370       12     
02803e20 002e3370       12     
02806554 002e3370       12     
02808c88 002e3370       12     
0280b3bc 002e3370       12     
0280daf0 002e3370       12     
02810224 002e3370       12     
02812958 002e3370       12     
0281508c 002e3370       12     
028177c0 002e3370       12     
02819ef4 002e3370       12     
0281c628 002e3370       12     
0281ed5c 002e3370       12     
02821490 002e3370       12     
02823bc4 002e3370       12     
028262f8 002e3370       12     
02828a2c 002e3370       12     
0282b160 002e3370       12     
0282d894 002e3370       12     
0282ffc8 002e3370       12     
028326fc 002e3370       12     
02834e30 002e3370       12     
02837564 002e3370       12     
02839c98 002e3370       12     
0283c3cc 002e3370       12     
0283eb00 002e3370       12     
02841234 002e3370       12     
02843968 002e3370       12     
0284609c 002e3370       12     
028487d0 002e3370       12     
0284af04 002e3370       12     
0284d638 002e3370       12     
0284fd6c 002e3370       12     
028524a0 002e3370       12     
02854bd4 002e3370       12     
02857308 002e3370       12     
02859a3c 002e3370       12     
0285e8a4 002e3370       12     
0286370c 002e3370       12     
02865e40 002e3370       12     
02868574 002e3370       12     
0286aca8 002e3370       12     
0286d3dc 002e3370       12     
0286fb10 002e3370       12     
02872244 002e3370       12     
02874978 002e3370       12     
028770ac 002e3370       12     
028797e0 002e3370       12     
0287bf14 002e3370       12     
0287e648 002e3370       12     
02880d7c 002e3370       12     
028834b0 002e3370       12     
02885be4 002e3370       12     
02888318 002e3370       12     
0288aa4c 002e3370       12     
0288d180 002e3370       12     
0288f8b4 002e3370       12     
02891fe8 002e3370       12     
0289471c 002e3370       12     
02896e50 002e3370       12     
02899584 002e3370       12     
0289bcb8 002e3370       12     
0289e3ec 002e3370       12     
028a0b20 002e3370       12     
028a3254 002e3370       12     
028a5988 002e3370       12     
028a80bc 002e3370       12     
028aa7f0 002e3370       12     
028acf24 002e3370       12     
028af658 002e3370       12     
028b1d8c 002e3370       12     
028b44c0 002e3370       12     
028b6bf4 002e3370       12     
028b9328 002e3370       12     
028bba5c 002e3370       12     
028be190 002e3370       12     
028c08c4 002e3370       12     
028c2ff8 002e3370       12     
028c572c 002e3370       12     
028c7e60 002e3370       12     
028ca594 002e3370       12     
028cccc8 002e3370       12     
028cf3fc 002e3370       12     
028d1b30 002e3370       12     
028d4264 002e3370       12     
028d6998 002e3370       12     
028d90cc 002e3370       12     
028db800 002e3370       12     
028ddf34 002e3370       12     
028e0668 002e3370       12     
028e2d9c 002e3370       12     
028e54d0 002e3370       12     
028e7c04 002e3370       12     
028ea338 002e3370       12     
028eca6c 002e3370       12     
028ef1a0 002e3370       12     
028f18d4 002e3370       12     
028f4008 002e3370       12     
028f673c 002e3370       12     
028f8e70 002e3370       12     
028fb5a4 002e3370       12     
028fdcd8 002e3370       12     
0290040c 002e3370       12     
02902b40 002e3370       12     
02905274 002e3370       12     
029079a8 002e3370       12     
0290a0dc 002e3370       12     
0290c810 002e3370       12     
0290ef44 002e3370       12     
02911678 002e3370       12     
02913dac 002e3370       12     
029164e0 002e3370       12     
02918c14 002e3370       12     
0291b348 002e3370       12     
0291da7c 002e3370       12     
029201b0 002e3370       12     
029228e4 002e3370       12     
02925018 002e3370       12     
0292774c 002e3370       12     
02929e80 002e3370       12     
0292c5b4 002e3370       12     
0292ece8 002e3370       12     
0293141c 002e3370       12     
02933b50 002e3370       12     
02936284 002e3370       12     
029389b8 002e3370       12     
0293b0ec 002e3370       12     
0293d820 002e3370       12     
0293ff54 002e3370       12     
02942688 002e3370       12     
02944dbc 002e3370       12     
029474f0 002e3370       12     
02949c24 002e3370       12     
0294c358 002e3370       12     
0294ea8c 002e3370       12     
029511c0 002e3370       12     
029538f4 002e3370       12     
02956028 002e3370       12     
0295875c 002e3370       12     
0295ae90 002e3370       12     
0295d5c4 002e3370       12     
0295fcf8 002e3370       12     
0296242c 002e3370       12     
02964b60 002e3370       12     
02967294 002e3370       12     
029699c8 002e3370       12     
0296c0fc 002e3370       12     
0296e830 002e3370       12     
02970f64 002e3370       12     
02973698 002e3370       12     
02975dcc 002e3370       12     
02978500 002e3370       12     
0297ac34 002e3370       12     
0297d368 002e3370       12     
0297fa9c 002e3370       12     
029821d0 002e3370       12     
02984904 002e3370       12     
02987038 002e3370       12     
0298976c 002e3370       12     
0298bea0 002e3370       12     
0298e5d4 002e3370       12     
02990d08 002e3370       12     
0299343c 002e3370       12     
02995b70 002e3370       12     
029982a4 002e3370       12     
0299a9d8 002e3370       12     
0299d10c 002e3370       12     
0299f840 002e3370       12     
029a1f74 002e3370       12     
029a46a8 002e3370       12     
029a6ddc 002e3370       12     
029a9510 002e3370       12     
029abc44 002e3370       12     
029ae378 002e3370       12     
029b0aac 002e3370       12     
029b31e0 002e3370       12     
029b5914 002e3370       12     
029b8048 002e3370       12     
029ba77c 002e3370       12     
029bceb0 002e3370       12     
029bf5e4 002e3370       12     
029c1d18 002e3370       12     
029c444c 002e3370       12     
029c6b80 002e3370       12     
029c92b4 002e3370       12     
029cb9e8 002e3370       12     
029ce11c 002e3370       12     
029d0850 002e3370       12     
029d2f84 002e3370       12     
029d56b8 002e3370       12     
029d7dec 002e3370       12     
029da520 002e3370       12     
029dcc54 002e3370       12     
029df388 002e3370       12     
029e1abc 002e3370       12     
029e41f0 002e3370       12     
029e6924 002e3370       12     
029e9058 002e3370       12     
029eb78c 002e3370       12     
029edec0 002e3370       12     
029f05f4 002e3370       12     
029f2d28 002e3370       12     
029f545c 002e3370       12     
029f7b90 002e3370       12     
029fa2c4 002e3370       12     
029fc9f8 002e3370       12     
029ff12c 002e3370       12     
02a01860 002e3370       12     
02a03f94 002e3370       12     
02a066c8 002e3370       12     
02a08dfc 002e3370       12     
02a0b530 002e3370       12     
02a0dc64 002e3370       12     
02a10398 002e3370       12     
02a12acc 002e3370       12     
02a15200 002e3370       12     
02a17934 002e3370       12     
02a1a068 002e3370       12     
02a1c79c 002e3370       12     
02a1eed0 002e3370       12     
02a21604 002e3370       12     
02a23d38 002e3370       12     
02a2646c 002e3370       12     
02a28ba0 002e3370       12     
02a2b2d4 002e3370       12     
02a2da08 002e3370       12     
02a3013c 002e3370       12     
02a32870 002e3370       12     
02a34fa4 002e3370       12     
02a376d8 002e3370       12     
02a39e0c 002e3370       12     
02a3c540 002e3370       12     
02a3ec74 002e3370       12     
02a413a8 002e3370       12     
02a43adc 002e3370       12     
02a46210 002e3370       12     
02a48944 002e3370       12     
02a4b078 002e3370       12     
02a4d7ac 002e3370       12     
02a4fee0 002e3370       12     
02a52614 002e3370       12     
02a54d48 002e3370       12     
02a5747c 002e3370       12     
02a59bb0 002e3370       12     
02a5c2e4 002e3370       12     
02a5ea18 002e3370       12     
02a63880 002e3370       12     
02a65fb4 002e3370       12     
04743728 002e3370       12     
04748590 002e3370       12     
0474d3f8 002e3370       12     
04752260 002e3370       12     
047570c8 002e3370       12     
0475bf30 002e3370       12     
04760d98 002e3370       12     
04765c00 002e3370       12     
0476aa68 002e3370       12     
0476f8d0 002e3370       12     
04774738 002e3370       12     
047795a0 002e3370       12     
0477e408 002e3370       12     
04783270 002e3370       12     
047880d8 002e3370       12     
0478cf40 002e3370       12     
04791da8 002e3370       12     
04796c10 002e3370       12     
0479ba78 002e3370       12     
047a08e0 002e3370       12     
047a5748 002e3370       12     
047aa5b0 002e3370       12     
047b1b4c 002e3370       12     
047b4280 002e3370       12     
047b90e8 002e3370       12     
047bdf50 002e3370       12     
047c2db8 002e3370       12     
047c7c20 002e3370       12     
047cca88 002e3370       12     
047d18f0 002e3370       12     
047d6758 002e3370       12     
047db5c0 002e3370       12     
047e0428 002e3370       12     
047e5290 002e3370       12     
047ec82c 002e3370       12     
047eef60 002e3370       12     
047f3dc8 002e3370       12     
047fb364 002e3370       12     
047fda98 002e3370       12     
04802900 002e3370       12     
04807768 002e3370       12     
0480c5d0 002e3370       12     
04813b6c 002e3370       12     
048162a0 002e3370       12     
0481b108 002e3370       12     
0481ff70 002e3370       12     
04824dd8 002e3370       12     
04829c40 002e3370       12     
0482eaa8 002e3370       12     
04833910 002e3370       12     
04838778 002e3370       12     
0483d5e0 002e3370       12     
04842448 002e3370       12     
048499e4 002e3370       12     
0484e84c 002e3370       12     
048536b4 002e3370       12     
04855de8 002e3370       12     
0485ac50 002e3370       12     
0485fab8 002e3370       12     
04867054 002e3370       12     
04869788 002e3370       12     
0486e5f0 002e3370       12     
04873458 002e3370       12     
048782c0 002e3370       12     
0487d128 002e3370       12     
04881f90 002e3370       12     
04886df8 002e3370       12     
0488bc60 002e3370       12     
04890ac8 002e3370       12     
04895930 002e3370       12     
0489a798 002e3370       12     
0489f600 002e3370       12     
048a4468 002e3370       12     
048a92d0 002e3370       12     
048ae138 002e3370       12     
048b2fa0 002e3370       12     
048b7e08 002e3370       12     
048bcc70 002e3370       12     
048c1ad8 002e3370       12     
048c6940 002e3370       12     
048cb7a8 002e3370       12     
048d0610 002e3370       12     
048d7bac 002e3370       12     
048da2e0 002e3370       12     
048e187c 002e3370       12     
048e3fb0 002e3370       12     
048e8e18 002e3370       12     
048edc80 002e3370       12     
048f2ae8 002e3370       12     
048f7950 002e3370       12     
048fc7b8 002e3370       12     
04901620 002e3370       12     
04906488 002e3370       12     
0490da24 002e3370       12     
0491288c 002e3370       12     
04914fc0 002e3370       12     
04919e28 002e3370       12     
049213c4 002e3370       12     
04923af8 002e3370       12     
04928960 002e3370       12     
0492d7c8 002e3370       12     
04932630 002e3370       12     
04939bcc 002e3370       12     
0493c300 002e3370       12     
04941168 002e3370       12     
04945fd0 002e3370       12     
0494ae38 002e3370       12     
0494fca0 002e3370       12     
04954b08 002e3370       12     
04959970 002e3370       12     
0495e7d8 002e3370       12     
04963640 002e3370       12     
049684a8 002e3370       12     
0496fa44 002e3370       12     
04972178 002e3370       12     
04976fe0 002e3370       12     
0497be48 002e3370       12     
049833e4 002e3370       12     
04985b18 002e3370       12     
0498a980 002e3370       12     
0498f7e8 002e3370       12     
04994650 002e3370       12     
049994b8 002e3370       12     
0499e320 002e3370       12     
049a58bc 002e3370       12     
049a7ff0 002e3370       12     
049ace58 002e3370       12     
049b43f4 002e3370       12     
049b6b28 002e3370       12     
049be0c4 002e3370       12     
049c07f8 002e3370       12     
049c5660 002e3370       12     
049ccbfc 002e3370       12     
049cf330 002e3370       12     
049d68cc 002e3370       12     
049d9000 002e3370       12     
049dde68 002e3370       12     
049e2cd0 002e3370       12     
049e7b38 002e3370       12     
049ec9a0 002e3370       12     
049f1808 002e3370       12     
049f6670 002e3370       12     
049fb4d8 002e3370       12     
04a00340 002e3370       12     
04a051a8 002e3370       12     
04a0a010 002e3370       12     
04a0ee78 002e3370       12     
04a13ce0 002e3370       12     
04a18b48 002e3370       12     
04a1d9b0 002e3370       12     
04a22818 002e3370       12     
04a29db4 002e3370       12     
04a2c4e8 002e3370       12     
04a31350 002e3370       12     
04a388ec 002e3370       12     
04a3b020 002e3370       12     
04a3fe88 002e3370       12     
04a44cf0 002e3370       12     
04a49b58 002e3370       12     
04a510f4 002e3370       12     
04a53828 002e3370       12     
04a5adc4 002e3370       12     
04a5fc2c 002e3370       12     
04a62360 002e3370       12     
04a698fc 002e3370       12     
04a6c030 002e3370       12     
04a735cc 002e3370       12     
04a75d00 002e3370       12     
04a7ab68 002e3370       12     
04a7f9d0 002e3370       12     
04a84838 002e3370       12     
04a896a0 002e3370       12     
04a8e508 002e3370       12     
04a93370 002e3370       12     
04a981d8 002e3370       12     
04a9d040 002e3370       12     
04aa1ea8 002e3370       12     
04aa9444 002e3370       12     
04aabb78 002e3370       12     
04ab09e0 002e3370       12     
04ab5848 002e3370       12     
04aba6b0 002e3370       12     
04ac1c4c 002e3370       12     
04ac4380 002e3370       12     
04ac91e8 002e3370       12     
04ace050 002e3370       12     
04ad2eb8 002e3370       12     
04ad7d20 002e3370       12     
04adcb88 002e3370       12     
04ae19f0 002e3370       12     
04ae6858 002e3370       12     
04aeddf4 002e3370       12     
04af0528 002e3370       12     
04af5390 002e3370       12     
04afa1f8 002e3370       12     
04aff060 002e3370       12     
04b03ec8 002e3370       12     
04b08d30 002e3370       12     
04b0db98 002e3370       12     
04b12a00 002e3370       12     
04b17868 002e3370       12     
04b1c6d0 002e3370       12     
04b21538 002e3370       12     
04b263a0 002e3370       12     
04b2b208 002e3370       12     
04b30070 002e3370       12     
04b34ed8 002e3370       12     
04b39d40 002e3370       12     
04b3eba8 002e3370       12     
04b412dc 002e3370       12     
04b43a1c 002e3370       12     
04b46150 002e3370       12     
04b48884 002e3370       12     
04b4afb8 002e3370       12     
04b4d6ec 002e3370       12     
04b4fe20 002e3370       12     
04b52554 002e3370       12     
04b54c88 002e3370       12     
04b573bc 002e3370       12     
04b59af0 002e3370       12     
04b5c224 002e3370       12     
04b5e958 002e3370       12     
04b6108c 002e3370       12     
04b637c0 002e3370       12     
04b65ef4 002e3370       12     
04b68628 002e3370       12     
04b6ad5c 002e3370       12     
04b6d490 002e3370       12     
04b6fbc4 002e3370       12     
04b722f8 002e3370       12     
04b74a2c 002e3370       12     
04b77160 002e3370       12     
04b79894 002e3370       12     
04b7bfc8 002e3370       12     
04b7e6fc 002e3370       12     
04b80e30 002e3370       12     
04b83564 002e3370       12     
04b85c98 002e3370       12     
04b883cc 002e3370       12     
04b8ab00 002e3370       12     
04b8d234 002e3370       12     
04b8f968 002e3370       12     
04b9209c 002e3370       12     
04b947d0 002e3370       12     
04b96f04 002e3370       12     
04b99638 002e3370       12     
04b9bd6c 002e3370       12     
04b9e4a0 002e3370       12     
04ba0bd4 002e3370       12     
04ba3308 002e3370       12     
04ba5a3c 002e3370       12     
04ba8170 002e3370       12     
04baa8a4 002e3370       12     
04bacfd8 002e3370       12     
04baf70c 002e3370       12     
04bb1e40 002e3370       12     
04bb4574 002e3370       12     
04bb6ca8 002e3370       12     
04bb93dc 002e3370       12     
04bbbb10 002e3370       12     
04bbe244 002e3370       12     
04bc0978 002e3370       12     
04bc30ac 002e3370       12     
04bc57e0 002e3370       12     
04bc7f14 002e3370       12     
04bca648 002e3370       12     
04bccd7c 002e3370       12     
04bcf4b0 002e3370       12     
04bd1be4 002e3370       12     
04bd4318 002e3370       12     
04bd6a4c 002e3370       12     
04bd9180 002e3370       12     
04bdb8b4 002e3370       12     
04bddfe8 002e3370       12     
04be071c 002e3370       12     
04be2e50 002e3370       12     
04be5584 002e3370       12     
04be7cb8 002e3370       12     
04bea3ec 002e3370       12     
04becb20 002e3370       12     
04bef254 002e3370       12     
04bf1988 002e3370       12     
04bf40bc 002e3370       12     
04bf67f0 002e3370       12     
04bf8f24 002e3370       12     
04bfb658 002e3370       12     
04bfdd8c 002e3370       12     
04c004c0 002e3370       12     
04c02bf4 002e3370       12     
04c05328 002e3370       12     
04c07a5c 002e3370       12     
04c0a190 002e3370       12     
04c0c8c4 002e3370       12     
04c0eff8 002e3370       12     
04c1172c 002e3370       12     
04c13e60 002e3370       12     
04c16594 002e3370       12     
04c18cc8 002e3370       12     
04c1b3fc 002e3370       12     
04c1db30 002e3370       12     
04c20264 002e3370       12     
04c22998 002e3370       12     
04c250cc 002e3370       12     
04c27800 002e3370       12     
04c29f34 002e3370       12     
04c2c668 002e3370       12     
04c2ed9c 002e3370       12     
04c314d0 002e3370       12     
04c33c04 002e3370       12     
04c36338 002e3370       12     
04c38a6c 002e3370       12     
04c3b1a0 002e3370       12     
04c3d8d4 002e3370       12     
04c40008 002e3370       12     
04c4273c 002e3370       12     
04c44e70 002e3370       12     
04c475a4 002e3370       12     
04c49cd8 002e3370       12     
04c4c40c 002e3370       12     
04c4eb40 002e3370       12     
04c51274 002e3370       12     
04c539a8 002e3370       12     
04c560dc 002e3370       12     
04c58810 002e3370       12     
04c5af44 002e3370       12     
04c5d678 002e3370       12     
04c5fdac 002e3370       12     
04c624e0 002e3370       12     
04c64c14 002e3370       12     
04c67348 002e3370       12     
04c69a7c 002e3370       12     
04c6c1b0 002e3370       12     
04c6e8e4 002e3370       12     
04c71018 002e3370       12     
04c7374c 002e3370       12     
04c75e80 002e3370       12     
04c785b4 002e3370       12     
04c7ace8 002e3370       12     
04c7d41c 002e3370       12     
04c7fb50 002e3370       12     
04c82284 002e3370       12     
04c849b8 002e3370       12     
04c870ec 002e3370       12     
04c89820 002e3370       12     
04c8bf54 002e3370       12     
04c8e688 002e3370       12     
04c90dbc 002e3370       12     
04c934f0 002e3370       12     
04c95c24 002e3370       12     
04c98358 002e3370       12     
04c9aa8c 002e3370       12     
04c9d1c0 002e3370       12     
04c9f8f4 002e3370       12     
04ca2028 002e3370       12     
04ca475c 002e3370       12     
04ca6e90 002e3370       12     
04ca95c4 002e3370       12     
04cabcf8 002e3370       12     
04cae42c 002e3370       12     
04cb0b60 002e3370       12     
04cb3294 002e3370       12     
04cb59c8 002e3370       12     
04cb80fc 002e3370       12     
04cba830 002e3370       12     
04cbcf64 002e3370       12     
04cbf698 002e3370       12     
04cc1dcc 002e3370       12     
04cc4500 002e3370       12     
04cc6c34 002e3370       12     
04cc9368 002e3370       12     
04ccba9c 002e3370       12     
04cce1d0 002e3370       12     
04cd0904 002e3370       12     
04cd3038 002e3370       12     
04cd576c 002e3370       12     
04cd7ea0 002e3370       12     
04cda5d4 002e3370       12     
04cdcd08 002e3370       12     
04cdf43c 002e3370       12     
04ce1b70 002e3370       12     
04ce42a4 002e3370       12     
04ce69d8 002e3370       12     
04ce910c 002e3370       12     
04ceb840 002e3370       12     
04cedf74 002e3370       12     
04cf06a8 002e3370       12     
04cf2ddc 002e3370       12     
04cf5510 002e3370       12     
04cf7c44 002e3370       12     
04cfa378 002e3370       12     
04cfcaac 002e3370       12     
04cff1e0 002e3370       12     
04d01914 002e3370       12     
04d04048 002e3370       12     
04d0677c 002e3370       12     
04d08eb0 002e3370       12     
04d0b5e4 002e3370       12     
04d0dd18 002e3370       12     
04d1044c 002e3370       12     
04d12b80 002e3370       12     
04d152b4 002e3370       12     
04d179e8 002e3370       12     
04d1a11c 002e3370       12     
04d1c850 002e3370       12     
04d1ef84 002e3370       12     
04d216b8 002e3370       12     
04d23dec 002e3370       12     
04d26520 002e3370       12     
04d28c54 002e3370       12     
04d2b388 002e3370       12     
04d2dabc 002e3370       12     
04d301f0 002e3370       12     
04d32924 002e3370       12     
04d35058 002e3370       12     
04d3778c 002e3370       12     
04d39ec0 002e3370       12     
04d3c5f4 002e3370       12     
04d3ed28 002e3370       12     
04d4145c 002e3370       12     
04d43b90 002e3370       12     
04d462c4 002e3370       12     
04d489f8 002e3370       12     
04d4b12c 002e3370       12     
04d4d860 002e3370       12     
04d4ff94 002e3370       12     
04d526c8 002e3370       12     
04d54dfc 002e3370       12     
04d57530 002e3370       12     
04d59c64 002e3370       12     
04d5c398 002e3370       12     
04d5eacc 002e3370       12     
04d61200 002e3370       12     
04d63934 002e3370       12     
04d66068 002e3370       12     
04d6879c 002e3370       12     
04d6aed0 002e3370       12     
04d6d604 002e3370       12     
04d6fd38 002e3370       12     
04d7246c 002e3370       12     
04d74ba0 002e3370       12     
04d772d4 002e3370       12     
04d79a08 002e3370       12     
04d7c13c 002e3370       12     
04d7e870 002e3370       12     
04d80fa4 002e3370       12     
04d836d8 002e3370       12     
04d85e0c 002e3370       12     
04d88540 002e3370       12     
04d8ac74 002e3370       12     
04d8d3a8 002e3370       12     
04d8fadc 002e3370       12     
04d92210 002e3370       12     
04d94944 002e3370       12     
04d97078 002e3370       12     
04d997ac 002e3370       12     
04d9bee0 002e3370       12     
04d9e614 002e3370       12     
04da0d48 002e3370       12     
04da347c 002e3370       12     
04da5bb0 002e3370       12     
04da82e4 002e3370       12     
04daaa18 002e3370       12     
04dad14c 002e3370       12     
04daf880 002e3370       12     
04db1fb4 002e3370       12     
04db46e8 002e3370       12     
04db6e1c 002e3370       12     
04db9550 002e3370       12     
04dbbc84 002e3370       12     
04dbe3b8 002e3370       12     
04dc0aec 002e3370       12     
04dc3220 002e3370       12     
04dc5954 002e3370       12     
04dc8088 002e3370       12     
04dca7bc 002e3370       12     
04dccef0 002e3370       12     
04dcf624 002e3370       12     
04dd1d58 002e3370       12     
04dd448c 002e3370       12     
04dd6bc0 002e3370       12     
04dd92f4 002e3370       12     
04ddba28 002e3370       12     
04dde15c 002e3370       12     
04de0890 002e3370       12     
04de2fc4 002e3370       12     
04de56f8 002e3370       12     
04de7e2c 002e3370       12     
04dea560 002e3370       12     
04decc94 002e3370       12     
04def3c8 002e3370       12     
04df1afc 002e3370       12     
04df4230 002e3370       12     
04df6964 002e3370       12     
04df9098 002e3370       12     
04dfb7cc 002e3370       12     
04dfdf00 002e3370       12     
04e00634 002e3370       12     
04e02d68 002e3370       12     
04e0549c 002e3370       12     
04e07bd0 002e3370       12     
04e0a304 002e3370       12     
04e0ca38 002e3370       12     
04e0f16c 002e3370       12     
04e118a0 002e3370       12     
04e13fd4 002e3370       12     
04e16708 002e3370       12     
04e18e3c 002e3370       12     
04e1b570 002e3370       12     
04e1dca4 002e3370       12     
04e203d8 002e3370       12     
04e22b0c 002e3370       12     
04e25240 002e3370       12     
04e27974 002e3370       12     
04e2a0a8 002e3370       12     
04e2c7dc 002e3370       12     
04e2ef10 002e3370       12     
04e31644 002e3370       12     
04e33d78 002e3370       12     
04e364ac 002e3370       12     
04e38be0 002e3370       12     
04e3b314 002e3370       12     
04e3da48 002e3370       12     
04e4017c 002e3370       12     
04e428b0 002e3370       12     
04e44fe4 002e3370       12     
04e47718 002e3370       12     
04e49e4c 002e3370       12     
04e4c580 002e3370       12     
04e4ecb4 002e3370       12     
04e513e8 002e3370       12     
04e53b1c 002e3370       12     
04e56250 002e3370       12     
04e58984 002e3370       12     
04e5b0b8 002e3370       12     
04e5d7ec 002e3370       12     
04e5ff20 002e3370       12     
04e62654 002e3370       12     
04e64d88 002e3370       12     
04e674bc 002e3370       12     
04e69bf0 002e3370       12     
04e6c324 002e3370       12     
04e6ea58 002e3370       12     
04e7118c 002e3370       12     
04e738c0 002e3370       12     
04e75ff4 002e3370       12     
04e78728 002e3370       12     
04e7ae5c 002e3370       12     
04e7d590 002e3370       12     
04e7fcc4 002e3370       12     
04e823f8 002e3370       12     
04e84b2c 002e3370       12     
04e87260 002e3370       12     
04e89994 002e3370       12     
04e8c0c8 002e3370       12     
04e8e7fc 002e3370       12     
04e90f30 002e3370       12     
04e93664 002e3370       12     
04e95d98 002e3370       12     
04e984cc 002e3370       12     
04e9ac00 002e3370       12     
04e9d334 002e3370       12     
04e9fa68 002e3370       12     
04ea219c 002e3370       12     
04ea48d0 002e3370       12     
04ea7004 002e3370       12     
04ea9738 002e3370       12     
04eabe6c 002e3370       12     
04eae5a0 002e3370       12     
04eb0cd4 002e3370       12     
04eb3408 002e3370       12     
04eb5b3c 002e3370       12     
04eb8270 002e3370       12     
04eba9a4 002e3370       12     
04ebd0d8 002e3370       12     
04ebf80c 002e3370       12     
04ec1f40 002e3370       12     
04ec4674 002e3370       12     
04ec6da8 002e3370       12     
04ec94dc 002e3370       12     
04ecbc10 002e3370       12     
04ece344 002e3370       12     
04ed0a78 002e3370       12     
04ed31ac 002e3370       12     
04ed58e0 002e3370       12     
04ed8014 002e3370       12     
04eda748 002e3370       12     
04edce7c 002e3370       12     
04edf5b0 002e3370       12     
04ee1ce4 002e3370       12     
04ee4418 002e3370       12     
04ee6b4c 002e3370       12     
04ee9280 002e3370       12     
04eeb9b4 002e3370       12     
04eee0e8 002e3370       12     
04ef081c 002e3370       12     
04ef2f50 002e3370       12     
04ef5684 002e3370       12     
04ef7db8 002e3370       12     
04efa4ec 002e3370       12     
04efcc20 002e3370       12     
04eff354 002e3370       12     
04f01a88 002e3370       12     
04f041bc 002e3370       12     
04f068f0 002e3370       12     
04f09024 002e3370       12     
04f0b758 002e3370       12     
04f0de8c 002e3370       12     
04f105c0 002e3370       12     
04f12cf4 002e3370       12     
04f15428 002e3370       12     
04f17b5c 002e3370       12     
04f1a290 002e3370       12     
04f1c9c4 002e3370       12     
04f1f0f8 002e3370       12     
04f2182c 002e3370       12     
04f23f60 002e3370       12     
04f26694 002e3370       12     
04f28dc8 002e3370       12     
04f2b4fc 002e3370       12     
04f2dc30 002e3370       12     
04f30364 002e3370       12     
04f32a98 002e3370       12     
04f351cc 002e3370       12     
04f37900 002e3370       12     
04f3a034 002e3370       12     
04f3c768 002e3370       12     
04f3ee9c 002e3370       12     
04f415d0 002e3370       12     
04f43d34 002e3370       12     
04f46468 002e3370       12     
04f48b9c 002e3370       12     
04f4b2d0 002e3370       12     
04f4da04 002e3370       12     
04f50138 002e3370       12     
04f5286c 002e3370       12     
04f54fa0 002e3370       12     
04f576d4 002e3370       12     
04f59e08 002e3370       12     
04f5c53c 002e3370       12     
04f5ec70 002e3370       12     
04f613a4 002e3370       12     
04f63ad8 002e3370       12     
04f6620c 002e3370       12     
04f68940 002e3370       12     
04f6b074 002e3370       12     
04f6d7a8 002e3370       12     
04f6fedc 002e3370       12     
04f72610 002e3370       12     
04f74d44 002e3370       12     
04f77478 002e3370       12     
04f79bac 002e3370       12     
04f7c2e0 002e3370       12     
04f7ea14 002e3370       12     
04f81148 002e3370       12     
04f8387c 002e3370       12     
04f85fb0 002e3370       12     
04f886e4 002e3370       12     
04f8ae18 002e3370       12     
04f8d54c 002e3370       12     
04f8fc80 002e3370       12     
04f923b4 002e3370       12     
04f94ae8 002e3370       12     
04f9721c 002e3370       12     
04f99950 002e3370       12     
04f9c084 002e3370       12     
04f9e7b8 002e3370       12     
04fa0eec 002e3370       12     
04fa3620 002e3370       12     
04fa5d54 002e3370       12     
04fa8488 002e3370       12     
04faabbc 002e3370       12     
04fad2f0 002e3370       12     
04fafa24 002e3370       12     
04fb2158 002e3370       12     
04fb488c 002e3370       12     
04fb6fc0 002e3370       12     
04fb96f4 002e3370       12     
04fbbe28 002e3370       12     
04fbe55c 002e3370       12     
04fc0c90 002e3370       12     
04fc33c4 002e3370       12     
04fc5af8 002e3370       12     
04fc822c 002e3370       12     
04fca960 002e3370       12     
04fcd094 002e3370       12     
04fcf7c8 002e3370       12     
04fd1efc 002e3370       12     
04fd4630 002e3370       12     
04fd6d64 002e3370       12     
04fd9498 002e3370       12     
04fdbbcc 002e3370       12     
04fde300 002e3370       12     
04fe0a34 002e3370       12     
04fe3168 002e3370       12     
04fe589c 002e3370       12     
04fe7fd0 002e3370       12     
04fea704 002e3370       12     
04fece38 002e3370       12     
04fef56c 002e3370       12     
04ff1ca0 002e3370       12     
04ff43d4 002e3370       12     
04ff6b08 002e3370       12     
04ff923c 002e3370       12     
04ffb970 002e3370       12     
04ffe0a4 002e3370       12     
050007d8 002e3370       12     
05002f0c 002e3370       12     
05005640 002e3370       12     
05007d74 002e3370       12     
0500a4a8 002e3370       12     
0500cbdc 002e3370       12     
0500f310 002e3370       12     
05011a44 002e3370       12     
05014178 002e3370       12     
050168ac 002e3370       12     
05018fe0 002e3370       12     
0501b714 002e3370       12     
0501de48 002e3370       12     
0502057c 002e3370       12     
05022cb0 002e3370       12     
050253e4 002e3370       12     
05027b18 002e3370       12     
0502a24c 002e3370       12     
0502c980 002e3370       12     
0502f0b4 002e3370       12     
050317e8 002e3370       12     
05033f1c 002e3370       12     
05036650 002e3370       12     
05038d84 002e3370       12     
0503b4b8 002e3370       12     
0503dbec 002e3370       12     
05040320 002e3370       12     
05042a54 002e3370       12     
05045188 002e3370       12     
050478bc 002e3370       12     
05049ff0 002e3370       12     
0504c724 002e3370       12     
0504ee58 002e3370       12     
0505158c 002e3370       12     
05053cc0 002e3370       12     
050563f4 002e3370       12     
05058b28 002e3370       12     
0505b25c 002e3370       12     
0505d990 002e3370       12     
050600c4 002e3370       12     
050627f8 002e3370       12     
05064f2c 002e3370       12     
05067660 002e3370       12     
05069d94 002e3370       12     
0506c4c8 002e3370       12     
0506ebfc 002e3370       12     
05071330 002e3370       12     
05073a64 002e3370       12     
05076198 002e3370       12     
050788cc 002e3370       12     
0507b000 002e3370       12     
0507d734 002e3370       12     
0507fe68 002e3370       12     
0508259c 002e3370       12     
05084cd0 002e3370       12     
05087404 002e3370       12     
05089b38 002e3370       12     
0508c26c 002e3370       12     
0508e9a0 002e3370       12     
050910d4 002e3370       12     
05093808 002e3370       12     
05095f3c 002e3370       12     
05098670 002e3370       12     
0509ada4 002e3370       12     
0509d4d8 002e3370       12     
0509fc0c 002e3370       12     
050a2340 002e3370       12     
050a4a74 002e3370       12     
050a71a8 002e3370       12     
050a98dc 002e3370       12     
050ac010 002e3370       12     
050ae744 002e3370       12     
050b0e78 002e3370       12     
050b35ac 002e3370       12     
050b5ce0 002e3370       12     
050b8414 002e3370       12     
050bab48 002e3370       12     
050bd27c 002e3370       12     
050bf9b0 002e3370       12     
050c20e4 002e3370       12     
050c4818 002e3370       12     
050c6f4c 002e3370       12     
050c9680 002e3370       12     
050cbdb4 002e3370       12     
050ce4e8 002e3370       12     
050d0c1c 002e3370       12     
050d3350 002e3370       12     
050d5a84 002e3370       12     
050d81b8 002e3370       12     
050da8ec 002e3370       12     
050dd020 002e3370       12     
050df754 002e3370       12     
050e1e88 002e3370       12     
050e45bc 002e3370       12     
050e6cf0 002e3370       12     
050e9424 002e3370       12     
050ebb58 002e3370       12     
050ee28c 002e3370       12     
050f09c0 002e3370       12     
050f30f4 002e3370       12     
050f5828 002e3370       12     
050f7f5c 002e3370       12     
050fa690 002e3370       12     
050fcdc4 002e3370       12     
050ff4f8 002e3370       12     
05101c2c 002e3370       12     
05104360 002e3370       12     
05106a94 002e3370       12     
051091c8 002e3370       12     
0510b8fc 002e3370       12     
0510e030 002e3370       12     
05110764 002e3370       12     
05112e98 002e3370       12     
051155cc 002e3370       12     
05117d00 002e3370       12     
0511a434 002e3370       12     
0511cb68 002e3370       12     
0511f29c 002e3370       12     
051219d0 002e3370       12     
05124104 002e3370       12     
05126838 002e3370       12     
05128f6c 002e3370       12     
0512b6a0 002e3370       12     
0512ddd4 002e3370       12     
05130508 002e3370       12     
05132c3c 002e3370       12     
05135370 002e3370       12     
05137aa4 002e3370       12     
0513a1d8 002e3370       12     
0513c90c 002e3370       12     
0513f040 002e3370       12     
05141774 002e3370       12     
05143ea8 002e3370       12     
051465dc 002e3370       12     
05148d10 002e3370       12     
0514b444 002e3370       12     
0514db78 002e3370       12     
051502ac 002e3370       12     
051529e0 002e3370       12     
05155114 002e3370       12     
05157848 002e3370       12     
05159f7c 002e3370       12     
0515c6b0 002e3370       12     
0515ede4 002e3370       12     
05161518 002e3370       12     
05163c4c 002e3370       12     
05166380 002e3370       12     
05168ab4 002e3370       12     
0516b1e8 002e3370       12     
0516d91c 002e3370       12     
05170050 002e3370       12     
05172784 002e3370       12     
05174eb8 002e3370       12     
051775ec 002e3370       12     
05179d20 002e3370       12     
0517c454 002e3370       12     
0517eb88 002e3370       12     
051812bc 002e3370       12     
051839f0 002e3370       12     
05186124 002e3370       12     
05188858 002e3370       12     
0518af8c 002e3370       12     
0518d6c0 002e3370       12     
0518fdf4 002e3370       12     
05192528 002e3370       12     
05194c5c 002e3370       12     
05197390 002e3370       12     
05199ac4 002e3370       12     
0519c1f8 002e3370       12     
0519e92c 002e3370       12     
051a1060 002e3370       12     
051a3794 002e3370       12     
051a5ec8 002e3370       12     
051a85fc 002e3370       12     
051aad30 002e3370       12     
051ad464 002e3370       12     
051afb98 002e3370       12     
051b22cc 002e3370       12     
051b4a00 002e3370       12     
051b7134 002e3370       12     
051b9868 002e3370       12     
051bbf9c 002e3370       12     
051be6d0 002e3370       12     
051c0e04 002e3370       12     
051c3538 002e3370       12     
051c5c6c 002e3370       12     
051c83a0 002e3370       12     
051caad4 002e3370       12     
051cd208 002e3370       12     
051cf93c 002e3370       12     
051d2070 002e3370       12     
051d47a4 002e3370       12     
051d6ed8 002e3370       12     
051d960c 002e3370       12     
051dbd40 002e3370       12     
051de474 002e3370       12     
051e0ba8 002e3370       12     
051e32dc 002e3370       12     
051e5a10 002e3370       12     
051e8144 002e3370       12     
051ea878 002e3370       12     
051ecfac 002e3370       12     
051ef6e0 002e3370       12     
051f1e14 002e3370       12     
051f4548 002e3370       12     
051f6c7c 002e3370       12     
051f93b0 002e3370       12     
051fbae4 002e3370       12     
051fe218 002e3370       12     
0520094c 002e3370       12     
05203080 002e3370       12     
052057b4 002e3370       12     
05207ee8 002e3370       12     
0520a61c 002e3370       12     
0520cd50 002e3370       12     
0520f484 002e3370       12     
05211bb8 002e3370       12     
052142ec 002e3370       12     
05216a20 002e3370       12     
05219154 002e3370       12     
0521b888 002e3370       12     
0521dfbc 002e3370       12     
052206f0 002e3370       12     
05222e24 002e3370       12     
05225558 002e3370       12     
05227c8c 002e3370       12     
0522a3c0 002e3370       12     
0522caf4 002e3370       12     
0522f228 002e3370       12     
0523195c 002e3370       12     
05234090 002e3370       12     
052367c4 002e3370       12     
05238ef8 002e3370       12     
0523b62c 002e3370       12     
0523dd60 002e3370       12     
05240494 002e3370       12     
05242bc8 002e3370       12     
052452fc 002e3370       12     
05247a30 002e3370       12     
0524a164 002e3370       12     
0524c898 002e3370       12     
0524efcc 002e3370       12     
05251700 002e3370       12     
05253e34 002e3370       12     
05256568 002e3370       12     
05258c9c 002e3370       12     
0525b3d0 002e3370       12     
0525db04 002e3370       12     
05260238 002e3370       12     
0526296c 002e3370       12     
052650a0 002e3370       12     
052677d4 002e3370       12     
05269f08 002e3370       12     
0526c63c 002e3370       12     
0526ed70 002e3370       12     
052714a4 002e3370       12     
05273bd8 002e3370       12     
0527630c 002e3370       12     
05278a40 002e3370       12     
0527b174 002e3370       12     
0527d8a8 002e3370       12     
0527ffdc 002e3370       12     
05282710 002e3370       12     
05284e44 002e3370       12     
05287578 002e3370       12     
05289cac 002e3370       12     
0528c3e0 002e3370       12     
0528eb14 002e3370       12     
05291248 002e3370       12     
0529397c 002e3370       12     
052960b0 002e3370       12     
052987e4 002e3370       12     
0529af18 002e3370       12     
0529d64c 002e3370       12     
0529fd80 002e3370       12     
052a24b4 002e3370       12     
052a4be8 002e3370       12     
052a731c 002e3370       12     
052a9a50 002e3370       12     
052ac184 002e3370       12     
052ae8b8 002e3370       12     
052b0fec 002e3370       12     
052b3720 002e3370       12     
052b5e54 002e3370       12     
052b8588 002e3370       12     
052bacbc 002e3370       12     
052bd3f0 002e3370       12     
052bfb24 002e3370       12     
052c2258 002e3370       12     
052c498c 002e3370       12     
052c70c0 002e3370       12     
052c97f4 002e3370       12     
052cbf28 002e3370       12     
052ce65c 002e3370       12     
052d0d90 002e3370       12     
052d34c4 002e3370       12     
052d5bf8 002e3370       12     
052d832c 002e3370       12     
052daa60 002e3370       12     
052dd194 002e3370       12     
052df8c8 002e3370       12     
052e1ffc 002e3370       12     
052e4730 002e3370       12     
total 1579 objects
Statistics:
      MT    Count    TotalSize Class Name
002e3370     1579        18948 MemoryLeak.Employee
Total 1579 objects
0:004> .foreach (obj {!dumpheap -mt 002e3370 -short}) {!objsize obj}
sizeof(024e7904) =        10036 (      0x2734) bytes (MemoryLeak.Employee)
sizeof(024ea038) =        10036 (      0x2734) bytes (MemoryLeak.Employee)
sizeof(024ec76c) =        10036 (      0x2734) bytes (MemoryLeak.Employee)
sizeof(024eeea0) =        10036 (      0x2734) bytes (MemoryLeak.Employee)
sizeof(024f15d4) =        10036 (      0x2734) bytes (MemoryLeak.Employee)
sizeof(024f3d08) =        10036 (      0x2734) bytes (MemoryLeak.Employee)
sizeof(024f643c) =        10036 (      0x2734) bytes (MemoryLeak.Employee)
sizeof(024f8b70) =        10036 (      0x2734) bytes (MemoryLeak.Employee)
sizeof(024fb2a4) =        10036 (      0x2734) bytes (MemoryLeak.Employee)
sizeof(024fd9d8) =        10036 (      0x2734) bytes (MemoryLeak.Employee)
sizeof(0250010c) =        10036 (      0x2734) bytes (MemoryLeak.Employee)
sizeof(02502840) =        10036 (      0x2734) bytes (MemoryLeak.Employee)
sizeof(02504f74) =        10036 (      0x2734) bytes (MemoryLeak.Employee)
sizeof(025076a8) =        10036 (      0x2734) bytes (MemoryLeak.Employee)
sizeof(02509ddc) =        10036 (      0x2734) bytes (MemoryLeak.Employee)
sizeof(0250c510) =        10036 (      0x2734) bytes (MemoryLeak.Employee)
sizeof(0250ec44) =        10036 (      0x2734) bytes (MemoryLeak.Employee)
sizeof(02511378) =        10036 (      0x2734) bytes (MemoryLeak.Employee)
sizeof(02513aac) =        10036 (      0x2734) bytes (MemoryLeak.Employee)
sizeof(025161e0) =        10036 (      0x2734) bytes (MemoryLeak.Employee)
sizeof(02518914) =        10036 (      0x2734) bytes (MemoryLeak.Employee)
sizeof(0251b048) =        10036 (      0x2734) bytes (MemoryLeak.Employee)
sizeof(0251d77c) =        10036 (      0x2734) bytes (MemoryLeak.Employee)
sizeof(0251feb0) =        10036 (      0x2734) bytes (MemoryLeak.Employee)
sizeof(025225e4) =        10036 (      0x2734) bytes (MemoryLeak.Employee)
sizeof(02527434) =        10036 (      0x2734) bytes (MemoryLeak.Employee)
sizeof(02529b80) =        10036 (      0x2734) bytes (MemoryLeak.Employee)
sizeof(0252c2b4) =        10036 (      0x2734) bytes (MemoryLeak.Employee)
sizeof(0252e9e8) =        10036 (      0x2734) bytes (MemoryLeak.Employee)
sizeof(0253111c) =        10036 (      0x2734) bytes (MemoryLeak.Employee)
sizeof(02533850) =        10036 (      0x2734) bytes (MemoryLeak.Employee)
sizeof(02535f84) =        10036 (      0x2734) bytes (MemoryLeak.Employee)
sizeof(025386b8) =        10036 (      0x2734) bytes (MemoryLeak.Employee)
sizeof(0253adec) =        10036 (      0x2734) bytes (MemoryLeak.Employee)
sizeof(0253d520) =        10036 (      0x2734) bytes (MemoryLeak.Employee)
sizeof(0253fc54) =        10036 (      0x2734) bytes (MemoryLeak.Employee)
sizeof(02542388) =        10036 (      0x2734) bytes (MemoryLeak.Employee)
sizeof(02544abc) =        10036 (      0x2734) bytes (MemoryLeak.Employee)
sizeof(025471f0) =        10036 (      0x2734) bytes (MemoryLeak.Employee)
sizeof(02549924) =        10036 (      0x2734) bytes (MemoryLeak.Employee)
sizeof(0254c058) =        10036 (      0x2734) bytes (MemoryLeak.Employee)
sizeof(0254e78c) =        10036 (      0x2734) bytes (MemoryLeak.Employee)
sizeof(02550ec0) =        10036 (      0x2734) bytes (MemoryLeak.Employee)
sizeof(025535f4) =        10036 (      0x2734) bytes (MemoryLeak.Employee)
sizeof(02555d28) =        10036 (      0x2734) bytes (MemoryLeak.Employee)
sizeof(0255845c) =        10036 (      0x2734) bytes (MemoryLeak.Employee)
sizeof(0255ab90) =        10036 (      0x2734) bytes (MemoryLeak.Employee)
sizeof(0255d2c4) =        10036 (      0x2734) bytes (MemoryLeak.Employee)
sizeof(0255f9f8) =        10036 (      0x2734) bytes (MemoryLeak.Employee)
sizeof(0256212c) =        10036 (      0x2734) bytes (MemoryLeak.Employee)
sizeof(02564860) =        10036 (      0x2734) bytes (MemoryLeak.Employee)
sizeof(02566f94) =        10036 (      0x2734) bytes (MemoryLeak.Employee)
sizeof(025696c8) =        10036 (      0x2734) bytes (MemoryLeak.Employee)
sizeof(0256bdfc) =        10036 (      0x2734) bytes (MemoryLeak.Employee)
sizeof(0256e530) =        10036 (      0x2734) bytes (MemoryLeak.Employee)
sizeof(02570c64) =        10036 (      0x2734) bytes (MemoryLeak.Employee)
sizeof(02573398) =        10036 (      0x2734) bytes (MemoryLeak.Employee)
sizeof(02575acc) =        10036 (      0x2734) bytes (MemoryLeak.Employee)
sizeof(02578200) =        10036 (      0x2734) bytes (MemoryLeak.Employee)
sizeof(0257a934) =        10036 (      0x2734) bytes (MemoryLeak.Employee)
sizeof(0257d068) =        10036 (      0x2734) bytes (MemoryLeak.Employee)
sizeof(0257f79c) =        10036 (      0x2734) bytes (MemoryLeak.Employee)
sizeof(02581ed0) =        10036 (      0x2734) bytes (MemoryLeak.Employee)
sizeof(02584604) =        10036 (      0x2734) bytes (MemoryLeak.Employee)
sizeof(02586d38) =        10036 (      0x2734) bytes (MemoryLeak.Employee)
sizeof(0258946c) =        10036 (      0x2734) bytes (MemoryLeak.Employee)
sizeof(0258bba0) =        10036 (      0x2734) bytes (MemoryLeak.Employee)
sizeof(0258e2d4) =        10036 (      0x2734) bytes (MemoryLeak.Employee)
sizeof(02590a08) =        10036 (      0x2734) bytes (MemoryLeak.Employee)
sizeof(0259313c) =        10036 (      0x2734) bytes (MemoryLeak.Employee)
sizeof(02595870) =        10036 (      0x2734) bytes (MemoryLeak.Employee)
sizeof(02597fa4) =        10036 (      0x2734) bytes (MemoryLeak.Employee)
sizeof(0259a6d8) =        10036 (      0x2734) bytes (MemoryLeak.Employee)
sizeof(0259ce0c) =        10036 (      0x2734) bytes (MemoryLeak.Employee)
sizeof(0259f540) =        10036 (      0x2734) bytes (MemoryLeak.Employee)
sizeof(025a1c74) =        10036 (      0x2734) bytes (MemoryLeak.Employee)
sizeof(025a43a8) =        10036 (      0x2734) bytes (MemoryLeak.Employee)
sizeof(025a6adc) =        10036 (      0x2734) bytes (MemoryLeak.Employee)
sizeof(025a9210) =        10036 (      0x2734) bytes (MemoryLeak.Employee)
sizeof(025ab944) =        10036 (      0x2734) bytes (MemoryLeak.Employee)
sizeof(025ae078) =        10036 (      0x2734) bytes (MemoryLeak.Employee)
sizeof(025b07ac) =        10036 (      0x2734) bytes (MemoryLeak.Employee)
sizeof(025b2ee0) =        10036 (      0x2734) bytes (MemoryLeak.Employee)
sizeof(025b5614) =        10036 (      0x2734) bytes (MemoryLeak.Employee)
sizeof(025b7d48) =        10036 (      0x2734) bytes (MemoryLeak.Employee)
sizeof(025ba47c) =        10036 (      0x2734) bytes (MemoryLeak.Employee)
sizeof(025bcbb0) =        10036 (      0x2734) bytes (MemoryLeak.Employee)
sizeof(025bf2e4) =        10036 (      0x2734) bytes (MemoryLeak.Employee)
sizeof(025c1a18) =        10036 (      0x2734) bytes (MemoryLeak.Employee)
sizeof(025c414c) =        10036 (      0x2734) bytes (MemoryLeak.Employee)
sizeof(025c6880) =        10036 (      0x2734) bytes (MemoryLeak.Employee)
sizeof(025c8fb4) =        10036 (      0x2734) bytes (MemoryLeak.Employee)
sizeof(025cb6e8) =        10036 (      0x2734) bytes (MemoryLeak.Employee)
sizeof(025cde1c) =        10036 (      0x2734) bytes (MemoryLeak.Employee)
sizeof(025d0550) =        10036 (      0x2734) bytes (MemoryLeak.Employee)
sizeof(025d2c84) =        10036 (      0x2734) bytes (MemoryLeak.Employee)
sizeof(025d53b8) =        10036 (      0x2734) bytes (MemoryLeak.Employee)
sizeof(025d7aec) =        10036 (      0x2734) bytes (MemoryLeak.Employee)
sizeof(025da220) =        10036 (      0x2734) bytes (MemoryLeak.Employee)
sizeof(025dc954) =        10036 (      0x2734) bytes (MemoryLeak.Employee)
sizeof(025df088) =        10036 (      0x2734) bytes (MemoryLeak.Employee)
sizeof(025e17bc) =        10036 (      0x2734) bytes (MemoryLeak.Employee)
sizeof(025e3ef0) =        10036 (      0x2734) bytes (MemoryLeak.Employee)
sizeof(025e6624) =        10036 (      0x2734) bytes (MemoryLeak.Employee)
sizeof(025e8d58) =        10036 (      0x2734) bytes (MemoryLeak.Employee)
sizeof(025eb48c) =        10036 (      0x2734) bytes (MemoryLeak.Employee)
sizeof(025edbc0) =        10036 (      0x2734) bytes (MemoryLeak.Employee)
sizeof(025f02f4) =        10036 (      0x2734) bytes (MemoryLeak.Employee)
sizeof(025f2a28) =        10036 (      0x2734) bytes (MemoryLeak.Employee)
sizeof(025f515c) =        10036 (      0x2734) bytes (MemoryLeak.Employee)
sizeof(025f7890) =        10036 (      0x2734) bytes (MemoryLeak.Employee)
sizeof(025f9fc4) =        10036 (      0x2734) bytes (MemoryLeak.Employee)
sizeof(025fc6f8) =        10036 (      0x2734) bytes (MemoryLeak.Employee)
sizeof(025fee2c) =        10036 (      0x2734) bytes (MemoryLeak.Employee)
sizeof(02601560) =        10036 (      0x2734) bytes (MemoryLeak.Employee)
sizeof(02603c94) =        10036 (      0x2734) bytes (MemoryLeak.Employee)
sizeof(026063c8) =        10036 (      0x2734) bytes (MemoryLeak.Employee)
sizeof(02608afc) =        10036 (      0x2734) bytes (MemoryLeak.Employee)
sizeof(0260b230) =        10036 (      0x2734) bytes (MemoryLeak.Employee)
sizeof(0260d964) =        10036 (      0x2734) bytes (MemoryLeak.Employee)
sizeof(02610098) =        10036 (      0x2734) bytes (MemoryLeak.Employee)
sizeof(026127cc) =        10036 (      0x2734) bytes (MemoryLeak.Employee)
sizeof(02614f00) =        10036 (      0x2734) bytes (MemoryLeak.Employee)
sizeof(02617634) =        10036 (      0x2734) bytes (MemoryLeak.Employee)
sizeof(02619d68) =        10036 (      0x2734) bytes (MemoryLeak.Employee)
sizeof(0261c49c) =        10036 (      0x2734) bytes (MemoryLeak.Employee)
sizeof(0261ebd0) =        10036 (      0x2734) bytes (MemoryLeak.Employee)
sizeof(02621304) =        10036 (      0x2734) bytes (MemoryLeak.Employee)
sizeof(02623a38) =        10036 (      0x2734) bytes (MemoryLeak.Employee)
sizeof(0262616c) =        10036 (      0x2734) bytes (MemoryLeak.Employee)
sizeof(026288a0) =        10036 (      0x2734) bytes (MemoryLeak.Employee)
sizeof(0262afd4) =        10036 (      0x2734) bytes (MemoryLeak.Employee)
sizeof(0262d708) =        10036 (      0x2734) bytes (MemoryLeak.Employee)
sizeof(0262fe3c) =        10036 (      0x2734) bytes (MemoryLeak.Employee)
sizeof(02632570) =        10036 (      0x2734) bytes (MemoryLeak.Employee)
sizeof(02634ca4) =        10036 (      0x2734) bytes (MemoryLeak.Employee)
sizeof(026373d8) =        10036 (      0x2734) bytes (MemoryLeak.Employee)
sizeof(02639b0c) =        10036 (      0x2734) bytes (MemoryLeak.Employee)
sizeof(0263c240) =        10036 (      0x2734) bytes (MemoryLeak.Employee)
sizeof(0263e974) =        10036 (      0x2734) bytes (MemoryLeak.Employee)
sizeof(026410a8) =        10036 (      0x2734) bytes (MemoryLeak.Employee)
sizeof(026437dc) =        10036 (      0x2734) bytes (MemoryLeak.Employee)
sizeof(02645f10) =        10036 (      0x2734) bytes (MemoryLeak.Employee)
sizeof(02648644) =        10036 (      0x2734) bytes (MemoryLeak.Employee)
sizeof(0264ad78) =        10036 (      0x2734) bytes (MemoryLeak.Employee)
sizeof(0264d4ac) =        10036 (      0x2734) bytes (MemoryLeak.Employee)
sizeof(0264fbe0) =        10036 (      0x2734) bytes (MemoryLeak.Employee)
sizeof(02652314) =        10036 (      0x2734) bytes (MemoryLeak.Employee)
sizeof(02654a48) =        10036 (      0x2734) bytes (MemoryLeak.Employee)
sizeof(0265717c) =        10036 (      0x2734) bytes (MemoryLeak.Employee)
sizeof(026598b0) =        10036 (      0x2734) bytes (MemoryLeak.Employee)
sizeof(0265bfe4) =        10036 (      0x2734) bytes (MemoryLeak.Employee)
sizeof(02660e4c) =        10036 (      0x2734) bytes (MemoryLeak.Employee)
sizeof(02660e64) =        10036 (      0x2734) bytes (MemoryLeak.Employee)
sizeof(02663598) =        10036 (      0x2734) bytes (MemoryLeak.Employee)
sizeof(02665ccc) =        10036 (      0x2734) bytes (MemoryLeak.Employee)
sizeof(02668400) =        10036 (      0x2734) bytes (MemoryLeak.Employee)
sizeof(0266ab34) =        10036 (      0x2734) bytes (MemoryLeak.Employee)
sizeof(0266d268) =        10036 (      0x2734) bytes (MemoryLeak.Employee)
sizeof(0266f99c) =        10036 (      0x2734) bytes (MemoryLeak.Employee)
sizeof(026720d0) =        10036 (      0x2734) bytes (MemoryLeak.Employee)
sizeof(02674804) =        10036 (      0x2734) bytes (MemoryLeak.Employee)
sizeof(02676f38) =        10036 (      0x2734) bytes (MemoryLeak.Employee)
sizeof(0267966c) =        10036 (      0x2734) bytes (MemoryLeak.Employee)
sizeof(0267bda0) =        10036 (      0x2734) bytes (MemoryLeak.Employee)
sizeof(0267e4d4) =        10036 (      0x2734) bytes (MemoryLeak.Employee)
sizeof(02680c08) =        10036 (      0x2734) bytes (MemoryLeak.Employee)
sizeof(0268333c) =        10036 (      0x2734) bytes (MemoryLeak.Employee)
sizeof(02685a70) =        10036 (      0x2734) bytes (MemoryLeak.Employee)
sizeof(026881a4) =        10036 (      0x2734) bytes (MemoryLeak.Employee)
sizeof(0268a8d8) =        10036 (      0x2734) bytes (MemoryLeak.Employee)
sizeof(0268d00c) =        10036 (      0x2734) bytes (MemoryLeak.Employee)
sizeof(0268f740) =        10036 (      0x2734) bytes (MemoryLeak.Employee)
sizeof(02691e74) =        10036 (      0x2734) bytes (MemoryLeak.Employee)
sizeof(026945a8) =        10036 (      0x2734) bytes (MemoryLeak.Employee)
sizeof(02696cdc) =        10036 (      0x2734) bytes (MemoryLeak.Employee)
sizeof(02699410) =        10036 (      0x2734) bytes (MemoryLeak.Employee)
sizeof(0269bb44) =        10036 (      0x2734) bytes (MemoryLeak.Employee)
sizeof(0269e278) =        10036 (      0x2734) bytes (MemoryLeak.Employee)
sizeof(026a09ac) =        10036 (      0x2734) bytes (MemoryLeak.Employee)
sizeof(026a30e0) =        10036 (      0x2734) bytes (MemoryLeak.Employee)
sizeof(026a5814) =        10036 (      0x2734) bytes (MemoryLeak.Employee)
sizeof(026a7f48) =        10036 (      0x2734) bytes (MemoryLeak.Employee)
sizeof(026aa67c) =        10036 (      0x2734) bytes (MemoryLeak.Employee)
sizeof(026acdb0) =        10036 (      0x2734) bytes (MemoryLeak.Employee)
sizeof(026af4e4) =        10036 (      0x2734) bytes (MemoryLeak.Employee)
sizeof(026b1c18) =        10036 (      0x2734) bytes (MemoryLeak.Employee)
sizeof(026b434c) =        10036 (      0x2734) bytes (MemoryLeak.Employee)
sizeof(026b6a80) =        10036 (      0x2734) bytes (MemoryLeak.Employee)
sizeof(026b91b4) =        10036 (      0x2734) bytes (MemoryLeak.Employee)
sizeof(026bb8e8) =        10036 (      0x2734) bytes (MemoryLeak.Employee)
sizeof(026be01c) =        10036 (      0x2734) bytes (MemoryLeak.Employee)
sizeof(026c0750) =        10036 (      0x2734) bytes (MemoryLeak.Employee)
sizeof(026c2e84) =        10036 (      0x2734) bytes (MemoryLeak.Employee)
sizeof(026c55b8) =        10036 (      0x2734) bytes (MemoryLeak.Employee)
sizeof(026c7cec) =        10036 (      0x2734) bytes (MemoryLeak.Employee)
sizeof(026ca420) =        10036 (      0x2734) bytes (MemoryLeak.Employee)
sizeof(026ccb54) =        10036 (      0x2734) bytes (MemoryLeak.Employee)
sizeof(026cf288) =        10036 (      0x2734) bytes (MemoryLeak.Employee)
sizeof(026d19bc) =        10036 (      0x2734) bytes (MemoryLeak.Employee)
sizeof(026d40f0) =        10036 (      0x2734) bytes (MemoryLeak.Employee)
sizeof(026d6824) =        10036 (      0x2734) bytes (MemoryLeak.Employee)
sizeof(026d8f58) =        10036 (      0x2734) bytes (MemoryLeak.Employee)
sizeof(026db68c) =        10036 (      0x2734) bytes (MemoryLeak.Employee)
sizeof(026dddc0) =        10036 (      0x2734) bytes (MemoryLeak.Employee)
sizeof(026e04f4) =        10036 (      0x2734) bytes (MemoryLeak.Employee)
sizeof(026e2c28) =        10036 (      0x2734) bytes (MemoryLeak.Employee)
sizeof(026e535c) =        10036 (      0x2734) bytes (MemoryLeak.Employee)
sizeof(026e7a90) =        10036 (      0x2734) bytes (MemoryLeak.Employee)
sizeof(026ea1c4) =        10036 (      0x2734) bytes (MemoryLeak.Employee)
sizeof(026ec8f8) =        10036 (      0x2734) bytes (MemoryLeak.Employee)
sizeof(026ef02c) =        10036 (      0x2734) bytes (MemoryLeak.Employee)
sizeof(026f1760) =        10036 (      0x2734) bytes (MemoryLeak.Employee)
sizeof(026f3e94) =        10036 (      0x2734) bytes (MemoryLeak.Employee)
sizeof(026f65c8) =        10036 (      0x2734) bytes (MemoryLeak.Employee)
sizeof(026f8cfc) =        10036 (      0x2734) bytes (MemoryLeak.Employee)
sizeof(026fb430) =        10036 (      0x2734) bytes (MemoryLeak.Employee)
sizeof(026fdb64) =        10036 (      0x2734) bytes (MemoryLeak.Employee)
sizeof(02700298) =        10036 (      0x2734) bytes (MemoryLeak.Employee)
sizeof(027029cc) =        10036 (      0x2734) bytes (MemoryLeak.Employee)
sizeof(02705100) =        10036 (      0x2734) bytes (MemoryLeak.Employee)
sizeof(02707834) =        10036 (      0x2734) bytes (MemoryLeak.Employee)
sizeof(02709f68) =        10036 (      0x2734) bytes (MemoryLeak.Employee)
sizeof(0270c69c) =        10036 (      0x2734) bytes (MemoryLeak.Employee)
sizeof(0270edd0) =        10036 (      0x2734) bytes (MemoryLeak.Employee)
sizeof(02711504) =        10036 (      0x2734) bytes (MemoryLeak.Employee)
sizeof(02713c38) =        10036 (      0x2734) bytes (MemoryLeak.Employee)
sizeof(0271636c) =        10036 (      0x2734) bytes (MemoryLeak.Employee)
sizeof(02718aa0) =        10036 (      0x2734) bytes (MemoryLeak.Employee)
sizeof(0271b1d4) =        10036 (      0x2734) bytes (MemoryLeak.Employee)
sizeof(0271d908) =        10036 (      0x2734) bytes (MemoryLeak.Employee)
sizeof(0272003c) =        10036 (      0x2734) bytes (MemoryLeak.Employee)
sizeof(02722770) =        10036 (      0x2734) bytes (MemoryLeak.Employee)
sizeof(02724ea4) =        10036 (      0x2734) bytes (MemoryLeak.Employee)
sizeof(027275d8) =        10036 (      0x2734) bytes (MemoryLeak.Employee)
sizeof(02729d0c) =        10036 (      0x2734) bytes (MemoryLeak.Employee)
sizeof(0272c440) =        10036 (      0x2734) bytes (MemoryLeak.Employee)
sizeof(0272eb74) =        10036 (      0x2734) bytes (MemoryLeak.Employee)
sizeof(027312a8) =        10036 (      0x2734) bytes (MemoryLeak.Employee)
sizeof(027339dc) =        10036 (      0x2734) bytes (MemoryLeak.Employee)
sizeof(02736110) =        10036 (      0x2734) bytes (MemoryLeak.Employee)
sizeof(02738844) =        10036 (      0x2734) bytes (MemoryLeak.Employee)
sizeof(0273af78) =        10036 (      0x2734) bytes (MemoryLeak.Employee)
sizeof(0273d6ac) =        10036 (      0x2734) bytes (MemoryLeak.Employee)
sizeof(0273fde0) =        10036 (      0x2734) bytes (MemoryLeak.Employee)
sizeof(02742514) =        10036 (      0x2734) bytes (MemoryLeak.Employee)
sizeof(02744c48) =        10036 (      0x2734) bytes (MemoryLeak.Employee)
sizeof(0274737c) =        10036 (      0x2734) bytes (MemoryLeak.Employee)
sizeof(02749ab0) =        10036 (      0x2734) bytes (MemoryLeak.Employee)
sizeof(0274c1e4) =        10036 (      0x2734) bytes (MemoryLeak.Employee)
sizeof(0274e918) =        10036 (      0x2734) bytes (MemoryLeak.Employee)
sizeof(0275104c) =        10036 (      0x2734) bytes (MemoryLeak.Employee)
sizeof(02753780) =        10036 (      0x2734) bytes (MemoryLeak.Employee)
sizeof(02755eb4) =        10036 (      0x2734) bytes (MemoryLeak.Employee)
sizeof(027585e8) =        10036 (      0x2734) bytes (MemoryLeak.Employee)
sizeof(0275ad1c) =        10036 (      0x2734) bytes (MemoryLeak.Employee)
sizeof(0275d450) =        10036 (      0x2734) bytes (MemoryLeak.Employee)
sizeof(0275fb84) =        10036 (      0x2734) bytes (MemoryLeak.Employee)
sizeof(027622b8) =        10036 (      0x2734) bytes (MemoryLeak.Employee)
sizeof(027649ec) =        10036 (      0x2734) bytes (MemoryLeak.Employee)
sizeof(02767120) =        10036 (      0x2734) bytes (MemoryLeak.Employee)
sizeof(02769854) =        10036 (      0x2734) bytes (MemoryLeak.Employee)
sizeof(0276bf88) =        10036 (      0x2734) bytes (MemoryLeak.Employee)
sizeof(0276e6bc) =        10036 (      0x2734) bytes (MemoryLeak.Employee)
sizeof(02770df0) =        10036 (      0x2734) bytes (MemoryLeak.Employee)
sizeof(02773524) =        10036 (      0x2734) bytes (MemoryLeak.Employee)
sizeof(02775c58) =        10036 (      0x2734) bytes (MemoryLeak.Employee)
sizeof(0277838c) =        10036 (      0x2734) bytes (MemoryLeak.Employee)
sizeof(0277aac0) =        10036 (      0x2734) bytes (MemoryLeak.Employee)
sizeof(0277d1f4) =        10036 (      0x2734) bytes (MemoryLeak.Employee)
sizeof(0277f928) =        10036 (      0x2734) bytes (MemoryLeak.Employee)
sizeof(0278205c) =        10036 (      0x2734) bytes (MemoryLeak.Employee)
sizeof(02784790) =        10036 (      0x2734) bytes (MemoryLeak.Employee)
sizeof(02786ec4) =        10036 (      0x2734) bytes (MemoryLeak.Employee)
sizeof(027895f8) =        10036 (      0x2734) bytes (MemoryLeak.Employee)
sizeof(0278bd2c) =        10036 (      0x2734) bytes (MemoryLeak.Employee)
sizeof(0278e460) =        10036 (      0x2734) bytes (MemoryLeak.Employee)
sizeof(02790b94) =        10036 (      0x2734) bytes (MemoryLeak.Employee)
sizeof(027932c8) =        10036 (      0x2734) bytes (MemoryLeak.Employee)
sizeof(027959fc) =        10036 (      0x2734) bytes (MemoryLeak.Employee)
sizeof(02798130) =        10036 (      0x2734) bytes (MemoryLeak.Employee)
sizeof(0279a864) =        10036 (      0x2734) bytes (MemoryLeak.Employee)
sizeof(0279cf98) =        10036 (      0x2734) bytes (MemoryLeak.Employee)
sizeof(0279f6cc) =        10036 (      0x2734) bytes (MemoryLeak.Employee)
sizeof(027a1e00) =        10036 (      0x2734) bytes (MemoryLeak.Employee)
sizeof(027a4534) =        10036 (      0x2734) bytes (MemoryLeak.Employee)
sizeof(027a6c68) =        10036 (      0x2734) bytes (MemoryLeak.Employee)
sizeof(027a939c) =        10036 (      0x2734) bytes (MemoryLeak.Employee)
sizeof(027abad0) =        10036 (      0x2734) bytes (MemoryLeak.Employee)
sizeof(027ae204) =        10036 (      0x2734) bytes (MemoryLeak.Employee)
sizeof(027b0938) =        10036 (      0x2734) bytes (MemoryLeak.Employee)
sizeof(027b306c) =        10036 (      0x2734) bytes (MemoryLeak.Employee)
sizeof(027b57a0) =        10036 (      0x2734) bytes (MemoryLeak.Employee)
sizeof(027b7ed4) =        10036 (      0x2734) bytes (MemoryLeak.Employee)
sizeof(027ba608) =        10036 (      0x2734) bytes (MemoryLeak.Employee)
sizeof(027bcd3c) =        10036 (      0x2734) bytes (MemoryLeak.Employee)
sizeof(027bf470) =        10036 (      0x2734) bytes (MemoryLeak.Employee)
sizeof(027c1ba4) =        10036 (      0x2734) bytes (MemoryLeak.Employee)
sizeof(027c42d8) =        10036 (      0x2734) bytes (MemoryLeak.Employee)
sizeof(027c6a0c) =        10036 (      0x2734) bytes (MemoryLeak.Employee)
sizeof(027c9140) =        10036 (      0x2734) bytes (MemoryLeak.Employee)
sizeof(027cb874) =        10036 (      0x2734) bytes (MemoryLeak.Employee)
sizeof(027cdfa8) =        10036 (      0x2734) bytes (MemoryLeak.Employee)
sizeof(027d06dc) =        10036 (      0x2734) bytes (MemoryLeak.Employee)
sizeof(027d2e10) =        10036 (      0x2734) bytes (MemoryLeak.Employee)
sizeof(027d5544) =        10036 (      0x2734) bytes (MemoryLeak.Employee)
sizeof(027d7c78) =        10036 (      0x2734) bytes (MemoryLeak.Employee)
sizeof(027da3ac) =        10036 (      0x2734) bytes (MemoryLeak.Employee)
sizeof(027dcae0) =        10036 (      0x2734) bytes (MemoryLeak.Employee)
sizeof(027df214) =        10036 (      0x2734) bytes (MemoryLeak.Employee)
sizeof(027e1948) =        10036 (      0x2734) bytes (MemoryLeak.Employee)
sizeof(027e407c) =        10036 (      0x2734) bytes (MemoryLeak.Employee)
sizeof(027e67b0) =        10036 (      0x2734) bytes (MemoryLeak.Employee)
sizeof(027e8ee4) =        10036 (      0x2734) bytes (MemoryLeak.Employee)
sizeof(027eb618) =        10036 (      0x2734) bytes (MemoryLeak.Employee)
sizeof(027edd4c) =        10036 (      0x2734) bytes (MemoryLeak.Employee)
sizeof(027f0480) =        10036 (      0x2734) bytes (MemoryLeak.Employee)
sizeof(027f2bb4) =        10036 (      0x2734) bytes (MemoryLeak.Employee)
sizeof(027f52e8) =        10036 (      0x2734) bytes (MemoryLeak.Employee)
sizeof(027f7a1c) =        10036 (      0x2734) bytes (MemoryLeak.Employee)
sizeof(027fa150) =        10036 (      0x2734) bytes (MemoryLeak.Employee)
sizeof(027fc884) =        10036 (      0x2734) bytes (MemoryLeak.Employee)
sizeof(027fefb8) =        10036 (      0x2734) bytes (MemoryLeak.Employee)
sizeof(028016ec) =        10036 (      0x2734) bytes (MemoryLeak.Employee)
sizeof(02803e20) =        10036 (      0x2734) bytes (MemoryLeak.Employee)
sizeof(02806554) =        10036 (      0x2734) bytes (MemoryLeak.Employee)
sizeof(02808c88) =        10036 (      0x2734) bytes (MemoryLeak.Employee)
sizeof(0280b3bc) =        10036 (      0x2734) bytes (MemoryLeak.Employee)
sizeof(0280daf0) =        10036 (      0x2734) bytes (MemoryLeak.Employee)
sizeof(02810224) =        10036 (      0x2734) bytes (MemoryLeak.Employee)
sizeof(02812958) =        10036 (      0x2734) bytes (MemoryLeak.Employee)
sizeof(0281508c) =        10036 (      0x2734) bytes (MemoryLeak.Employee)
sizeof(028177c0) =        10036 (      0x2734) bytes (MemoryLeak.Employee)
sizeof(02819ef4) =        10036 (      0x2734) bytes (MemoryLeak.Employee)
sizeof(0281c628) =        10036 (      0x2734) bytes (MemoryLeak.Employee)
sizeof(0281ed5c) =        10036 (      0x2734) bytes (MemoryLeak.Employee)
sizeof(02821490) =        10036 (      0x2734) bytes (MemoryLeak.Employee)
sizeof(02823bc4) =        10036 (      0x2734) bytes (MemoryLeak.Employee)
sizeof(028262f8) =        10036 (      0x2734) bytes (MemoryLeak.Employee)
sizeof(02828a2c) =        10036 (      0x2734) bytes (MemoryLeak.Employee)
sizeof(0282b160) =        10036 (      0x2734) bytes (MemoryLeak.Employee)
sizeof(0282d894) =        10036 (      0x2734) bytes (MemoryLeak.Employee)
sizeof(0282ffc8) =        10036 (      0x2734) bytes (MemoryLeak.Employee)
sizeof(028326fc) =        10036 (      0x2734) bytes (MemoryLeak.Employee)
sizeof(02834e30) =        10036 (      0x2734) bytes (MemoryLeak.Employee)
sizeof(02837564) =        10036 (      0x2734) bytes (MemoryLeak.Employee)
sizeof(02839c98) =        10036 (      0x2734) bytes (MemoryLeak.Employee)
sizeof(0283c3cc) =        10036 (      0x2734) bytes (MemoryLeak.Employee)
sizeof(0283eb00) =        10036 (      0x2734) bytes (MemoryLeak.Employee)
sizeof(02841234) =        10036 (      0x2734) bytes (MemoryLeak.Employee)
sizeof(02843968) =        10036 (      0x2734) bytes (MemoryLeak.Employee)
sizeof(0284609c) =        10036 (      0x2734) bytes (MemoryLeak.Employee)
sizeof(028487d0) =        10036 (      0x2734) bytes (MemoryLeak.Employee)
sizeof(0284af04) =        10036 (      0x2734) bytes (MemoryLeak.Employee)
sizeof(0284d638) =        10036 (      0x2734) bytes (MemoryLeak.Employee)
sizeof(0284fd6c) =        10036 (      0x2734) bytes (MemoryLeak.Employee)
sizeof(028524a0) =        10036 (      0x2734) bytes (MemoryLeak.Employee)
sizeof(02854bd4) =        10036 (      0x2734) bytes (MemoryLeak.Employee)
sizeof(02857308) =        10036 (      0x2734) bytes (MemoryLeak.Employee)
sizeof(02859a3c) =        10036 (      0x2734) bytes (MemoryLeak.Employee)
sizeof(0285e8a4) =        10036 (      0x2734) bytes (MemoryLeak.Employee)
sizeof(0286370c) =        10036 (      0x2734) bytes (MemoryLeak.Employee)
sizeof(02865e40) =        10036 (      0x2734) bytes (MemoryLeak.Employee)
sizeof(02868574) =        10036 (      0x2734) bytes (MemoryLeak.Employee)
sizeof(0286aca8) =        10036 (      0x2734) bytes (MemoryLeak.Employee)
sizeof(0286d3dc) =        10036 (      0x2734) bytes (MemoryLeak.Employee)
sizeof(0286fb10) =        10036 (      0x2734) bytes (MemoryLeak.Employee)
sizeof(02872244) =        10036 (      0x2734) bytes (MemoryLeak.Employee)
sizeof(02874978) =        10036 (      0x2734) bytes (MemoryLeak.Employee)
sizeof(028770ac) =        10036 (      0x2734) bytes (MemoryLeak.Employee)
sizeof(028797e0) =        10036 (      0x2734) bytes (MemoryLeak.Employee)
sizeof(0287bf14) =        10036 (      0x2734) bytes (MemoryLeak.Employee)
sizeof(0287e648) =        10036 (      0x2734) bytes (MemoryLeak.Employee)
sizeof(02880d7c) =        10036 (      0x2734) bytes (MemoryLeak.Employee)
sizeof(028834b0) =        10036 (      0x2734) bytes (MemoryLeak.Employee)
sizeof(02885be4) =        10036 (      0x2734) bytes (MemoryLeak.Employee)
sizeof(02888318) =        10036 (      0x2734) bytes (MemoryLeak.Employee)
sizeof(0288aa4c) =        10036 (      0x2734) bytes (MemoryLeak.Employee)
sizeof(0288d180) =        10036 (      0x2734) bytes (MemoryLeak.Employee)
sizeof(0288f8b4) =        10036 (      0x2734) bytes (MemoryLeak.Employee)
sizeof(02891fe8) =        10036 (      0x2734) bytes (MemoryLeak.Employee)
sizeof(0289471c) =        10036 (      0x2734) bytes (MemoryLeak.Employee)
sizeof(02896e50) =        10036 (      0x2734) bytes (MemoryLeak.Employee)
sizeof(02899584) =        10036 (      0x2734) bytes (MemoryLeak.Employee)
sizeof(0289bcb8) =        10036 (      0x2734) bytes (MemoryLeak.Employee)
sizeof(0289e3ec) =        10036 (      0x2734) bytes (MemoryLeak.Employee)
sizeof(028a0b20) =        10036 (      0x2734) bytes (MemoryLeak.Employee)
sizeof(028a3254) =        10036 (      0x2734) bytes (MemoryLeak.Employee)
sizeof(028a5988) =        10036 (      0x2734) bytes (MemoryLeak.Employee)
sizeof(028a80bc) =        10036 (      0x2734) bytes (MemoryLeak.Employee)
sizeof(028aa7f0) =        10036 (      0x2734) bytes (MemoryLeak.Employee)
sizeof(028acf24) =        10036 (      0x2734) bytes (MemoryLeak.Employee)
sizeof(028af658) =        10036 (      0x2734) bytes (MemoryLeak.Employee)
sizeof(028b1d8c) =        10036 (      0x2734) bytes (MemoryLeak.Employee)
sizeof(028b44c0) =        10036 (      0x2734) bytes (MemoryLeak.Employee)
sizeof(028b6bf4) =        10036 (      0x2734) bytes (MemoryLeak.Employee)
sizeof(028b9328) =        10036 (      0x2734) bytes (MemoryLeak.Employee)
sizeof(028bba5c) =        10036 (      0x2734) bytes (MemoryLeak.Employee)
sizeof(028be190) =        10036 (      0x2734) bytes (MemoryLeak.Employee)
sizeof(028c08c4) =        10036 (      0x2734) bytes (MemoryLeak.Employee)
sizeof(028c2ff8) =        10036 (      0x2734) bytes (MemoryLeak.Employee)
sizeof(028c572c) =        10036 (      0x2734) bytes (MemoryLeak.Employee)
sizeof(028c7e60) =        10036 (      0x2734) bytes (MemoryLeak.Employee)
sizeof(028ca594) =        10036 (      0x2734) bytes (MemoryLeak.Employee)
sizeof(028cccc8) =        10036 (      0x2734) bytes (MemoryLeak.Employee)
sizeof(028cf3fc) =        10036 (      0x2734) bytes (MemoryLeak.Employee)
sizeof(028d1b30) =        10036 (      0x2734) bytes (MemoryLeak.Employee)
sizeof(028d4264) =        10036 (      0x2734) bytes (MemoryLeak.Employee)
sizeof(028d6998) =        10036 (      0x2734) bytes (MemoryLeak.Employee)
sizeof(028d90cc) =        10036 (      0x2734) bytes (MemoryLeak.Employee)
sizeof(028db800) =        10036 (      0x2734) bytes (MemoryLeak.Employee)
sizeof(028ddf34) =        10036 (      0x2734) bytes (MemoryLeak.Employee)
sizeof(028e0668) =        10036 (      0x2734) bytes (MemoryLeak.Employee)
sizeof(028e2d9c) =        10036 (      0x2734) bytes (MemoryLeak.Employee)
sizeof(028e54d0) =        10036 (      0x2734) bytes (MemoryLeak.Employee)
sizeof(028e7c04) =        10036 (      0x2734) bytes (MemoryLeak.Employee)
sizeof(028ea338) =        10036 (      0x2734) bytes (MemoryLeak.Employee)
sizeof(028eca6c) =        10036 (      0x2734) bytes (MemoryLeak.Employee)
sizeof(028ef1a0) =        10036 (      0x2734) bytes (MemoryLeak.Employee)
sizeof(028f18d4) =        10036 (      0x2734) bytes (MemoryLeak.Employee)
sizeof(028f4008) =        10036 (      0x2734) bytes (MemoryLeak.Employee)
sizeof(028f673c) =        10036 (      0x2734) bytes (MemoryLeak.Employee)
sizeof(028f8e70) =        10036 (      0x2734) bytes (MemoryLeak.Employee)
sizeof(028fb5a4) =        10036 (      0x2734) bytes (MemoryLeak.Employee)
sizeof(028fdcd8) =        10036 (      0x2734) bytes (MemoryLeak.Employee)
sizeof(0290040c) =        10036 (      0x2734) bytes (MemoryLeak.Employee)
sizeof(02902b40) =        10036 (      0x2734) bytes (MemoryLeak.Employee)
sizeof(02905274) =        10036 (      0x2734) bytes (MemoryLeak.Employee)
sizeof(029079a8) =        10036 (      0x2734) bytes (MemoryLeak.Employee)
sizeof(0290a0dc) =        10036 (      0x2734) bytes (MemoryLeak.Employee)
sizeof(0290c810) =        10036 (      0x2734) bytes (MemoryLeak.Employee)
sizeof(0290ef44) =        10036 (      0x2734) bytes (MemoryLeak.Employee)
sizeof(02911678) =        10036 (      0x2734) bytes (MemoryLeak.Employee)
sizeof(02913dac) =        10036 (      0x2734) bytes (MemoryLeak.Employee)
sizeof(029164e0) =        10036 (      0x2734) bytes (MemoryLeak.Employee)
sizeof(02918c14) =        10036 (      0x2734) bytes (MemoryLeak.Employee)
sizeof(0291b348) =        10036 (      0x2734) bytes (MemoryLeak.Employee)
sizeof(0291da7c) =        10036 (      0x2734) bytes (MemoryLeak.Employee)
sizeof(029201b0) =        10036 (      0x2734) bytes (MemoryLeak.Employee)
sizeof(029228e4) =        10036 (      0x2734) bytes (MemoryLeak.Employee)
sizeof(02925018) =        10036 (      0x2734) bytes (MemoryLeak.Employee)
sizeof(0292774c) =        10036 (      0x2734) bytes (MemoryLeak.Employee)
sizeof(02929e80) =        10036 (      0x2734) bytes (MemoryLeak.Employee)
sizeof(0292c5b4) =        10036 (      0x2734) bytes (MemoryLeak.Employee)
sizeof(0292ece8) =        10036 (      0x2734) bytes (MemoryLeak.Employee)
sizeof(0293141c) =        10036 (      0x2734) bytes (MemoryLeak.Employee)
sizeof(02933b50) =        10036 (      0x2734) bytes (MemoryLeak.Employee)
sizeof(02936284) =        10036 (      0x2734) bytes (MemoryLeak.Employee)
sizeof(029389b8) =        10036 (      0x2734) bytes (MemoryLeak.Employee)
sizeof(0293b0ec) =        10036 (      0x2734) bytes (MemoryLeak.Employee)
sizeof(0293d820) =        10036 (      0x2734) bytes (MemoryLeak.Employee)
sizeof(0293ff54) =        10036 (      0x2734) bytes (MemoryLeak.Employee)
sizeof(02942688) =        10036 (      0x2734) bytes (MemoryLeak.Employee)
sizeof(02944dbc) =        10036 (      0x2734) bytes (MemoryLeak.Employee)
sizeof(029474f0) =        10036 (      0x2734) bytes (MemoryLeak.Employee)
sizeof(02949c24) =        10036 (      0x2734) bytes (MemoryLeak.Employee)
sizeof(0294c358) =        10036 (      0x2734) bytes (MemoryLeak.Employee)
sizeof(0294ea8c) =        10036 (      0x2734) bytes (MemoryLeak.Employee)
sizeof(029511c0) =        10036 (      0x2734) bytes (MemoryLeak.Employee)
sizeof(029538f4) =        10036 (      0x2734) bytes (MemoryLeak.Employee)
sizeof(02956028) =        10036 (      0x2734) bytes (MemoryLeak.Employee)
sizeof(0295875c) =        10036 (      0x2734) bytes (MemoryLeak.Employee)
sizeof(0295ae90) =        10036 (      0x2734) bytes (MemoryLeak.Employee)
sizeof(0295d5c4) =        10036 (      0x2734) bytes (MemoryLeak.Employee)
sizeof(0295fcf8) =        10036 (      0x2734) bytes (MemoryLeak.Employee)
sizeof(0296242c) =        10036 (      0x2734) bytes (MemoryLeak.Employee)
sizeof(02964b60) =        10036 (      0x2734) bytes (MemoryLeak.Employee)
sizeof(02967294) =        10036 (      0x2734) bytes (MemoryLeak.Employee)
sizeof(029699c8) =        10036 (      0x2734) bytes (MemoryLeak.Employee)
sizeof(0296c0fc) =        10036 (      0x2734) bytes (MemoryLeak.Employee)
sizeof(0296e830) =        10036 (      0x2734) bytes (MemoryLeak.Employee)
sizeof(02970f64) =        10036 (      0x2734) bytes (MemoryLeak.Employee)
sizeof(02973698) =        10036 (      0x2734) bytes (MemoryLeak.Employee)
sizeof(02975dcc) =        10036 (      0x2734) bytes (MemoryLeak.Employee)
sizeof(02978500) =        10036 (      0x2734) bytes (MemoryLeak.Employee)
sizeof(0297ac34) =        10036 (      0x2734) bytes (MemoryLeak.Employee)
sizeof(0297d368) =        10036 (      0x2734) bytes (MemoryLeak.Employee)
sizeof(0297fa9c) =        10036 (      0x2734) bytes (MemoryLeak.Employee)
sizeof(029821d0) =        10036 (      0x2734) bytes (MemoryLeak.Employee)
sizeof(02984904) =        10036 (      0x2734) bytes (MemoryLeak.Employee)
sizeof(02987038) =        10036 (      0x2734) bytes (MemoryLeak.Employee)
sizeof(0298976c) =        10036 (      0x2734) bytes (MemoryLeak.Employee)
sizeof(0298bea0) =        10036 (      0x2734) bytes (MemoryLeak.Employee)
sizeof(0298e5d4) =        10036 (      0x2734) bytes (MemoryLeak.Employee)
sizeof(02990d08) =        10036 (      0x2734) bytes (MemoryLeak.Employee)
sizeof(0299343c) =        10036 (      0x2734) bytes (MemoryLeak.Employee)
sizeof(02995b70) =        10036 (      0x2734) bytes (MemoryLeak.Employee)
sizeof(029982a4) =        10036 (      0x2734) bytes (MemoryLeak.Employee)
sizeof(0299a9d8) =        10036 (      0x2734) bytes (MemoryLeak.Employee)
sizeof(0299d10c) =        10036 (      0x2734) bytes (MemoryLeak.Employee)
sizeof(0299f840) =        10036 (      0x2734) bytes (MemoryLeak.Employee)
sizeof(029a1f74) =        10036 (      0x2734) bytes (MemoryLeak.Employee)
sizeof(029a46a8) =        10036 (      0x2734) bytes (MemoryLeak.Employee)
sizeof(029a6ddc) =        10036 (      0x2734) bytes (MemoryLeak.Employee)
sizeof(029a9510) =        10036 (      0x2734) bytes (MemoryLeak.Employee)
sizeof(029abc44) =        10036 (      0x2734) bytes (MemoryLeak.Employee)
sizeof(029ae378) =        10036 (      0x2734) bytes (MemoryLeak.Employee)
sizeof(029b0aac) =        10036 (      0x2734) bytes (MemoryLeak.Employee)
sizeof(029b31e0) =        10036 (      0x2734) bytes (MemoryLeak.Employee)
sizeof(029b5914) =        10036 (      0x2734) bytes (MemoryLeak.Employee)
sizeof(029b8048) =        10036 (      0x2734) bytes (MemoryLeak.Employee)
sizeof(029ba77c) =        10036 (      0x2734) bytes (MemoryLeak.Employee)
sizeof(029bceb0) =        10036 (      0x2734) bytes (MemoryLeak.Employee)
sizeof(029bf5e4) =        10036 (      0x2734) bytes (MemoryLeak.Employee)
sizeof(029c1d18) =        10036 (      0x2734) bytes (MemoryLeak.Employee)
sizeof(029c444c) =        10036 (      0x2734) bytes (MemoryLeak.Employee)
sizeof(029c6b80) =        10036 (      0x2734) bytes (MemoryLeak.Employee)
sizeof(029c92b4) =        10036 (      0x2734) bytes (MemoryLeak.Employee)
sizeof(029cb9e8) =        10036 (      0x2734) bytes (MemoryLeak.Employee)
sizeof(029ce11c) =        10036 (      0x2734) bytes (MemoryLeak.Employee)
sizeof(029d0850) =        10036 (      0x2734) bytes (MemoryLeak.Employee)
sizeof(029d2f84) =        10036 (      0x2734) bytes (MemoryLeak.Employee)
sizeof(029d56b8) =        10036 (      0x2734) bytes (MemoryLeak.Employee)
sizeof(029d7dec) =        10036 (      0x2734) bytes (MemoryLeak.Employee)
sizeof(029da520) =        10036 (      0x2734) bytes (MemoryLeak.Employee)
sizeof(029dcc54) =        10036 (      0x2734) bytes (MemoryLeak.Employee)
sizeof(029df388) =        10036 (      0x2734) bytes (MemoryLeak.Employee)
sizeof(029e1abc) =        10036 (      0x2734) bytes (MemoryLeak.Employee)
sizeof(029e41f0) =        10036 (      0x2734) bytes (MemoryLeak.Employee)
sizeof(029e6924) =        10036 (      0x2734) bytes (MemoryLeak.Employee)
sizeof(029e9058) =        10036 (      0x2734) bytes (MemoryLeak.Employee)
sizeof(029eb78c) =        10036 (      0x2734) bytes (MemoryLeak.Employee)
sizeof(029edec0) =        10036 (      0x2734) bytes (MemoryLeak.Employee)
sizeof(029f05f4) =        10036 (      0x2734) bytes (MemoryLeak.Employee)
sizeof(029f2d28) =        10036 (      0x2734) bytes (MemoryLeak.Employee)
sizeof(029f545c) =        10036 (      0x2734) bytes (MemoryLeak.Employee)
sizeof(029f7b90) =        10036 (      0x2734) bytes (MemoryLeak.Employee)
sizeof(029fa2c4) =        10036 (      0x2734) bytes (MemoryLeak.Employee)
sizeof(029fc9f8) =        10036 (      0x2734) bytes (MemoryLeak.Employee)
sizeof(029ff12c) =        10036 (      0x2734) bytes (MemoryLeak.Employee)
sizeof(02a01860) =        10036 (      0x2734) bytes (MemoryLeak.Employee)
sizeof(02a03f94) =        10036 (      0x2734) bytes (MemoryLeak.Employee)
sizeof(02a066c8) =        10036 (      0x2734) bytes (MemoryLeak.Employee)
sizeof(02a08dfc) =        10036 (      0x2734) bytes (MemoryLeak.Employee)
sizeof(02a0b530) =        10036 (      0x2734) bytes (MemoryLeak.Employee)
sizeof(02a0dc64) =        10036 (      0x2734) bytes (MemoryLeak.Employee)
sizeof(02a10398) =        10036 (      0x2734) bytes (MemoryLeak.Employee)
sizeof(02a12acc) =        10036 (      0x2734) bytes (MemoryLeak.Employee)
sizeof(02a15200) =        10036 (      0x2734) bytes (MemoryLeak.Employee)
sizeof(02a17934) =        10036 (      0x2734) bytes (MemoryLeak.Employee)
sizeof(02a1a068) =        10036 (      0x2734) bytes (MemoryLeak.Employee)
sizeof(02a1c79c) =        10036 (      0x2734) bytes (MemoryLeak.Employee)
sizeof(02a1eed0) =        10036 (      0x2734) bytes (MemoryLeak.Employee)
sizeof(02a21604) =        10036 (      0x2734) bytes (MemoryLeak.Employee)
sizeof(02a23d38) =        10036 (      0x2734) bytes (MemoryLeak.Employee)
sizeof(02a2646c) =        10036 (      0x2734) bytes (MemoryLeak.Employee)
sizeof(02a28ba0) =        10036 (      0x2734) bytes (MemoryLeak.Employee)
sizeof(02a2b2d4) =        10036 (      0x2734) bytes (MemoryLeak.Employee)
sizeof(02a2da08) =        10036 (      0x2734) bytes (MemoryLeak.Employee)
sizeof(02a3013c) =        10036 (      0x2734) bytes (MemoryLeak.Employee)
sizeof(02a32870) =        10036 (      0x2734) bytes (MemoryLeak.Employee)
sizeof(02a34fa4) =        10036 (      0x2734) bytes (MemoryLeak.Employee)
sizeof(02a376d8) =        10036 (      0x2734) bytes (MemoryLeak.Employee)
sizeof(02a39e0c) =        10036 (      0x2734) bytes (MemoryLeak.Employee)
sizeof(02a3c540) =        10036 (      0x2734) bytes (MemoryLeak.Employee)
sizeof(02a3ec74) =        10036 (      0x2734) bytes (MemoryLeak.Employee)
sizeof(02a413a8) =        10036 (      0x2734) bytes (MemoryLeak.Employee)
sizeof(02a43adc) =        10036 (      0x2734) bytes (MemoryLeak.Employee)
sizeof(02a46210) =        10036 (      0x2734) bytes (MemoryLeak.Employee)
sizeof(02a48944) =        10036 (      0x2734) bytes (MemoryLeak.Employee)
sizeof(02a4b078) =        10036 (      0x2734) bytes (MemoryLeak.Employee)
sizeof(02a4d7ac) =        10036 (      0x2734) bytes (MemoryLeak.Employee)
sizeof(02a4fee0) =        10036 (      0x2734) bytes (MemoryLeak.Employee)
sizeof(02a52614) =        10036 (      0x2734) bytes (MemoryLeak.Employee)
sizeof(02a54d48) =        10036 (      0x2734) bytes (MemoryLeak.Employee)
sizeof(02a5747c) =        10036 (      0x2734) bytes (MemoryLeak.Employee)
sizeof(02a59bb0) =        10036 (      0x2734) bytes (MemoryLeak.Employee)
sizeof(02a5c2e4) =        10036 (      0x2734) bytes (MemoryLeak.Employee)
sizeof(02a5ea18) =        10036 (      0x2734) bytes (MemoryLeak.Employee)
sizeof(02a63880) =        10036 (      0x2734) bytes (MemoryLeak.Employee)
sizeof(02a65fb4) =        10036 (      0x2734) bytes (MemoryLeak.Employee)
sizeof(04743728) =        10036 (      0x2734) bytes (MemoryLeak.Employee)
sizeof(04748590) =        10036 (      0x2734) bytes (MemoryLeak.Employee)
sizeof(0474d3f8) =        10036 (      0x2734) bytes (MemoryLeak.Employee)
sizeof(04752260) =        10036 (      0x2734) bytes (MemoryLeak.Employee)
sizeof(047570c8) =        10036 (      0x2734) bytes (MemoryLeak.Employee)
sizeof(0475bf30) =        10036 (      0x2734) bytes (MemoryLeak.Employee)
sizeof(04760d98) =        10036 (      0x2734) bytes (MemoryLeak.Employee)
sizeof(04765c00) =        10036 (      0x2734) bytes (MemoryLeak.Employee)
sizeof(0476aa68) =        10036 (      0x2734) bytes (MemoryLeak.Employee)
sizeof(0476f8d0) =        10036 (      0x2734) bytes (MemoryLeak.Employee)
sizeof(04774738) =        10036 (      0x2734) bytes (MemoryLeak.Employee)
sizeof(047795a0) =        10036 (      0x2734) bytes (MemoryLeak.Employee)
sizeof(0477e408) =        10036 (      0x2734) bytes (MemoryLeak.Employee)
sizeof(04783270) =        10036 (      0x2734) bytes (MemoryLeak.Employee)
sizeof(047880d8) =        10036 (      0x2734) bytes (MemoryLeak.Employee)
sizeof(0478cf40) =        10036 (      0x2734) bytes (MemoryLeak.Employee)
sizeof(04791da8) =        10036 (      0x2734) bytes (MemoryLeak.Employee)
sizeof(04796c10) =        10036 (      0x2734) bytes (MemoryLeak.Employee)
sizeof(0479ba78) =        10036 (      0x2734) bytes (MemoryLeak.Employee)
sizeof(047a08e0) =        10036 (      0x2734) bytes (MemoryLeak.Employee)
sizeof(047a5748) =        10036 (      0x2734) bytes (MemoryLeak.Employee)
sizeof(047aa5b0) =        10036 (      0x2734) bytes (MemoryLeak.Employee)
sizeof(047b1b4c) =        10036 (      0x2734) bytes (MemoryLeak.Employee)
sizeof(047b4280) =        10036 (      0x2734) bytes (MemoryLeak.Employee)
sizeof(047b90e8) =        10036 (      0x2734) bytes (MemoryLeak.Employee)
sizeof(047bdf50) =        10036 (      0x2734) bytes (MemoryLeak.Employee)
sizeof(047c2db8) =        10036 (      0x2734) bytes (MemoryLeak.Employee)
sizeof(047c7c20) =        10036 (      0x2734) bytes (MemoryLeak.Employee)
sizeof(047cca88) =        10036 (      0x2734) bytes (MemoryLeak.Employee)
sizeof(047d18f0) =        10036 (      0x2734) bytes (MemoryLeak.Employee)
sizeof(047d6758) =        10036 (      0x2734) bytes (MemoryLeak.Employee)
sizeof(047db5c0) =        10036 (      0x2734) bytes (MemoryLeak.Employee)
sizeof(047e0428) =        10036 (      0x2734) bytes (MemoryLeak.Employee)
sizeof(047e5290) =        10036 (      0x2734) bytes (MemoryLeak.Employee)
sizeof(047ec82c) =        10036 (      0x2734) bytes (MemoryLeak.Employee)
sizeof(047eef60) =        10036 (      0x2734) bytes (MemoryLeak.Employee)
sizeof(047f3dc8) =        10036 (      0x2734) bytes (MemoryLeak.Employee)
sizeof(047fb364) =        10036 (      0x2734) bytes (MemoryLeak.Employee)
sizeof(047fda98) =        10036 (      0x2734) bytes (MemoryLeak.Employee)
sizeof(04802900) =        10036 (      0x2734) bytes (MemoryLeak.Employee)
sizeof(04807768) =        10036 (      0x2734) bytes (MemoryLeak.Employee)
sizeof(0480c5d0) =        10036 (      0x2734) bytes (MemoryLeak.Employee)
sizeof(04813b6c) =        10036 (      0x2734) bytes (MemoryLeak.Employee)
sizeof(048162a0) =        10036 (      0x2734) bytes (MemoryLeak.Employee)
sizeof(0481b108) =        10036 (      0x2734) bytes (MemoryLeak.Employee)
sizeof(0481ff70) =        10036 (      0x2734) bytes (MemoryLeak.Employee)
sizeof(04824dd8) =        10036 (      0x2734) bytes (MemoryLeak.Employee)
sizeof(04829c40) =        10036 (      0x2734) bytes (MemoryLeak.Employee)
sizeof(0482eaa8) =        10036 (      0x2734) bytes (MemoryLeak.Employee)
sizeof(04833910) =        10036 (      0x2734) bytes (MemoryLeak.Employee)
sizeof(04838778) =        10036 (      0x2734) bytes (MemoryLeak.Employee)
sizeof(0483d5e0) =        10036 (      0x2734) bytes (MemoryLeak.Employee)
sizeof(04842448) =        10036 (      0x2734) bytes (MemoryLeak.Employee)
sizeof(048499e4) =        10036 (      0x2734) bytes (MemoryLeak.Employee)
sizeof(0484e84c) =        10036 (      0x2734) bytes (MemoryLeak.Employee)
sizeof(048536b4) =        10036 (      0x2734) bytes (MemoryLeak.Employee)
sizeof(04855de8) =        10036 (      0x2734) bytes (MemoryLeak.Employee)
sizeof(0485ac50) =        10036 (      0x2734) bytes (MemoryLeak.Employee)
sizeof(0485fab8) =        10036 (      0x2734) bytes (MemoryLeak.Employee)
sizeof(04867054) =        10036 (      0x2734) bytes (MemoryLeak.Employee)
sizeof(04869788) =        10036 (      0x2734) bytes (MemoryLeak.Employee)
sizeof(0486e5f0) =        10036 (      0x2734) bytes (MemoryLeak.Employee)
sizeof(04873458) =        10036 (      0x2734) bytes (MemoryLeak.Employee)
sizeof(048782c0) =        10036 (      0x2734) bytes (MemoryLeak.Employee)
sizeof(0487d128) =        10036 (      0x2734) bytes (MemoryLeak.Employee)
sizeof(04881f90) =        10036 (      0x2734) bytes (MemoryLeak.Employee)
sizeof(04886df8) =        10036 (      0x2734) bytes (MemoryLeak.Employee)
sizeof(0488bc60) =        10036 (      0x2734) bytes (MemoryLeak.Employee)
sizeof(04890ac8) =        10036 (      0x2734) bytes (MemoryLeak.Employee)
sizeof(04895930) =        10036 (      0x2734) bytes (MemoryLeak.Employee)
sizeof(0489a798) =        10036 (      0x2734) bytes (MemoryLeak.Employee)
sizeof(0489f600) =        10036 (      0x2734) bytes (MemoryLeak.Employee)
sizeof(048a4468) =        10036 (      0x2734) bytes (MemoryLeak.Employee)
sizeof(048a92d0) =        10036 (      0x2734) bytes (MemoryLeak.Employee)
sizeof(048ae138) =        10036 (      0x2734) bytes (MemoryLeak.Employee)
sizeof(048b2fa0) =        10036 (      0x2734) bytes (MemoryLeak.Employee)
sizeof(048b7e08) =        10036 (      0x2734) bytes (MemoryLeak.Employee)
sizeof(048bcc70) =        10036 (      0x2734) bytes (MemoryLeak.Employee)
sizeof(048c1ad8) =        10036 (      0x2734) bytes (MemoryLeak.Employee)
sizeof(048c6940) =        10036 (      0x2734) bytes (MemoryLeak.Employee)
sizeof(048cb7a8) =        10036 (      0x2734) bytes (MemoryLeak.Employee)
sizeof(048d0610) =        10036 (      0x2734) bytes (MemoryLeak.Employee)
sizeof(048d7bac) =        10036 (      0x2734) bytes (MemoryLeak.Employee)
sizeof(048da2e0) =        10036 (      0x2734) bytes (MemoryLeak.Employee)
sizeof(048e187c) =        10036 (      0x2734) bytes (MemoryLeak.Employee)
sizeof(048e3fb0) =        10036 (      0x2734) bytes (MemoryLeak.Employee)
sizeof(048e8e18) =        10036 (      0x2734) bytes (MemoryLeak.Employee)
sizeof(048edc80) =        10036 (      0x2734) bytes (MemoryLeak.Employee)
sizeof(048f2ae8) =        10036 (      0x2734) bytes (MemoryLeak.Employee)
sizeof(048f7950) =        10036 (      0x2734) bytes (MemoryLeak.Employee)
sizeof(048fc7b8) =        10036 (      0x2734) bytes (MemoryLeak.Employee)
sizeof(04901620) =        10036 (      0x2734) bytes (MemoryLeak.Employee)
sizeof(04906488) =        10036 (      0x2734) bytes (MemoryLeak.Employee)
sizeof(0490da24) =        10036 (      0x2734) bytes (MemoryLeak.Employee)
sizeof(0491288c) =        10036 (      0x2734) bytes (MemoryLeak.Employee)
sizeof(04914fc0) =        10036 (      0x2734) bytes (MemoryLeak.Employee)
sizeof(04919e28) =        10036 (      0x2734) bytes (MemoryLeak.Employee)
sizeof(049213c4) =        10036 (      0x2734) bytes (MemoryLeak.Employee)
sizeof(04923af8) =        10036 (      0x2734) bytes (MemoryLeak.Employee)
sizeof(04928960) =        10036 (      0x2734) bytes (MemoryLeak.Employee)
sizeof(0492d7c8) =        10036 (      0x2734) bytes (MemoryLeak.Employee)
sizeof(04932630) =        10036 (      0x2734) bytes (MemoryLeak.Employee)
sizeof(04939bcc) =        10036 (      0x2734) bytes (MemoryLeak.Employee)
sizeof(0493c300) =        10036 (      0x2734) bytes (MemoryLeak.Employee)
sizeof(04941168) =        10036 (      0x2734) bytes (MemoryLeak.Employee)
sizeof(04945fd0) =        10036 (      0x2734) bytes (MemoryLeak.Employee)
sizeof(0494ae38) =        10036 (      0x2734) bytes (MemoryLeak.Employee)
sizeof(0494fca0) =        10036 (      0x2734) bytes (MemoryLeak.Employee)
sizeof(04954b08) =        10036 (      0x2734) bytes (MemoryLeak.Employee)
sizeof(04959970) =        10036 (      0x2734) bytes (MemoryLeak.Employee)
sizeof(0495e7d8) =        10036 (      0x2734) bytes (MemoryLeak.Employee)
sizeof(04963640) =        10036 (      0x2734) bytes (MemoryLeak.Employee)
sizeof(049684a8) =        10036 (      0x2734) bytes (MemoryLeak.Employee)
sizeof(0496fa44) =        10036 (      0x2734) bytes (MemoryLeak.Employee)
sizeof(04972178) =        10036 (      0x2734) bytes (MemoryLeak.Employee)
sizeof(04976fe0) =        10036 (      0x2734) bytes (MemoryLeak.Employee)
sizeof(0497be48) =        10036 (      0x2734) bytes (MemoryLeak.Employee)
sizeof(049833e4) =        10036 (      0x2734) bytes (MemoryLeak.Employee)
sizeof(04985b18) =        10036 (      0x2734) bytes (MemoryLeak.Employee)
sizeof(0498a980) =        10036 (      0x2734) bytes (MemoryLeak.Employee)
sizeof(0498f7e8) =        10036 (      0x2734) bytes (MemoryLeak.Employee)
sizeof(04994650) =        10036 (      0x2734) bytes (MemoryLeak.Employee)
sizeof(049994b8) =        10036 (      0x2734) bytes (MemoryLeak.Employee)
sizeof(0499e320) =        10036 (      0x2734) bytes (MemoryLeak.Employee)
sizeof(049a58bc) =        10036 (      0x2734) bytes (MemoryLeak.Employee)
sizeof(049a7ff0) =        10036 (      0x2734) bytes (MemoryLeak.Employee)
sizeof(049ace58) =        10036 (      0x2734) bytes (MemoryLeak.Employee)
sizeof(049b43f4) =        10036 (      0x2734) bytes (MemoryLeak.Employee)
sizeof(049b6b28) =        10036 (      0x2734) bytes (MemoryLeak.Employee)
sizeof(049be0c4) =        10036 (      0x2734) bytes (MemoryLeak.Employee)
sizeof(049c07f8) =        10036 (      0x2734) bytes (MemoryLeak.Employee)
sizeof(049c5660) =        10036 (      0x2734) bytes (MemoryLeak.Employee)
sizeof(049ccbfc) =        10036 (      0x2734) bytes (MemoryLeak.Employee)
sizeof(049cf330) =        10036 (      0x2734) bytes (MemoryLeak.Employee)
sizeof(049d68cc) =        10036 (      0x2734) bytes (MemoryLeak.Employee)
sizeof(049d9000) =        10036 (      0x2734) bytes (MemoryLeak.Employee)
sizeof(049dde68) =        10036 (      0x2734) bytes (MemoryLeak.Employee)
sizeof(049e2cd0) =        10036 (      0x2734) bytes (MemoryLeak.Employee)
sizeof(049e7b38) =        10036 (      0x2734) bytes (MemoryLeak.Employee)
sizeof(049ec9a0) =        10036 (      0x2734) bytes (MemoryLeak.Employee)
sizeof(049f1808) =        10036 (      0x2734) bytes (MemoryLeak.Employee)
sizeof(049f6670) =        10036 (      0x2734) bytes (MemoryLeak.Employee)
sizeof(049fb4d8) =        10036 (      0x2734) bytes (MemoryLeak.Employee)
sizeof(04a00340) =        10036 (      0x2734) bytes (MemoryLeak.Employee)
sizeof(04a051a8) =        10036 (      0x2734) bytes (MemoryLeak.Employee)
sizeof(04a0a010) =        10036 (      0x2734) bytes (MemoryLeak.Employee)
sizeof(04a0ee78) =        10036 (      0x2734) bytes (MemoryLeak.Employee)
sizeof(04a13ce0) =        10036 (      0x2734) bytes (MemoryLeak.Employee)
sizeof(04a18b48) =        10036 (      0x2734) bytes (MemoryLeak.Employee)
sizeof(04a1d9b0) =        10036 (      0x2734) bytes (MemoryLeak.Employee)
sizeof(04a22818) =        10036 (      0x2734) bytes (MemoryLeak.Employee)
sizeof(04a29db4) =        10036 (      0x2734) bytes (MemoryLeak.Employee)
sizeof(04a2c4e8) =        10036 (      0x2734) bytes (MemoryLeak.Employee)
sizeof(04a31350) =        10036 (      0x2734) bytes (MemoryLeak.Employee)
sizeof(04a388ec) =        10036 (      0x2734) bytes (MemoryLeak.Employee)
sizeof(04a3b020) =        10036 (      0x2734) bytes (MemoryLeak.Employee)
sizeof(04a3fe88) =        10036 (      0x2734) bytes (MemoryLeak.Employee)
sizeof(04a44cf0) =        10036 (      0x2734) bytes (MemoryLeak.Employee)
sizeof(04a49b58) =        10036 (      0x2734) bytes (MemoryLeak.Employee)
sizeof(04a510f4) =        10036 (      0x2734) bytes (MemoryLeak.Employee)
sizeof(04a53828) =        10036 (      0x2734) bytes (MemoryLeak.Employee)
sizeof(04a5adc4) =        10036 (      0x2734) bytes (MemoryLeak.Employee)
sizeof(04a5fc2c) =        10036 (      0x2734) bytes (MemoryLeak.Employee)
sizeof(04a62360) =        10036 (      0x2734) bytes (MemoryLeak.Employee)
sizeof(04a698fc) =        10036 (      0x2734) bytes (MemoryLeak.Employee)
sizeof(04a6c030) =        10036 (      0x2734) bytes (MemoryLeak.Employee)
sizeof(04a735cc) =        10036 (      0x2734) bytes (MemoryLeak.Employee)
sizeof(04a75d00) =        10036 (      0x2734) bytes (MemoryLeak.Employee)
sizeof(04a7ab68) =        10036 (      0x2734) bytes (MemoryLeak.Employee)
sizeof(04a7f9d0) =        10036 (      0x2734) bytes (MemoryLeak.Employee)
sizeof(04a84838) =        10036 (      0x2734) bytes (MemoryLeak.Employee)
sizeof(04a896a0) =        10036 (      0x2734) bytes (MemoryLeak.Employee)
sizeof(04a8e508) =        10036 (      0x2734) bytes (MemoryLeak.Employee)
sizeof(04a93370) =        10036 (      0x2734) bytes (MemoryLeak.Employee)
sizeof(04a981d8) =        10036 (      0x2734) bytes (MemoryLeak.Employee)
sizeof(04a9d040) =        10036 (      0x2734) bytes (MemoryLeak.Employee)
sizeof(04aa1ea8) =        10036 (      0x2734) bytes (MemoryLeak.Employee)
sizeof(04aa9444) =        10036 (      0x2734) bytes (MemoryLeak.Employee)
sizeof(04aabb78) =        10036 (      0x2734) bytes (MemoryLeak.Employee)
sizeof(04ab09e0) =        10036 (      0x2734) bytes (MemoryLeak.Employee)
sizeof(04ab5848) =        10036 (      0x2734) bytes (MemoryLeak.Employee)
sizeof(04aba6b0) =        10036 (      0x2734) bytes (MemoryLeak.Employee)
sizeof(04ac1c4c) =        10036 (      0x2734) bytes (MemoryLeak.Employee)
sizeof(04ac4380) =        10036 (      0x2734) bytes (MemoryLeak.Employee)
sizeof(04ac91e8) =        10036 (      0x2734) bytes (MemoryLeak.Employee)
sizeof(04ace050) =        10036 (      0x2734) bytes (MemoryLeak.Employee)
sizeof(04ad2eb8) =        10036 (      0x2734) bytes (MemoryLeak.Employee)
sizeof(04ad7d20) =        10036 (      0x2734) bytes (MemoryLeak.Employee)
sizeof(04adcb88) =        10036 (      0x2734) bytes (MemoryLeak.Employee)
sizeof(04ae19f0) =        10036 (      0x2734) bytes (MemoryLeak.Employee)
sizeof(04ae6858) =        10036 (      0x2734) bytes (MemoryLeak.Employee)
sizeof(04aeddf4) =        10036 (      0x2734) bytes (MemoryLeak.Employee)
sizeof(04af0528) =        10036 (      0x2734) bytes (MemoryLeak.Employee)
sizeof(04af5390) =        10036 (      0x2734) bytes (MemoryLeak.Employee)
sizeof(04afa1f8) =        10036 (      0x2734) bytes (MemoryLeak.Employee)
sizeof(04aff060) =        10036 (      0x2734) bytes (MemoryLeak.Employee)
sizeof(04b03ec8) =        10036 (      0x2734) bytes (MemoryLeak.Employee)
sizeof(04b08d30) =        10036 (      0x2734) bytes (MemoryLeak.Employee)
sizeof(04b0db98) =        10036 (      0x2734) bytes (MemoryLeak.Employee)
sizeof(04b12a00) =        10036 (      0x2734) bytes (MemoryLeak.Employee)
sizeof(04b17868) =        10036 (      0x2734) bytes (MemoryLeak.Employee)
sizeof(04b1c6d0) =        10036 (      0x2734) bytes (MemoryLeak.Employee)
sizeof(04b21538) =        10036 (      0x2734) bytes (MemoryLeak.Employee)
sizeof(04b263a0) =        10036 (      0x2734) bytes (MemoryLeak.Employee)
sizeof(04b2b208) =        10036 (      0x2734) bytes (MemoryLeak.Employee)
sizeof(04b30070) =        10036 (      0x2734) bytes (MemoryLeak.Employee)
sizeof(04b34ed8) =        10036 (      0x2734) bytes (MemoryLeak.Employee)
sizeof(04b39d40) =        10036 (      0x2734) bytes (MemoryLeak.Employee)
sizeof(04b3eba8) =        10036 (      0x2734) bytes (MemoryLeak.Employee)
sizeof(04b412dc) =        10036 (      0x2734) bytes (MemoryLeak.Employee)
sizeof(04b43a1c) =        10036 (      0x2734) bytes (MemoryLeak.Employee)
sizeof(04b46150) =        10036 (      0x2734) bytes (MemoryLeak.Employee)
sizeof(04b48884) =        10036 (      0x2734) bytes (MemoryLeak.Employee)
sizeof(04b4afb8) =        10036 (      0x2734) bytes (MemoryLeak.Employee)
sizeof(04b4d6ec) =        10036 (      0x2734) bytes (MemoryLeak.Employee)
sizeof(04b4fe20) =        10036 (      0x2734) bytes (MemoryLeak.Employee)
sizeof(04b52554) =        10036 (      0x2734) bytes (MemoryLeak.Employee)
sizeof(04b54c88) =        10036 (      0x2734) bytes (MemoryLeak.Employee)
sizeof(04b573bc) =        10036 (      0x2734) bytes (MemoryLeak.Employee)
sizeof(04b59af0) =        10036 (      0x2734) bytes (MemoryLeak.Employee)
sizeof(04b5c224) =        10036 (      0x2734) bytes (MemoryLeak.Employee)
sizeof(04b5e958) =        10036 (      0x2734) bytes (MemoryLeak.Employee)
sizeof(04b6108c) =        10036 (      0x2734) bytes (MemoryLeak.Employee)
sizeof(04b637c0) =        10036 (      0x2734) bytes (MemoryLeak.Employee)
sizeof(04b65ef4) =        10036 (      0x2734) bytes (MemoryLeak.Employee)
sizeof(04b68628) =        10036 (      0x2734) bytes (MemoryLeak.Employee)
sizeof(04b6ad5c) =        10036 (      0x2734) bytes (MemoryLeak.Employee)
sizeof(04b6d490) =        10036 (      0x2734) bytes (MemoryLeak.Employee)
sizeof(04b6fbc4) =        10036 (      0x2734) bytes (MemoryLeak.Employee)
sizeof(04b722f8) =        10036 (      0x2734) bytes (MemoryLeak.Employee)
sizeof(04b74a2c) =        10036 (      0x2734) bytes (MemoryLeak.Employee)
sizeof(04b77160) =        10036 (      0x2734) bytes (MemoryLeak.Employee)
sizeof(04b79894) =        10036 (      0x2734) bytes (MemoryLeak.Employee)
sizeof(04b7bfc8) =        10036 (      0x2734) bytes (MemoryLeak.Employee)
sizeof(04b7e6fc) =        10036 (      0x2734) bytes (MemoryLeak.Employee)
sizeof(04b80e30) =        10036 (      0x2734) bytes (MemoryLeak.Employee)
sizeof(04b83564) =        10036 (      0x2734) bytes (MemoryLeak.Employee)
sizeof(04b85c98) =        10036 (      0x2734) bytes (MemoryLeak.Employee)
sizeof(04b883cc) =        10036 (      0x2734) bytes (MemoryLeak.Employee)
sizeof(04b8ab00) =        10036 (      0x2734) bytes (MemoryLeak.Employee)
sizeof(04b8d234) =        10036 (      0x2734) bytes (MemoryLeak.Employee)
sizeof(04b8f968) =        10036 (      0x2734) bytes (MemoryLeak.Employee)
sizeof(04b9209c) =        10036 (      0x2734) bytes (MemoryLeak.Employee)
sizeof(04b947d0) =        10036 (      0x2734) bytes (MemoryLeak.Employee)
sizeof(04b96f04) =        10036 (      0x2734) bytes (MemoryLeak.Employee)
sizeof(04b99638) =        10036 (      0x2734) bytes (MemoryLeak.Employee)
sizeof(04b9bd6c) =        10036 (      0x2734) bytes (MemoryLeak.Employee)
sizeof(04b9e4a0) =        10036 (      0x2734) bytes (MemoryLeak.Employee)
sizeof(04ba0bd4) =        10036 (      0x2734) bytes (MemoryLeak.Employee)
sizeof(04ba3308) =        10036 (      0x2734) bytes (MemoryLeak.Employee)
sizeof(04ba5a3c) =        10036 (      0x2734) bytes (MemoryLeak.Employee)
sizeof(04ba8170) =        10036 (      0x2734) bytes (MemoryLeak.Employee)
sizeof(04baa8a4) =        10036 (      0x2734) bytes (MemoryLeak.Employee)
sizeof(04bacfd8) =        10036 (      0x2734) bytes (MemoryLeak.Employee)
sizeof(04baf70c) =        10036 (      0x2734) bytes (MemoryLeak.Employee)
sizeof(04bb1e40) =        10036 (      0x2734) bytes (MemoryLeak.Employee)
sizeof(04bb4574) =        10036 (      0x2734) bytes (MemoryLeak.Employee)
sizeof(04bb6ca8) =        10036 (      0x2734) bytes (MemoryLeak.Employee)
sizeof(04bb93dc) =        10036 (      0x2734) bytes (MemoryLeak.Employee)
sizeof(04bbbb10) =        10036 (      0x2734) bytes (MemoryLeak.Employee)
sizeof(04bbe244) =        10036 (      0x2734) bytes (MemoryLeak.Employee)
sizeof(04bc0978) =        10036 (      0x2734) bytes (MemoryLeak.Employee)
sizeof(04bc30ac) =        10036 (      0x2734) bytes (MemoryLeak.Employee)
sizeof(04bc57e0) =        10036 (      0x2734) bytes (MemoryLeak.Employee)
sizeof(04bc7f14) =        10036 (      0x2734) bytes (MemoryLeak.Employee)
sizeof(04bca648) =        10036 (      0x2734) bytes (MemoryLeak.Employee)
sizeof(04bccd7c) =        10036 (      0x2734) bytes (MemoryLeak.Employee)
sizeof(04bcf4b0) =        10036 (      0x2734) bytes (MemoryLeak.Employee)
sizeof(04bd1be4) =        10036 (      0x2734) bytes (MemoryLeak.Employee)
sizeof(04bd4318) =        10036 (      0x2734) bytes (MemoryLeak.Employee)
sizeof(04bd6a4c) =        10036 (      0x2734) bytes (MemoryLeak.Employee)
sizeof(04bd9180) =        10036 (      0x2734) bytes (MemoryLeak.Employee)
sizeof(04bdb8b4) =        10036 (      0x2734) bytes (MemoryLeak.Employee)
sizeof(04bddfe8) =        10036 (      0x2734) bytes (MemoryLeak.Employee)
sizeof(04be071c) =        10036 (      0x2734) bytes (MemoryLeak.Employee)
sizeof(04be2e50) =        10036 (      0x2734) bytes (MemoryLeak.Employee)
sizeof(04be5584) =        10036 (      0x2734) bytes (MemoryLeak.Employee)
sizeof(04be7cb8) =        10036 (      0x2734) bytes (MemoryLeak.Employee)
sizeof(04bea3ec) =        10036 (      0x2734) bytes (MemoryLeak.Employee)
sizeof(04becb20) =        10036 (      0x2734) bytes (MemoryLeak.Employee)
sizeof(04bef254) =        10036 (      0x2734) bytes (MemoryLeak.Employee)
sizeof(04bf1988) =        10036 (      0x2734) bytes (MemoryLeak.Employee)
sizeof(04bf40bc) =        10036 (      0x2734) bytes (MemoryLeak.Employee)
sizeof(04bf67f0) =        10036 (      0x2734) bytes (MemoryLeak.Employee)
sizeof(04bf8f24) =        10036 (      0x2734) bytes (MemoryLeak.Employee)
sizeof(04bfb658) =        10036 (      0x2734) bytes (MemoryLeak.Employee)
sizeof(04bfdd8c) =        10036 (      0x2734) bytes (MemoryLeak.Employee)
sizeof(04c004c0) =        10036 (      0x2734) bytes (MemoryLeak.Employee)
sizeof(04c02bf4) =        10036 (      0x2734) bytes (MemoryLeak.Employee)
sizeof(04c05328) =        10036 (      0x2734) bytes (MemoryLeak.Employee)
sizeof(04c07a5c) =        10036 (      0x2734) bytes (MemoryLeak.Employee)
sizeof(04c0a190) =        10036 (      0x2734) bytes (MemoryLeak.Employee)
sizeof(04c0c8c4) =        10036 (      0x2734) bytes (MemoryLeak.Employee)
sizeof(04c0eff8) =        10036 (      0x2734) bytes (MemoryLeak.Employee)
sizeof(04c1172c) =        10036 (      0x2734) bytes (MemoryLeak.Employee)
sizeof(04c13e60) =        10036 (      0x2734) bytes (MemoryLeak.Employee)
sizeof(04c16594) =        10036 (      0x2734) bytes (MemoryLeak.Employee)
sizeof(04c18cc8) =        10036 (      0x2734) bytes (MemoryLeak.Employee)
sizeof(04c1b3fc) =        10036 (      0x2734) bytes (MemoryLeak.Employee)
sizeof(04c1db30) =        10036 (      0x2734) bytes (MemoryLeak.Employee)
sizeof(04c20264) =        10036 (      0x2734) bytes (MemoryLeak.Employee)
sizeof(04c22998) =        10036 (      0x2734) bytes (MemoryLeak.Employee)
sizeof(04c250cc) =        10036 (      0x2734) bytes (MemoryLeak.Employee)
sizeof(04c27800) =        10036 (      0x2734) bytes (MemoryLeak.Employee)
sizeof(04c29f34) =        10036 (      0x2734) bytes (MemoryLeak.Employee)
sizeof(04c2c668) =        10036 (      0x2734) bytes (MemoryLeak.Employee)
sizeof(04c2ed9c) =        10036 (      0x2734) bytes (MemoryLeak.Employee)
sizeof(04c314d0) =        10036 (      0x2734) bytes (MemoryLeak.Employee)
sizeof(04c33c04) =        10036 (      0x2734) bytes (MemoryLeak.Employee)
sizeof(04c36338) =        10036 (      0x2734) bytes (MemoryLeak.Employee)
sizeof(04c38a6c) =        10036 (      0x2734) bytes (MemoryLeak.Employee)
sizeof(04c3b1a0) =        10036 (      0x2734) bytes (MemoryLeak.Employee)
sizeof(04c3d8d4) =        10036 (      0x2734) bytes (MemoryLeak.Employee)
sizeof(04c40008) =        10036 (      0x2734) bytes (MemoryLeak.Employee)
sizeof(04c4273c) =        10036 (      0x2734) bytes (MemoryLeak.Employee)
sizeof(04c44e70) =        10036 (      0x2734) bytes (MemoryLeak.Employee)
sizeof(04c475a4) =        10036 (      0x2734) bytes (MemoryLeak.Employee)
sizeof(04c49cd8) =        10036 (      0x2734) bytes (MemoryLeak.Employee)
sizeof(04c4c40c) =        10036 (      0x2734) bytes (MemoryLeak.Employee)
sizeof(04c4eb40) =        10036 (      0x2734) bytes (MemoryLeak.Employee)
sizeof(04c51274) =        10036 (      0x2734) bytes (MemoryLeak.Employee)
sizeof(04c539a8) =        10036 (      0x2734) bytes (MemoryLeak.Employee)
sizeof(04c560dc) =        10036 (      0x2734) bytes (MemoryLeak.Employee)
sizeof(04c58810) =        10036 (      0x2734) bytes (MemoryLeak.Employee)
sizeof(04c5af44) =        10036 (      0x2734) bytes (MemoryLeak.Employee)
sizeof(04c5d678) =        10036 (      0x2734) bytes (MemoryLeak.Employee)
sizeof(04c5fdac) =        10036 (      0x2734) bytes (MemoryLeak.Employee)
sizeof(04c624e0) =        10036 (      0x2734) bytes (MemoryLeak.Employee)
sizeof(04c64c14) =        10036 (      0x2734) bytes (MemoryLeak.Employee)
sizeof(04c67348) =        10036 (      0x2734) bytes (MemoryLeak.Employee)
sizeof(04c69a7c) =        10036 (      0x2734) bytes (MemoryLeak.Employee)
sizeof(04c6c1b0) =        10036 (      0x2734) bytes (MemoryLeak.Employee)
sizeof(04c6e8e4) =        10036 (      0x2734) bytes (MemoryLeak.Employee)
sizeof(04c71018) =        10036 (      0x2734) bytes (MemoryLeak.Employee)
sizeof(04c7374c) =        10036 (      0x2734) bytes (MemoryLeak.Employee)
sizeof(04c75e80) =        10036 (      0x2734) bytes (MemoryLeak.Employee)
sizeof(04c785b4) =        10036 (      0x2734) bytes (MemoryLeak.Employee)
sizeof(04c7ace8) =        10036 (      0x2734) bytes (MemoryLeak.Employee)
sizeof(04c7d41c) =        10036 (      0x2734) bytes (MemoryLeak.Employee)
sizeof(04c7fb50) =        10036 (      0x2734) bytes (MemoryLeak.Employee)
sizeof(04c82284) =        10036 (      0x2734) bytes (MemoryLeak.Employee)
sizeof(04c849b8) =        10036 (      0x2734) bytes (MemoryLeak.Employee)
sizeof(04c870ec) =        10036 (      0x2734) bytes (MemoryLeak.Employee)
sizeof(04c89820) =        10036 (      0x2734) bytes (MemoryLeak.Employee)
sizeof(04c8bf54) =        10036 (      0x2734) bytes (MemoryLeak.Employee)
sizeof(04c8e688) =        10036 (      0x2734) bytes (MemoryLeak.Employee)
sizeof(04c90dbc) =        10036 (      0x2734) bytes (MemoryLeak.Employee)
sizeof(04c934f0) =        10036 (      0x2734) bytes (MemoryLeak.Employee)
sizeof(04c95c24) =        10036 (      0x2734) bytes (MemoryLeak.Employee)
sizeof(04c98358) =        10036 (      0x2734) bytes (MemoryLeak.Employee)
sizeof(04c9aa8c) =        10036 (      0x2734) bytes (MemoryLeak.Employee)
sizeof(04c9d1c0) =        10036 (      0x2734) bytes (MemoryLeak.Employee)
sizeof(04c9f8f4) =        10036 (      0x2734) bytes (MemoryLeak.Employee)
sizeof(04ca2028) =        10036 (      0x2734) bytes (MemoryLeak.Employee)
sizeof(04ca475c) =        10036 (      0x2734) bytes (MemoryLeak.Employee)
sizeof(04ca6e90) =        10036 (      0x2734) bytes (MemoryLeak.Employee)
sizeof(04ca95c4) =        10036 (      0x2734) bytes (MemoryLeak.Employee)
sizeof(04cabcf8) =        10036 (      0x2734) bytes (MemoryLeak.Employee)
sizeof(04cae42c) =        10036 (      0x2734) bytes (MemoryLeak.Employee)
sizeof(04cb0b60) =        10036 (      0x2734) bytes (MemoryLeak.Employee)
sizeof(04cb3294) =        10036 (      0x2734) bytes (MemoryLeak.Employee)
sizeof(04cb59c8) =        10036 (      0x2734) bytes (MemoryLeak.Employee)
sizeof(04cb80fc) =        10036 (      0x2734) bytes (MemoryLeak.Employee)
sizeof(04cba830) =        10036 (      0x2734) bytes (MemoryLeak.Employee)
sizeof(04cbcf64) =        10036 (      0x2734) bytes (MemoryLeak.Employee)
sizeof(04cbf698) =        10036 (      0x2734) bytes (MemoryLeak.Employee)
sizeof(04cc1dcc) =        10036 (      0x2734) bytes (MemoryLeak.Employee)
sizeof(04cc4500) =        10036 (      0x2734) bytes (MemoryLeak.Employee)
sizeof(04cc6c34) =        10036 (      0x2734) bytes (MemoryLeak.Employee)
sizeof(04cc9368) =        10036 (      0x2734) bytes (MemoryLeak.Employee)
sizeof(04ccba9c) =        10036 (      0x2734) bytes (MemoryLeak.Employee)
sizeof(04cce1d0) =        10036 (      0x2734) bytes (MemoryLeak.Employee)
sizeof(04cd0904) =        10036 (      0x2734) bytes (MemoryLeak.Employee)
sizeof(04cd3038) =        10036 (      0x2734) bytes (MemoryLeak.Employee)
sizeof(04cd576c) =        10036 (      0x2734) bytes (MemoryLeak.Employee)
sizeof(04cd7ea0) =        10036 (      0x2734) bytes (MemoryLeak.Employee)
sizeof(04cda5d4) =        10036 (      0x2734) bytes (MemoryLeak.Employee)
sizeof(04cdcd08) =        10036 (      0x2734) bytes (MemoryLeak.Employee)
sizeof(04cdf43c) =        10036 (      0x2734) bytes (MemoryLeak.Employee)
sizeof(04ce1b70) =        10036 (      0x2734) bytes (MemoryLeak.Employee)
sizeof(04ce42a4) =        10036 (      0x2734) bytes (MemoryLeak.Employee)
sizeof(04ce69d8) =        10036 (      0x2734) bytes (MemoryLeak.Employee)
sizeof(04ce910c) =        10036 (      0x2734) bytes (MemoryLeak.Employee)
sizeof(04ceb840) =        10036 (      0x2734) bytes (MemoryLeak.Employee)
sizeof(04cedf74) =        10036 (      0x2734) bytes (MemoryLeak.Employee)
sizeof(04cf06a8) =        10036 (      0x2734) bytes (MemoryLeak.Employee)
sizeof(04cf2ddc) =        10036 (      0x2734) bytes (MemoryLeak.Employee)
sizeof(04cf5510) =        10036 (      0x2734) bytes (MemoryLeak.Employee)
sizeof(04cf7c44) =        10036 (      0x2734) bytes (MemoryLeak.Employee)
sizeof(04cfa378) =        10036 (      0x2734) bytes (MemoryLeak.Employee)
sizeof(04cfcaac) =        10036 (      0x2734) bytes (MemoryLeak.Employee)
sizeof(04cff1e0) =        10036 (      0x2734) bytes (MemoryLeak.Employee)
sizeof(04d01914) =        10036 (      0x2734) bytes (MemoryLeak.Employee)
sizeof(04d04048) =        10036 (      0x2734) bytes (MemoryLeak.Employee)
sizeof(04d0677c) =        10036 (      0x2734) bytes (MemoryLeak.Employee)
sizeof(04d08eb0) =        10036 (      0x2734) bytes (MemoryLeak.Employee)
sizeof(04d0b5e4) =        10036 (      0x2734) bytes (MemoryLeak.Employee)
sizeof(04d0dd18) =        10036 (      0x2734) bytes (MemoryLeak.Employee)
sizeof(04d1044c) =        10036 (      0x2734) bytes (MemoryLeak.Employee)
sizeof(04d12b80) =        10036 (      0x2734) bytes (MemoryLeak.Employee)
sizeof(04d152b4) =        10036 (      0x2734) bytes (MemoryLeak.Employee)
sizeof(04d179e8) =        10036 (      0x2734) bytes (MemoryLeak.Employee)
sizeof(04d1a11c) =        10036 (      0x2734) bytes (MemoryLeak.Employee)
sizeof(04d1c850) =        10036 (      0x2734) bytes (MemoryLeak.Employee)
sizeof(04d1ef84) =        10036 (      0x2734) bytes (MemoryLeak.Employee)
sizeof(04d216b8) =        10036 (      0x2734) bytes (MemoryLeak.Employee)
sizeof(04d23dec) =        10036 (      0x2734) bytes (MemoryLeak.Employee)
sizeof(04d26520) =        10036 (      0x2734) bytes (MemoryLeak.Employee)
sizeof(04d28c54) =        10036 (      0x2734) bytes (MemoryLeak.Employee)
sizeof(04d2b388) =        10036 (      0x2734) bytes (MemoryLeak.Employee)
sizeof(04d2dabc) =        10036 (      0x2734) bytes (MemoryLeak.Employee)
sizeof(04d301f0) =        10036 (      0x2734) bytes (MemoryLeak.Employee)
sizeof(04d32924) =        10036 (      0x2734) bytes (MemoryLeak.Employee)
sizeof(04d35058) =        10036 (      0x2734) bytes (MemoryLeak.Employee)
sizeof(04d3778c) =        10036 (      0x2734) bytes (MemoryLeak.Employee)
sizeof(04d39ec0) =        10036 (      0x2734) bytes (MemoryLeak.Employee)
sizeof(04d3c5f4) =        10036 (      0x2734) bytes (MemoryLeak.Employee)
sizeof(04d3ed28) =        10036 (      0x2734) bytes (MemoryLeak.Employee)
sizeof(04d4145c) =        10036 (      0x2734) bytes (MemoryLeak.Employee)
sizeof(04d43b90) =        10036 (      0x2734) bytes (MemoryLeak.Employee)
sizeof(04d462c4) =        10036 (      0x2734) bytes (MemoryLeak.Employee)
sizeof(04d489f8) =        10036 (      0x2734) bytes (MemoryLeak.Employee)
sizeof(04d4b12c) =        10036 (      0x2734) bytes (MemoryLeak.Employee)
sizeof(04d4d860) =        10036 (      0x2734) bytes (MemoryLeak.Employee)
sizeof(04d4ff94) =        10036 (      0x2734) bytes (MemoryLeak.Employee)
sizeof(04d526c8) =        10036 (      0x2734) bytes (MemoryLeak.Employee)
sizeof(04d54dfc) =        10036 (      0x2734) bytes (MemoryLeak.Employee)
sizeof(04d57530) =        10036 (      0x2734) bytes (MemoryLeak.Employee)
sizeof(04d59c64) =        10036 (      0x2734) bytes (MemoryLeak.Employee)
sizeof(04d5c398) =        10036 (      0x2734) bytes (MemoryLeak.Employee)
sizeof(04d5eacc) =        10036 (      0x2734) bytes (MemoryLeak.Employee)
sizeof(04d61200) =        10036 (      0x2734) bytes (MemoryLeak.Employee)
sizeof(04d63934) =        10036 (      0x2734) bytes (MemoryLeak.Employee)
sizeof(04d66068) =        10036 (      0x2734) bytes (MemoryLeak.Employee)
sizeof(04d6879c) =        10036 (      0x2734) bytes (MemoryLeak.Employee)
sizeof(04d6aed0) =        10036 (      0x2734) bytes (MemoryLeak.Employee)
sizeof(04d6d604) =        10036 (      0x2734) bytes (MemoryLeak.Employee)
sizeof(04d6fd38) =        10036 (      0x2734) bytes (MemoryLeak.Employee)
sizeof(04d7246c) =        10036 (      0x2734) bytes (MemoryLeak.Employee)
sizeof(04d74ba0) =        10036 (      0x2734) bytes (MemoryLeak.Employee)
sizeof(04d772d4) =        10036 (      0x2734) bytes (MemoryLeak.Employee)
sizeof(04d79a08) =        10036 (      0x2734) bytes (MemoryLeak.Employee)
sizeof(04d7c13c) =        10036 (      0x2734) bytes (MemoryLeak.Employee)
sizeof(04d7e870) =        10036 (      0x2734) bytes (MemoryLeak.Employee)
sizeof(04d80fa4) =        10036 (      0x2734) bytes (MemoryLeak.Employee)
sizeof(04d836d8) =        10036 (      0x2734) bytes (MemoryLeak.Employee)
sizeof(04d85e0c) =        10036 (      0x2734) bytes (MemoryLeak.Employee)
sizeof(04d88540) =        10036 (      0x2734) bytes (MemoryLeak.Employee)
sizeof(04d8ac74) =        10036 (      0x2734) bytes (MemoryLeak.Employee)
sizeof(04d8d3a8) =        10036 (      0x2734) bytes (MemoryLeak.Employee)
sizeof(04d8fadc) =        10036 (      0x2734) bytes (MemoryLeak.Employee)
sizeof(04d92210) =        10036 (      0x2734) bytes (MemoryLeak.Employee)
sizeof(04d94944) =        10036 (      0x2734) bytes (MemoryLeak.Employee)
sizeof(04d97078) =        10036 (      0x2734) bytes (MemoryLeak.Employee)
sizeof(04d997ac) =        10036 (      0x2734) bytes (MemoryLeak.Employee)
sizeof(04d9bee0) =        10036 (      0x2734) bytes (MemoryLeak.Employee)
sizeof(04d9e614) =        10036 (      0x2734) bytes (MemoryLeak.Employee)
sizeof(04da0d48) =        10036 (      0x2734) bytes (MemoryLeak.Employee)
sizeof(04da347c) =        10036 (      0x2734) bytes (MemoryLeak.Employee)
sizeof(04da5bb0) =        10036 (      0x2734) bytes (MemoryLeak.Employee)
sizeof(04da82e4) =        10036 (      0x2734) bytes (MemoryLeak.Employee)
sizeof(04daaa18) =        10036 (      0x2734) bytes (MemoryLeak.Employee)
sizeof(04dad14c) =        10036 (      0x2734) bytes (MemoryLeak.Employee)
sizeof(04daf880) =        10036 (      0x2734) bytes (MemoryLeak.Employee)
sizeof(04db1fb4) =        10036 (      0x2734) bytes (MemoryLeak.Employee)
sizeof(04db46e8) =        10036 (      0x2734) bytes (MemoryLeak.Employee)
sizeof(04db6e1c) =        10036 (      0x2734) bytes (MemoryLeak.Employee)
sizeof(04db9550) =        10036 (      0x2734) bytes (MemoryLeak.Employee)
sizeof(04dbbc84) =        10036 (      0x2734) bytes (MemoryLeak.Employee)
sizeof(04dbe3b8) =        10036 (      0x2734) bytes (MemoryLeak.Employee)
sizeof(04dc0aec) =        10036 (      0x2734) bytes (MemoryLeak.Employee)
sizeof(04dc3220) =        10036 (      0x2734) bytes (MemoryLeak.Employee)
sizeof(04dc5954) =        10036 (      0x2734) bytes (MemoryLeak.Employee)
sizeof(04dc8088) =        10036 (      0x2734) bytes (MemoryLeak.Employee)
sizeof(04dca7bc) =        10036 (      0x2734) bytes (MemoryLeak.Employee)
sizeof(04dccef0) =        10036 (      0x2734) bytes (MemoryLeak.Employee)
sizeof(04dcf624) =        10036 (      0x2734) bytes (MemoryLeak.Employee)
sizeof(04dd1d58) =        10036 (      0x2734) bytes (MemoryLeak.Employee)
sizeof(04dd448c) =        10036 (      0x2734) bytes (MemoryLeak.Employee)
sizeof(04dd6bc0) =        10036 (      0x2734) bytes (MemoryLeak.Employee)
sizeof(04dd92f4) =        10036 (      0x2734) bytes (MemoryLeak.Employee)
sizeof(04ddba28) =        10036 (      0x2734) bytes (MemoryLeak.Employee)
sizeof(04dde15c) =        10036 (      0x2734) bytes (MemoryLeak.Employee)
sizeof(04de0890) =        10036 (      0x2734) bytes (MemoryLeak.Employee)
sizeof(04de2fc4) =        10036 (      0x2734) bytes (MemoryLeak.Employee)
sizeof(04de56f8) =        10036 (      0x2734) bytes (MemoryLeak.Employee)
sizeof(04de7e2c) =        10036 (      0x2734) bytes (MemoryLeak.Employee)
sizeof(04dea560) =        10036 (      0x2734) bytes (MemoryLeak.Employee)
sizeof(04decc94) =        10036 (      0x2734) bytes (MemoryLeak.Employee)
sizeof(04def3c8) =        10036 (      0x2734) bytes (MemoryLeak.Employee)
sizeof(04df1afc) =        10036 (      0x2734) bytes (MemoryLeak.Employee)
sizeof(04df4230) =        10036 (      0x2734) bytes (MemoryLeak.Employee)
sizeof(04df6964) =        10036 (      0x2734) bytes (MemoryLeak.Employee)
sizeof(04df9098) =        10036 (      0x2734) bytes (MemoryLeak.Employee)
sizeof(04dfb7cc) =        10036 (      0x2734) bytes (MemoryLeak.Employee)
sizeof(04dfdf00) =        10036 (      0x2734) bytes (MemoryLeak.Employee)
sizeof(04e00634) =        10036 (      0x2734) bytes (MemoryLeak.Employee)
sizeof(04e02d68) =        10036 (      0x2734) bytes (MemoryLeak.Employee)
sizeof(04e0549c) =        10036 (      0x2734) bytes (MemoryLeak.Employee)
sizeof(04e07bd0) =        10036 (      0x2734) bytes (MemoryLeak.Employee)
sizeof(04e0a304) =        10036 (      0x2734) bytes (MemoryLeak.Employee)
sizeof(04e0ca38) =        10036 (      0x2734) bytes (MemoryLeak.Employee)
sizeof(04e0f16c) =        10036 (      0x2734) bytes (MemoryLeak.Employee)
sizeof(04e118a0) =        10036 (      0x2734) bytes (MemoryLeak.Employee)
sizeof(04e13fd4) =        10036 (      0x2734) bytes (MemoryLeak.Employee)
sizeof(04e16708) =        10036 (      0x2734) bytes (MemoryLeak.Employee)
sizeof(04e18e3c) =        10036 (      0x2734) bytes (MemoryLeak.Employee)
sizeof(04e1b570) =        10036 (      0x2734) bytes (MemoryLeak.Employee)
sizeof(04e1dca4) =        10036 (      0x2734) bytes (MemoryLeak.Employee)
sizeof(04e203d8) =        10036 (      0x2734) bytes (MemoryLeak.Employee)
sizeof(04e22b0c) =        10036 (      0x2734) bytes (MemoryLeak.Employee)
sizeof(04e25240) =        10036 (      0x2734) bytes (MemoryLeak.Employee)
sizeof(04e27974) =        10036 (      0x2734) bytes (MemoryLeak.Employee)
sizeof(04e2a0a8) =        10036 (      0x2734) bytes (MemoryLeak.Employee)
sizeof(04e2c7dc) =        10036 (      0x2734) bytes (MemoryLeak.Employee)
sizeof(04e2ef10) =        10036 (      0x2734) bytes (MemoryLeak.Employee)
sizeof(04e31644) =        10036 (      0x2734) bytes (MemoryLeak.Employee)
sizeof(04e33d78) =        10036 (      0x2734) bytes (MemoryLeak.Employee)
sizeof(04e364ac) =        10036 (      0x2734) bytes (MemoryLeak.Employee)
sizeof(04e38be0) =        10036 (      0x2734) bytes (MemoryLeak.Employee)
sizeof(04e3b314) =        10036 (      0x2734) bytes (MemoryLeak.Employee)
sizeof(04e3da48) =        10036 (      0x2734) bytes (MemoryLeak.Employee)
sizeof(04e4017c) =        10036 (      0x2734) bytes (MemoryLeak.Employee)
sizeof(04e428b0) =        10036 (      0x2734) bytes (MemoryLeak.Employee)
sizeof(04e44fe4) =        10036 (      0x2734) bytes (MemoryLeak.Employee)
sizeof(04e47718) =        10036 (      0x2734) bytes (MemoryLeak.Employee)
sizeof(04e49e4c) =        10036 (      0x2734) bytes (MemoryLeak.Employee)
sizeof(04e4c580) =        10036 (      0x2734) bytes (MemoryLeak.Employee)
sizeof(04e4ecb4) =        10036 (      0x2734) bytes (MemoryLeak.Employee)
sizeof(04e513e8) =        10036 (      0x2734) bytes (MemoryLeak.Employee)
sizeof(04e53b1c) =        10036 (      0x2734) bytes (MemoryLeak.Employee)
sizeof(04e56250) =        10036 (      0x2734) bytes (MemoryLeak.Employee)
sizeof(04e58984) =        10036 (      0x2734) bytes (MemoryLeak.Employee)
sizeof(04e5b0b8) =        10036 (      0x2734) bytes (MemoryLeak.Employee)
sizeof(04e5d7ec) =        10036 (      0x2734) bytes (MemoryLeak.Employee)
sizeof(04e5ff20) =        10036 (      0x2734) bytes (MemoryLeak.Employee)
sizeof(04e62654) =        10036 (      0x2734) bytes (MemoryLeak.Employee)
sizeof(04e64d88) =        10036 (      0x2734) bytes (MemoryLeak.Employee)
sizeof(04e674bc) =        10036 (      0x2734) bytes (MemoryLeak.Employee)
sizeof(04e69bf0) =        10036 (      0x2734) bytes (MemoryLeak.Employee)
sizeof(04e6c324) =        10036 (      0x2734) bytes (MemoryLeak.Employee)
sizeof(04e6ea58) =        10036 (      0x2734) bytes (MemoryLeak.Employee)
sizeof(04e7118c) =        10036 (      0x2734) bytes (MemoryLeak.Employee)
sizeof(04e738c0) =        10036 (      0x2734) bytes (MemoryLeak.Employee)
sizeof(04e75ff4) =        10036 (      0x2734) bytes (MemoryLeak.Employee)
sizeof(04e78728) =        10036 (      0x2734) bytes (MemoryLeak.Employee)
sizeof(04e7ae5c) =        10036 (      0x2734) bytes (MemoryLeak.Employee)
sizeof(04e7d590) =        10036 (      0x2734) bytes (MemoryLeak.Employee)
sizeof(04e7fcc4) =        10036 (      0x2734) bytes (MemoryLeak.Employee)
sizeof(04e823f8) =        10036 (      0x2734) bytes (MemoryLeak.Employee)
sizeof(04e84b2c) =        10036 (      0x2734) bytes (MemoryLeak.Employee)
sizeof(04e87260) =        10036 (      0x2734) bytes (MemoryLeak.Employee)
sizeof(04e89994) =        10036 (      0x2734) bytes (MemoryLeak.Employee)
sizeof(04e8c0c8) =        10036 (      0x2734) bytes (MemoryLeak.Employee)
sizeof(04e8e7fc) =        10036 (      0x2734) bytes (MemoryLeak.Employee)
sizeof(04e90f30) =        10036 (      0x2734) bytes (MemoryLeak.Employee)
sizeof(04e93664) =        10036 (      0x2734) bytes (MemoryLeak.Employee)
sizeof(04e95d98) =        10036 (      0x2734) bytes (MemoryLeak.Employee)
sizeof(04e984cc) =        10036 (      0x2734) bytes (MemoryLeak.Employee)
sizeof(04e9ac00) =        10036 (      0x2734) bytes (MemoryLeak.Employee)
sizeof(04e9d334) =        10036 (      0x2734) bytes (MemoryLeak.Employee)
sizeof(04e9fa68) =        10036 (      0x2734) bytes (MemoryLeak.Employee)
sizeof(04ea219c) =        10036 (      0x2734) bytes (MemoryLeak.Employee)
sizeof(04ea48d0) =        10036 (      0x2734) bytes (MemoryLeak.Employee)
sizeof(04ea7004) =        10036 (      0x2734) bytes (MemoryLeak.Employee)
sizeof(04ea9738) =        10036 (      0x2734) bytes (MemoryLeak.Employee)
sizeof(04eabe6c) =        10036 (      0x2734) bytes (MemoryLeak.Employee)
sizeof(04eae5a0) =        10036 (      0x2734) bytes (MemoryLeak.Employee)
sizeof(04eb0cd4) =        10036 (      0x2734) bytes (MemoryLeak.Employee)
sizeof(04eb3408) =        10036 (      0x2734) bytes (MemoryLeak.Employee)
sizeof(04eb5b3c) =        10036 (      0x2734) bytes (MemoryLeak.Employee)
sizeof(04eb8270) =        10036 (      0x2734) bytes (MemoryLeak.Employee)
sizeof(04eba9a4) =        10036 (      0x2734) bytes (MemoryLeak.Employee)
sizeof(04ebd0d8) =        10036 (      0x2734) bytes (MemoryLeak.Employee)
sizeof(04ebf80c) =        10036 (      0x2734) bytes (MemoryLeak.Employee)
sizeof(04ec1f40) =        10036 (      0x2734) bytes (MemoryLeak.Employee)
sizeof(04ec4674) =        10036 (      0x2734) bytes (MemoryLeak.Employee)
sizeof(04ec6da8) =        10036 (      0x2734) bytes (MemoryLeak.Employee)
sizeof(04ec94dc) =        10036 (      0x2734) bytes (MemoryLeak.Employee)
sizeof(04ecbc10) =        10036 (      0x2734) bytes (MemoryLeak.Employee)
sizeof(04ece344) =        10036 (      0x2734) bytes (MemoryLeak.Employee)
sizeof(04ed0a78) =        10036 (      0x2734) bytes (MemoryLeak.Employee)
sizeof(04ed31ac) =        10036 (      0x2734) bytes (MemoryLeak.Employee)
sizeof(04ed58e0) =        10036 (      0x2734) bytes (MemoryLeak.Employee)
sizeof(04ed8014) =        10036 (      0x2734) bytes (MemoryLeak.Employee)
sizeof(04eda748) =        10036 (      0x2734) bytes (MemoryLeak.Employee)
sizeof(04edce7c) =        10036 (      0x2734) bytes (MemoryLeak.Employee)
sizeof(04edf5b0) =        10036 (      0x2734) bytes (MemoryLeak.Employee)
sizeof(04ee1ce4) =        10036 (      0x2734) bytes (MemoryLeak.Employee)
sizeof(04ee4418) =        10036 (      0x2734) bytes (MemoryLeak.Employee)
sizeof(04ee6b4c) =        10036 (      0x2734) bytes (MemoryLeak.Employee)
sizeof(04ee9280) =        10036 (      0x2734) bytes (MemoryLeak.Employee)
sizeof(04eeb9b4) =        10036 (      0x2734) bytes (MemoryLeak.Employee)
sizeof(04eee0e8) =        10036 (      0x2734) bytes (MemoryLeak.Employee)
sizeof(04ef081c) =        10036 (      0x2734) bytes (MemoryLeak.Employee)
sizeof(04ef2f50) =        10036 (      0x2734) bytes (MemoryLeak.Employee)
sizeof(04ef5684) =        10036 (      0x2734) bytes (MemoryLeak.Employee)
sizeof(04ef7db8) =        10036 (      0x2734) bytes (MemoryLeak.Employee)
sizeof(04efa4ec) =        10036 (      0x2734) bytes (MemoryLeak.Employee)
sizeof(04efcc20) =        10036 (      0x2734) bytes (MemoryLeak.Employee)
sizeof(04eff354) =        10036 (      0x2734) bytes (MemoryLeak.Employee)
sizeof(04f01a88) =        10036 (      0x2734) bytes (MemoryLeak.Employee)
sizeof(04f041bc) =        10036 (      0x2734) bytes (MemoryLeak.Employee)
sizeof(04f068f0) =        10036 (      0x2734) bytes (MemoryLeak.Employee)
sizeof(04f09024) =        10036 (      0x2734) bytes (MemoryLeak.Employee)
sizeof(04f0b758) =        10036 (      0x2734) bytes (MemoryLeak.Employee)
sizeof(04f0de8c) =        10036 (      0x2734) bytes (MemoryLeak.Employee)
sizeof(04f105c0) =        10036 (      0x2734) bytes (MemoryLeak.Employee)
sizeof(04f12cf4) =        10036 (      0x2734) bytes (MemoryLeak.Employee)
sizeof(04f15428) =        10036 (      0x2734) bytes (MemoryLeak.Employee)
sizeof(04f17b5c) =        10036 (      0x2734) bytes (MemoryLeak.Employee)
sizeof(04f1a290) =        10036 (      0x2734) bytes (MemoryLeak.Employee)
sizeof(04f1c9c4) =        10036 (      0x2734) bytes (MemoryLeak.Employee)
sizeof(04f1f0f8) =        10036 (      0x2734) bytes (MemoryLeak.Employee)
sizeof(04f2182c) =        10036 (      0x2734) bytes (MemoryLeak.Employee)
sizeof(04f23f60) =        10036 (      0x2734) bytes (MemoryLeak.Employee)
sizeof(04f26694) =        10036 (      0x2734) bytes (MemoryLeak.Employee)
sizeof(04f28dc8) =        10036 (      0x2734) bytes (MemoryLeak.Employee)
sizeof(04f2b4fc) =        10036 (      0x2734) bytes (MemoryLeak.Employee)
sizeof(04f2dc30) =        10036 (      0x2734) bytes (MemoryLeak.Employee)
sizeof(04f30364) =        10036 (      0x2734) bytes (MemoryLeak.Employee)
sizeof(04f32a98) =        10036 (      0x2734) bytes (MemoryLeak.Employee)
sizeof(04f351cc) =        10036 (      0x2734) bytes (MemoryLeak.Employee)
sizeof(04f37900) =        10036 (      0x2734) bytes (MemoryLeak.Employee)
sizeof(04f3a034) =        10036 (      0x2734) bytes (MemoryLeak.Employee)
sizeof(04f3c768) =        10036 (      0x2734) bytes (MemoryLeak.Employee)
sizeof(04f3ee9c) =        10036 (      0x2734) bytes (MemoryLeak.Employee)
sizeof(04f415d0) =        10036 (      0x2734) bytes (MemoryLeak.Employee)
sizeof(04f43d34) =        10036 (      0x2734) bytes (MemoryLeak.Employee)
sizeof(04f46468) =        10036 (      0x2734) bytes (MemoryLeak.Employee)
sizeof(04f48b9c) =        10036 (      0x2734) bytes (MemoryLeak.Employee)
sizeof(04f4b2d0) =        10036 (      0x2734) bytes (MemoryLeak.Employee)
sizeof(04f4da04) =        10036 (      0x2734) bytes (MemoryLeak.Employee)
sizeof(04f50138) =        10036 (      0x2734) bytes (MemoryLeak.Employee)
sizeof(04f5286c) =        10036 (      0x2734) bytes (MemoryLeak.Employee)
sizeof(04f54fa0) =        10036 (      0x2734) bytes (MemoryLeak.Employee)
sizeof(04f576d4) =        10036 (      0x2734) bytes (MemoryLeak.Employee)
sizeof(04f59e08) =        10036 (      0x2734) bytes (MemoryLeak.Employee)
sizeof(04f5c53c) =        10036 (      0x2734) bytes (MemoryLeak.Employee)
sizeof(04f5ec70) =        10036 (      0x2734) bytes (MemoryLeak.Employee)
sizeof(04f613a4) =        10036 (      0x2734) bytes (MemoryLeak.Employee)
sizeof(04f63ad8) =        10036 (      0x2734) bytes (MemoryLeak.Employee)
sizeof(04f6620c) =        10036 (      0x2734) bytes (MemoryLeak.Employee)
sizeof(04f68940) =        10036 (      0x2734) bytes (MemoryLeak.Employee)
sizeof(04f6b074) =        10036 (      0x2734) bytes (MemoryLeak.Employee)
sizeof(04f6d7a8) =        10036 (      0x2734) bytes (MemoryLeak.Employee)
sizeof(04f6fedc) =        10036 (      0x2734) bytes (MemoryLeak.Employee)
sizeof(04f72610) =        10036 (      0x2734) bytes (MemoryLeak.Employee)
sizeof(04f74d44) =        10036 (      0x2734) bytes (MemoryLeak.Employee)
sizeof(04f77478) =        10036 (      0x2734) bytes (MemoryLeak.Employee)
sizeof(04f79bac) =        10036 (      0x2734) bytes (MemoryLeak.Employee)
sizeof(04f7c2e0) =        10036 (      0x2734) bytes (MemoryLeak.Employee)
sizeof(04f7ea14) =        10036 (      0x2734) bytes (MemoryLeak.Employee)
sizeof(04f81148) =        10036 (      0x2734) bytes (MemoryLeak.Employee)
sizeof(04f8387c) =        10036 (      0x2734) bytes (MemoryLeak.Employee)
sizeof(04f85fb0) =        10036 (      0x2734) bytes (MemoryLeak.Employee)
sizeof(04f886e4) =        10036 (      0x2734) bytes (MemoryLeak.Employee)
sizeof(04f8ae18) =        10036 (      0x2734) bytes (MemoryLeak.Employee)
sizeof(04f8d54c) =        10036 (      0x2734) bytes (MemoryLeak.Employee)
sizeof(04f8fc80) =        10036 (      0x2734) bytes (MemoryLeak.Employee)
sizeof(04f923b4) =        10036 (      0x2734) bytes (MemoryLeak.Employee)
sizeof(04f94ae8) =        10036 (      0x2734) bytes (MemoryLeak.Employee)
sizeof(04f9721c) =        10036 (      0x2734) bytes (MemoryLeak.Employee)
sizeof(04f99950) =        10036 (      0x2734) bytes (MemoryLeak.Employee)
sizeof(04f9c084) =        10036 (      0x2734) bytes (MemoryLeak.Employee)
sizeof(04f9e7b8) =        10036 (      0x2734) bytes (MemoryLeak.Employee)
sizeof(04fa0eec) =        10036 (      0x2734) bytes (MemoryLeak.Employee)
sizeof(04fa3620) =        10036 (      0x2734) bytes (MemoryLeak.Employee)
sizeof(04fa5d54) =        10036 (      0x2734) bytes (MemoryLeak.Employee)
sizeof(04fa8488) =        10036 (      0x2734) bytes (MemoryLeak.Employee)
sizeof(04faabbc) =        10036 (      0x2734) bytes (MemoryLeak.Employee)
sizeof(04fad2f0) =        10036 (      0x2734) bytes (MemoryLeak.Employee)
sizeof(04fafa24) =        10036 (      0x2734) bytes (MemoryLeak.Employee)
sizeof(04fb2158) =        10036 (      0x2734) bytes (MemoryLeak.Employee)
sizeof(04fb488c) =        10036 (      0x2734) bytes (MemoryLeak.Employee)
sizeof(04fb6fc0) =        10036 (      0x2734) bytes (MemoryLeak.Employee)
sizeof(04fb96f4) =        10036 (      0x2734) bytes (MemoryLeak.Employee)
sizeof(04fbbe28) =        10036 (      0x2734) bytes (MemoryLeak.Employee)
sizeof(04fbe55c) =        10036 (      0x2734) bytes (MemoryLeak.Employee)
sizeof(04fc0c90) =        10036 (      0x2734) bytes (MemoryLeak.Employee)
sizeof(04fc33c4) =        10036 (      0x2734) bytes (MemoryLeak.Employee)
sizeof(04fc5af8) =        10036 (      0x2734) bytes (MemoryLeak.Employee)
sizeof(04fc822c) =        10036 (      0x2734) bytes (MemoryLeak.Employee)
sizeof(04fca960) =        10036 (      0x2734) bytes (MemoryLeak.Employee)
sizeof(04fcd094) =        10036 (      0x2734) bytes (MemoryLeak.Employee)
sizeof(04fcf7c8) =        10036 (      0x2734) bytes (MemoryLeak.Employee)
sizeof(04fd1efc) =        10036 (      0x2734) bytes (MemoryLeak.Employee)
sizeof(04fd4630) =        10036 (      0x2734) bytes (MemoryLeak.Employee)
sizeof(04fd6d64) =        10036 (      0x2734) bytes (MemoryLeak.Employee)
sizeof(04fd9498) =        10036 (      0x2734) bytes (MemoryLeak.Employee)
sizeof(04fdbbcc) =        10036 (      0x2734) bytes (MemoryLeak.Employee)
sizeof(04fde300) =        10036 (      0x2734) bytes (MemoryLeak.Employee)
sizeof(04fe0a34) =        10036 (      0x2734) bytes (MemoryLeak.Employee)
sizeof(04fe3168) =        10036 (      0x2734) bytes (MemoryLeak.Employee)
sizeof(04fe589c) =        10036 (      0x2734) bytes (MemoryLeak.Employee)
sizeof(04fe7fd0) =        10036 (      0x2734) bytes (MemoryLeak.Employee)
sizeof(04fea704) =        10036 (      0x2734) bytes (MemoryLeak.Employee)
sizeof(04fece38) =        10036 (      0x2734) bytes (MemoryLeak.Employee)
sizeof(04fef56c) =        10036 (      0x2734) bytes (MemoryLeak.Employee)
sizeof(04ff1ca0) =        10036 (      0x2734) bytes (MemoryLeak.Employee)
sizeof(04ff43d4) =        10036 (      0x2734) bytes (MemoryLeak.Employee)
sizeof(04ff6b08) =        10036 (      0x2734) bytes (MemoryLeak.Employee)
sizeof(04ff923c) =        10036 (      0x2734) bytes (MemoryLeak.Employee)
sizeof(04ffb970) =        10036 (      0x2734) bytes (MemoryLeak.Employee)
sizeof(04ffe0a4) =        10036 (      0x2734) bytes (MemoryLeak.Employee)
sizeof(050007d8) =        10036 (      0x2734) bytes (MemoryLeak.Employee)
sizeof(05002f0c) =        10036 (      0x2734) bytes (MemoryLeak.Employee)
sizeof(05005640) =        10036 (      0x2734) bytes (MemoryLeak.Employee)
sizeof(05007d74) =        10036 (      0x2734) bytes (MemoryLeak.Employee)
sizeof(0500a4a8) =        10036 (      0x2734) bytes (MemoryLeak.Employee)
sizeof(0500cbdc) =        10036 (      0x2734) bytes (MemoryLeak.Employee)
sizeof(0500f310) =        10036 (      0x2734) bytes (MemoryLeak.Employee)
sizeof(05011a44) =        10036 (      0x2734) bytes (MemoryLeak.Employee)
sizeof(05014178) =        10036 (      0x2734) bytes (MemoryLeak.Employee)
sizeof(050168ac) =        10036 (      0x2734) bytes (MemoryLeak.Employee)
sizeof(05018fe0) =        10036 (      0x2734) bytes (MemoryLeak.Employee)
sizeof(0501b714) =        10036 (      0x2734) bytes (MemoryLeak.Employee)
sizeof(0501de48) =        10036 (      0x2734) bytes (MemoryLeak.Employee)
sizeof(0502057c) =        10036 (      0x2734) bytes (MemoryLeak.Employee)
sizeof(05022cb0) =        10036 (      0x2734) bytes (MemoryLeak.Employee)
sizeof(050253e4) =        10036 (      0x2734) bytes (MemoryLeak.Employee)
sizeof(05027b18) =        10036 (      0x2734) bytes (MemoryLeak.Employee)
sizeof(0502a24c) =        10036 (      0x2734) bytes (MemoryLeak.Employee)
sizeof(0502c980) =        10036 (      0x2734) bytes (MemoryLeak.Employee)
sizeof(0502f0b4) =        10036 (      0x2734) bytes (MemoryLeak.Employee)
sizeof(050317e8) =        10036 (      0x2734) bytes (MemoryLeak.Employee)
sizeof(05033f1c) =        10036 (      0x2734) bytes (MemoryLeak.Employee)
sizeof(05036650) =        10036 (      0x2734) bytes (MemoryLeak.Employee)
sizeof(05038d84) =        10036 (      0x2734) bytes (MemoryLeak.Employee)
sizeof(0503b4b8) =        10036 (      0x2734) bytes (MemoryLeak.Employee)
sizeof(0503dbec) =        10036 (      0x2734) bytes (MemoryLeak.Employee)
sizeof(05040320) =        10036 (      0x2734) bytes (MemoryLeak.Employee)
sizeof(05042a54) =        10036 (      0x2734) bytes (MemoryLeak.Employee)
sizeof(05045188) =        10036 (      0x2734) bytes (MemoryLeak.Employee)
sizeof(050478bc) =        10036 (      0x2734) bytes (MemoryLeak.Employee)
sizeof(05049ff0) =        10036 (      0x2734) bytes (MemoryLeak.Employee)
sizeof(0504c724) =        10036 (      0x2734) bytes (MemoryLeak.Employee)
sizeof(0504ee58) =        10036 (      0x2734) bytes (MemoryLeak.Employee)
sizeof(0505158c) =        10036 (      0x2734) bytes (MemoryLeak.Employee)
sizeof(05053cc0) =        10036 (      0x2734) bytes (MemoryLeak.Employee)
sizeof(050563f4) =        10036 (      0x2734) bytes (MemoryLeak.Employee)
sizeof(05058b28) =        10036 (      0x2734) bytes (MemoryLeak.Employee)
sizeof(0505b25c) =        10036 (      0x2734) bytes (MemoryLeak.Employee)
sizeof(0505d990) =        10036 (      0x2734) bytes (MemoryLeak.Employee)
sizeof(050600c4) =        10036 (      0x2734) bytes (MemoryLeak.Employee)
sizeof(050627f8) =        10036 (      0x2734) bytes (MemoryLeak.Employee)
sizeof(05064f2c) =        10036 (      0x2734) bytes (MemoryLeak.Employee)
sizeof(05067660) =        10036 (      0x2734) bytes (MemoryLeak.Employee)
sizeof(05069d94) =        10036 (      0x2734) bytes (MemoryLeak.Employee)
sizeof(0506c4c8) =        10036 (      0x2734) bytes (MemoryLeak.Employee)
sizeof(0506ebfc) =        10036 (      0x2734) bytes (MemoryLeak.Employee)
sizeof(05071330) =        10036 (      0x2734) bytes (MemoryLeak.Employee)
sizeof(05073a64) =        10036 (      0x2734) bytes (MemoryLeak.Employee)
sizeof(05076198) =        10036 (      0x2734) bytes (MemoryLeak.Employee)
sizeof(050788cc) =        10036 (      0x2734) bytes (MemoryLeak.Employee)
sizeof(0507b000) =        10036 (      0x2734) bytes (MemoryLeak.Employee)
sizeof(0507d734) =        10036 (      0x2734) bytes (MemoryLeak.Employee)
sizeof(0507fe68) =        10036 (      0x2734) bytes (MemoryLeak.Employee)
sizeof(0508259c) =        10036 (      0x2734) bytes (MemoryLeak.Employee)
sizeof(05084cd0) =        10036 (      0x2734) bytes (MemoryLeak.Employee)
sizeof(05087404) =        10036 (      0x2734) bytes (MemoryLeak.Employee)
sizeof(05089b38) =        10036 (      0x2734) bytes (MemoryLeak.Employee)
sizeof(0508c26c) =        10036 (      0x2734) bytes (MemoryLeak.Employee)
sizeof(0508e9a0) =        10036 (      0x2734) bytes (MemoryLeak.Employee)
sizeof(050910d4) =        10036 (      0x2734) bytes (MemoryLeak.Employee)
sizeof(05093808) =        10036 (      0x2734) bytes (MemoryLeak.Employee)
sizeof(05095f3c) =        10036 (      0x2734) bytes (MemoryLeak.Employee)
sizeof(05098670) =        10036 (      0x2734) bytes (MemoryLeak.Employee)
sizeof(0509ada4) =        10036 (      0x2734) bytes (MemoryLeak.Employee)
sizeof(0509d4d8) =        10036 (      0x2734) bytes (MemoryLeak.Employee)
sizeof(0509fc0c) =        10036 (      0x2734) bytes (MemoryLeak.Employee)
sizeof(050a2340) =        10036 (      0x2734) bytes (MemoryLeak.Employee)
sizeof(050a4a74) =        10036 (      0x2734) bytes (MemoryLeak.Employee)
sizeof(050a71a8) =        10036 (      0x2734) bytes (MemoryLeak.Employee)
sizeof(050a98dc) =        10036 (      0x2734) bytes (MemoryLeak.Employee)
sizeof(050ac010) =        10036 (      0x2734) bytes (MemoryLeak.Employee)
sizeof(050ae744) =        10036 (      0x2734) bytes (MemoryLeak.Employee)
sizeof(050b0e78) =        10036 (      0x2734) bytes (MemoryLeak.Employee)
sizeof(050b35ac) =        10036 (      0x2734) bytes (MemoryLeak.Employee)
sizeof(050b5ce0) =        10036 (      0x2734) bytes (MemoryLeak.Employee)
sizeof(050b8414) =        10036 (      0x2734) bytes (MemoryLeak.Employee)
sizeof(050bab48) =        10036 (      0x2734) bytes (MemoryLeak.Employee)
sizeof(050bd27c) =        10036 (      0x2734) bytes (MemoryLeak.Employee)
sizeof(050bf9b0) =        10036 (      0x2734) bytes (MemoryLeak.Employee)
sizeof(050c20e4) =        10036 (      0x2734) bytes (MemoryLeak.Employee)
sizeof(050c4818) =        10036 (      0x2734) bytes (MemoryLeak.Employee)
sizeof(050c6f4c) =        10036 (      0x2734) bytes (MemoryLeak.Employee)
sizeof(050c9680) =        10036 (      0x2734) bytes (MemoryLeak.Employee)
sizeof(050cbdb4) =        10036 (      0x2734) bytes (MemoryLeak.Employee)
sizeof(050ce4e8) =        10036 (      0x2734) bytes (MemoryLeak.Employee)
sizeof(050d0c1c) =        10036 (      0x2734) bytes (MemoryLeak.Employee)
sizeof(050d3350) =        10036 (      0x2734) bytes (MemoryLeak.Employee)
sizeof(050d5a84) =        10036 (      0x2734) bytes (MemoryLeak.Employee)
sizeof(050d81b8) =        10036 (      0x2734) bytes (MemoryLeak.Employee)
sizeof(050da8ec) =        10036 (      0x2734) bytes (MemoryLeak.Employee)
sizeof(050dd020) =        10036 (      0x2734) bytes (MemoryLeak.Employee)
sizeof(050df754) =        10036 (      0x2734) bytes (MemoryLeak.Employee)
sizeof(050e1e88) =        10036 (      0x2734) bytes (MemoryLeak.Employee)
sizeof(050e45bc) =        10036 (      0x2734) bytes (MemoryLeak.Employee)
sizeof(050e6cf0) =        10036 (      0x2734) bytes (MemoryLeak.Employee)
sizeof(050e9424) =        10036 (      0x2734) bytes (MemoryLeak.Employee)
sizeof(050ebb58) =        10036 (      0x2734) bytes (MemoryLeak.Employee)
sizeof(050ee28c) =        10036 (      0x2734) bytes (MemoryLeak.Employee)
sizeof(050f09c0) =        10036 (      0x2734) bytes (MemoryLeak.Employee)
sizeof(050f30f4) =        10036 (      0x2734) bytes (MemoryLeak.Employee)
sizeof(050f5828) =        10036 (      0x2734) bytes (MemoryLeak.Employee)
sizeof(050f7f5c) =        10036 (      0x2734) bytes (MemoryLeak.Employee)
sizeof(050fa690) =        10036 (      0x2734) bytes (MemoryLeak.Employee)
sizeof(050fcdc4) =        10036 (      0x2734) bytes (MemoryLeak.Employee)
sizeof(050ff4f8) =        10036 (      0x2734) bytes (MemoryLeak.Employee)
sizeof(05101c2c) =        10036 (      0x2734) bytes (MemoryLeak.Employee)
sizeof(05104360) =        10036 (      0x2734) bytes (MemoryLeak.Employee)
sizeof(05106a94) =        10036 (      0x2734) bytes (MemoryLeak.Employee)
sizeof(051091c8) =        10036 (      0x2734) bytes (MemoryLeak.Employee)
sizeof(0510b8fc) =        10036 (      0x2734) bytes (MemoryLeak.Employee)
sizeof(0510e030) =        10036 (      0x2734) bytes (MemoryLeak.Employee)
sizeof(05110764) =        10036 (      0x2734) bytes (MemoryLeak.Employee)
sizeof(05112e98) =        10036 (      0x2734) bytes (MemoryLeak.Employee)
sizeof(051155cc) =        10036 (      0x2734) bytes (MemoryLeak.Employee)
sizeof(05117d00) =        10036 (      0x2734) bytes (MemoryLeak.Employee)
sizeof(0511a434) =        10036 (      0x2734) bytes (MemoryLeak.Employee)
sizeof(0511cb68) =        10036 (      0x2734) bytes (MemoryLeak.Employee)
sizeof(0511f29c) =        10036 (      0x2734) bytes (MemoryLeak.Employee)
sizeof(051219d0) =        10036 (      0x2734) bytes (MemoryLeak.Employee)
sizeof(05124104) =        10036 (      0x2734) bytes (MemoryLeak.Employee)
sizeof(05126838) =        10036 (      0x2734) bytes (MemoryLeak.Employee)
sizeof(05128f6c) =        10036 (      0x2734) bytes (MemoryLeak.Employee)
sizeof(0512b6a0) =        10036 (      0x2734) bytes (MemoryLeak.Employee)
sizeof(0512ddd4) =        10036 (      0x2734) bytes (MemoryLeak.Employee)
sizeof(05130508) =        10036 (      0x2734) bytes (MemoryLeak.Employee)
sizeof(05132c3c) =        10036 (      0x2734) bytes (MemoryLeak.Employee)
sizeof(05135370) =        10036 (      0x2734) bytes (MemoryLeak.Employee)
sizeof(05137aa4) =        10036 (      0x2734) bytes (MemoryLeak.Employee)
sizeof(0513a1d8) =        10036 (      0x2734) bytes (MemoryLeak.Employee)
sizeof(0513c90c) =        10036 (      0x2734) bytes (MemoryLeak.Employee)
sizeof(0513f040) =        10036 (      0x2734) bytes (MemoryLeak.Employee)
sizeof(05141774) =        10036 (      0x2734) bytes (MemoryLeak.Employee)
sizeof(05143ea8) =        10036 (      0x2734) bytes (MemoryLeak.Employee)
sizeof(051465dc) =        10036 (      0x2734) bytes (MemoryLeak.Employee)
sizeof(05148d10) =        10036 (      0x2734) bytes (MemoryLeak.Employee)
sizeof(0514b444) =        10036 (      0x2734) bytes (MemoryLeak.Employee)
sizeof(0514db78) =        10036 (      0x2734) bytes (MemoryLeak.Employee)
sizeof(051502ac) =        10036 (      0x2734) bytes (MemoryLeak.Employee)
sizeof(051529e0) =        10036 (      0x2734) bytes (MemoryLeak.Employee)
sizeof(05155114) =        10036 (      0x2734) bytes (MemoryLeak.Employee)
sizeof(05157848) =        10036 (      0x2734) bytes (MemoryLeak.Employee)
sizeof(05159f7c) =        10036 (      0x2734) bytes (MemoryLeak.Employee)
sizeof(0515c6b0) =        10036 (      0x2734) bytes (MemoryLeak.Employee)
sizeof(0515ede4) =        10036 (      0x2734) bytes (MemoryLeak.Employee)
sizeof(05161518) =        10036 (      0x2734) bytes (MemoryLeak.Employee)
sizeof(05163c4c) =        10036 (      0x2734) bytes (MemoryLeak.Employee)
sizeof(05166380) =        10036 (      0x2734) bytes (MemoryLeak.Employee)
sizeof(05168ab4) =        10036 (      0x2734) bytes (MemoryLeak.Employee)
sizeof(0516b1e8) =        10036 (      0x2734) bytes (MemoryLeak.Employee)
sizeof(0516d91c) =        10036 (      0x2734) bytes (MemoryLeak.Employee)
sizeof(05170050) =        10036 (      0x2734) bytes (MemoryLeak.Employee)
sizeof(05172784) =        10036 (      0x2734) bytes (MemoryLeak.Employee)
sizeof(05174eb8) =        10036 (      0x2734) bytes (MemoryLeak.Employee)
sizeof(051775ec) =        10036 (      0x2734) bytes (MemoryLeak.Employee)
sizeof(05179d20) =        10036 (      0x2734) bytes (MemoryLeak.Employee)
sizeof(0517c454) =        10036 (      0x2734) bytes (MemoryLeak.Employee)
sizeof(0517eb88) =        10036 (      0x2734) bytes (MemoryLeak.Employee)
sizeof(051812bc) =        10036 (      0x2734) bytes (MemoryLeak.Employee)
sizeof(051839f0) =        10036 (      0x2734) bytes (MemoryLeak.Employee)
sizeof(05186124) =        10036 (      0x2734) bytes (MemoryLeak.Employee)
sizeof(05188858) =        10036 (      0x2734) bytes (MemoryLeak.Employee)
sizeof(0518af8c) =        10036 (      0x2734) bytes (MemoryLeak.Employee)
sizeof(0518d6c0) =        10036 (      0x2734) bytes (MemoryLeak.Employee)
sizeof(0518fdf4) =        10036 (      0x2734) bytes (MemoryLeak.Employee)
sizeof(05192528) =        10036 (      0x2734) bytes (MemoryLeak.Employee)
sizeof(05194c5c) =        10036 (      0x2734) bytes (MemoryLeak.Employee)
sizeof(05197390) =        10036 (      0x2734) bytes (MemoryLeak.Employee)
sizeof(05199ac4) =        10036 (      0x2734) bytes (MemoryLeak.Employee)
sizeof(0519c1f8) =        10036 (      0x2734) bytes (MemoryLeak.Employee)
sizeof(0519e92c) =        10036 (      0x2734) bytes (MemoryLeak.Employee)
sizeof(051a1060) =        10036 (      0x2734) bytes (MemoryLeak.Employee)
sizeof(051a3794) =        10036 (      0x2734) bytes (MemoryLeak.Employee)
sizeof(051a5ec8) =        10036 (      0x2734) bytes (MemoryLeak.Employee)
sizeof(051a85fc) =        10036 (      0x2734) bytes (MemoryLeak.Employee)
sizeof(051aad30) =        10036 (      0x2734) bytes (MemoryLeak.Employee)
sizeof(051ad464) =        10036 (      0x2734) bytes (MemoryLeak.Employee)
sizeof(051afb98) =        10036 (      0x2734) bytes (MemoryLeak.Employee)
sizeof(051b22cc) =        10036 (      0x2734) bytes (MemoryLeak.Employee)
sizeof(051b4a00) =        10036 (      0x2734) bytes (MemoryLeak.Employee)
sizeof(051b7134) =        10036 (      0x2734) bytes (MemoryLeak.Employee)
sizeof(051b9868) =        10036 (      0x2734) bytes (MemoryLeak.Employee)
sizeof(051bbf9c) =        10036 (      0x2734) bytes (MemoryLeak.Employee)
sizeof(051be6d0) =        10036 (      0x2734) bytes (MemoryLeak.Employee)
sizeof(051c0e04) =        10036 (      0x2734) bytes (MemoryLeak.Employee)
sizeof(051c3538) =        10036 (      0x2734) bytes (MemoryLeak.Employee)
sizeof(051c5c6c) =        10036 (      0x2734) bytes (MemoryLeak.Employee)
sizeof(051c83a0) =        10036 (      0x2734) bytes (MemoryLeak.Employee)
sizeof(051caad4) =        10036 (      0x2734) bytes (MemoryLeak.Employee)
sizeof(051cd208) =        10036 (      0x2734) bytes (MemoryLeak.Employee)
sizeof(051cf93c) =        10036 (      0x2734) bytes (MemoryLeak.Employee)
sizeof(051d2070) =        10036 (      0x2734) bytes (MemoryLeak.Employee)
sizeof(051d47a4) =        10036 (      0x2734) bytes (MemoryLeak.Employee)
sizeof(051d6ed8) =        10036 (      0x2734) bytes (MemoryLeak.Employee)
sizeof(051d960c) =        10036 (      0x2734) bytes (MemoryLeak.Employee)
sizeof(051dbd40) =        10036 (      0x2734) bytes (MemoryLeak.Employee)
sizeof(051de474) =        10036 (      0x2734) bytes (MemoryLeak.Employee)
sizeof(051e0ba8) =        10036 (      0x2734) bytes (MemoryLeak.Employee)
sizeof(051e32dc) =        10036 (      0x2734) bytes (MemoryLeak.Employee)
sizeof(051e5a10) =        10036 (      0x2734) bytes (MemoryLeak.Employee)
sizeof(051e8144) =        10036 (      0x2734) bytes (MemoryLeak.Employee)
sizeof(051ea878) =        10036 (      0x2734) bytes (MemoryLeak.Employee)
sizeof(051ecfac) =        10036 (      0x2734) bytes (MemoryLeak.Employee)
sizeof(051ef6e0) =        10036 (      0x2734) bytes (MemoryLeak.Employee)
sizeof(051f1e14) =        10036 (      0x2734) bytes (MemoryLeak.Employee)
sizeof(051f4548) =        10036 (      0x2734) bytes (MemoryLeak.Employee)
sizeof(051f6c7c) =        10036 (      0x2734) bytes (MemoryLeak.Employee)
sizeof(051f93b0) =        10036 (      0x2734) bytes (MemoryLeak.Employee)
sizeof(051fbae4) =        10036 (      0x2734) bytes (MemoryLeak.Employee)
sizeof(051fe218) =        10036 (      0x2734) bytes (MemoryLeak.Employee)
sizeof(0520094c) =        10036 (      0x2734) bytes (MemoryLeak.Employee)
sizeof(05203080) =        10036 (      0x2734) bytes (MemoryLeak.Employee)
sizeof(052057b4) =        10036 (      0x2734) bytes (MemoryLeak.Employee)
sizeof(05207ee8) =        10036 (      0x2734) bytes (MemoryLeak.Employee)
sizeof(0520a61c) =        10036 (      0x2734) bytes (MemoryLeak.Employee)
sizeof(0520cd50) =        10036 (      0x2734) bytes (MemoryLeak.Employee)
sizeof(0520f484) =        10036 (      0x2734) bytes (MemoryLeak.Employee)
sizeof(05211bb8) =        10036 (      0x2734) bytes (MemoryLeak.Employee)
sizeof(052142ec) =        10036 (      0x2734) bytes (MemoryLeak.Employee)
sizeof(05216a20) =        10036 (      0x2734) bytes (MemoryLeak.Employee)
sizeof(05219154) =        10036 (      0x2734) bytes (MemoryLeak.Employee)
sizeof(0521b888) =        10036 (      0x2734) bytes (MemoryLeak.Employee)
sizeof(0521dfbc) =        10036 (      0x2734) bytes (MemoryLeak.Employee)
sizeof(052206f0) =        10036 (      0x2734) bytes (MemoryLeak.Employee)
sizeof(05222e24) =        10036 (      0x2734) bytes (MemoryLeak.Employee)
sizeof(05225558) =        10036 (      0x2734) bytes (MemoryLeak.Employee)
sizeof(05227c8c) =        10036 (      0x2734) bytes (MemoryLeak.Employee)
sizeof(0522a3c0) =        10036 (      0x2734) bytes (MemoryLeak.Employee)
sizeof(0522caf4) =        10036 (      0x2734) bytes (MemoryLeak.Employee)
sizeof(0522f228) =        10036 (      0x2734) bytes (MemoryLeak.Employee)
sizeof(0523195c) =        10036 (      0x2734) bytes (MemoryLeak.Employee)
sizeof(05234090) =        10036 (      0x2734) bytes (MemoryLeak.Employee)
sizeof(052367c4) =        10036 (      0x2734) bytes (MemoryLeak.Employee)
sizeof(05238ef8) =        10036 (      0x2734) bytes (MemoryLeak.Employee)
sizeof(0523b62c) =        10036 (      0x2734) bytes (MemoryLeak.Employee)
sizeof(0523dd60) =        10036 (      0x2734) bytes (MemoryLeak.Employee)
sizeof(05240494) =        10036 (      0x2734) bytes (MemoryLeak.Employee)
sizeof(05242bc8) =        10036 (      0x2734) bytes (MemoryLeak.Employee)
sizeof(052452fc) =        10036 (      0x2734) bytes (MemoryLeak.Employee)
sizeof(05247a30) =        10036 (      0x2734) bytes (MemoryLeak.Employee)
sizeof(0524a164) =        10036 (      0x2734) bytes (MemoryLeak.Employee)
sizeof(0524c898) =        10036 (      0x2734) bytes (MemoryLeak.Employee)
sizeof(0524efcc) =        10036 (      0x2734) bytes (MemoryLeak.Employee)
sizeof(05251700) =        10036 (      0x2734) bytes (MemoryLeak.Employee)
sizeof(05253e34) =        10036 (      0x2734) bytes (MemoryLeak.Employee)
sizeof(05256568) =        10036 (      0x2734) bytes (MemoryLeak.Employee)
sizeof(05258c9c) =        10036 (      0x2734) bytes (MemoryLeak.Employee)
sizeof(0525b3d0) =        10036 (      0x2734) bytes (MemoryLeak.Employee)
sizeof(0525db04) =        10036 (      0x2734) bytes (MemoryLeak.Employee)
sizeof(05260238) =        10036 (      0x2734) bytes (MemoryLeak.Employee)
sizeof(0526296c) =        10036 (      0x2734) bytes (MemoryLeak.Employee)
sizeof(052650a0) =        10036 (      0x2734) bytes (MemoryLeak.Employee)
sizeof(052677d4) =        10036 (      0x2734) bytes (MemoryLeak.Employee)
sizeof(05269f08) =        10036 (      0x2734) bytes (MemoryLeak.Employee)
sizeof(0526c63c) =        10036 (      0x2734) bytes (MemoryLeak.Employee)
sizeof(0526ed70) =        10036 (      0x2734) bytes (MemoryLeak.Employee)
sizeof(052714a4) =        10036 (      0x2734) bytes (MemoryLeak.Employee)
sizeof(05273bd8) =        10036 (      0x2734) bytes (MemoryLeak.Employee)
sizeof(0527630c) =        10036 (      0x2734) bytes (MemoryLeak.Employee)
sizeof(05278a40) =        10036 (      0x2734) bytes (MemoryLeak.Employee)
sizeof(0527b174) =        10036 (      0x2734) bytes (MemoryLeak.Employee)
sizeof(0527d8a8) =        10036 (      0x2734) bytes (MemoryLeak.Employee)
sizeof(0527ffdc) =        10036 (      0x2734) bytes (MemoryLeak.Employee)
sizeof(05282710) =        10036 (      0x2734) bytes (MemoryLeak.Employee)
sizeof(05284e44) =        10036 (      0x2734) bytes (MemoryLeak.Employee)
sizeof(05287578) =        10036 (      0x2734) bytes (MemoryLeak.Employee)
sizeof(05289cac) =        10036 (      0x2734) bytes (MemoryLeak.Employee)
sizeof(0528c3e0) =        10036 (      0x2734) bytes (MemoryLeak.Employee)
sizeof(0528eb14) =        10036 (      0x2734) bytes (MemoryLeak.Employee)
sizeof(05291248) =        10036 (      0x2734) bytes (MemoryLeak.Employee)
sizeof(0529397c) =        10036 (      0x2734) bytes (MemoryLeak.Employee)
sizeof(052960b0) =        10036 (      0x2734) bytes (MemoryLeak.Employee)
sizeof(052987e4) =        10036 (      0x2734) bytes (MemoryLeak.Employee)
sizeof(0529af18) =        10036 (      0x2734) bytes (MemoryLeak.Employee)
sizeof(0529d64c) =        10036 (      0x2734) bytes (MemoryLeak.Employee)
sizeof(0529fd80) =        10036 (      0x2734) bytes (MemoryLeak.Employee)
sizeof(052a24b4) =        10036 (      0x2734) bytes (MemoryLeak.Employee)
sizeof(052a4be8) =        10036 (      0x2734) bytes (MemoryLeak.Employee)
sizeof(052a731c) =        10036 (      0x2734) bytes (MemoryLeak.Employee)
sizeof(052a9a50) =        10036 (      0x2734) bytes (MemoryLeak.Employee)
sizeof(052ac184) =        10036 (      0x2734) bytes (MemoryLeak.Employee)
sizeof(052ae8b8) =        10036 (      0x2734) bytes (MemoryLeak.Employee)
sizeof(052b0fec) =        10036 (      0x2734) bytes (MemoryLeak.Employee)
sizeof(052b3720) =        10036 (      0x2734) bytes (MemoryLeak.Employee)
sizeof(052b5e54) =        10036 (      0x2734) bytes (MemoryLeak.Employee)
sizeof(052b8588) =        10036 (      0x2734) bytes (MemoryLeak.Employee)
sizeof(052bacbc) =        10036 (      0x2734) bytes (MemoryLeak.Employee)
sizeof(052bd3f0) =        10036 (      0x2734) bytes (MemoryLeak.Employee)
sizeof(052bfb24) =        10036 (      0x2734) bytes (MemoryLeak.Employee)
sizeof(052c2258) =        10036 (      0x2734) bytes (MemoryLeak.Employee)
sizeof(052c498c) =        10036 (      0x2734) bytes (MemoryLeak.Employee)
sizeof(052c70c0) =        10036 (      0x2734) bytes (MemoryLeak.Employee)
sizeof(052c97f4) =        10036 (      0x2734) bytes (MemoryLeak.Employee)
sizeof(052cbf28) =        10036 (      0x2734) bytes (MemoryLeak.Employee)
sizeof(052ce65c) =        10036 (      0x2734) bytes (MemoryLeak.Employee)
sizeof(052d0d90) =        10036 (      0x2734) bytes (MemoryLeak.Employee)
sizeof(052d34c4) =        10036 (      0x2734) bytes (MemoryLeak.Employee)
sizeof(052d5bf8) =        10036 (      0x2734) bytes (MemoryLeak.Employee)
sizeof(052d832c) =        10036 (      0x2734) bytes (MemoryLeak.Employee)
sizeof(052daa60) =        10036 (      0x2734) bytes (MemoryLeak.Employee)
sizeof(052dd194) =        10036 (      0x2734) bytes (MemoryLeak.Employee)
sizeof(052df8c8) =        10036 (      0x2734) bytes (MemoryLeak.Employee)
sizeof(052e1ffc) =        10036 (      0x2734) bytes (MemoryLeak.Employee)
sizeof(052e4730) =        10036 (      0x2734) bytes (MemoryLeak.Employee)
0:004> .foreach (obj {!dumpheap -mt 002e3370 -short}) {!gcroot obj}
Note: Roots found on stacks may be false positives. Run "!help gcroot" for
more info.
Scan Thread 0 OSTHread 22fc
Scan Thread 2 OSTHread 1fbc
Finalizer queue:Root:024e7904(MemoryLeak.Employee)
Note: Roots found on stacks may be false positives. Run "!help gcroot" for
more info.
Scan Thread 0 OSTHread 22fc
Scan Thread 2 OSTHread 1fbc
Finalizer queue:Root:024ea038(MemoryLeak.Employee)
Note: Roots found on stacks may be false positives. Run "!help gcroot" for
more info.
Scan Thread 0 OSTHread 22fc
Scan Thread 2 OSTHread 1fbc
Finalizer queue:Root:024ec76c(MemoryLeak.Employee)
Note: Roots found on stacks may be false positives. Run "!help gcroot" for
more info.
Scan Thread 0 OSTHread 22fc
Scan Thread 2 OSTHread 1fbc
Finalizer queue:Root:024eeea0(MemoryLeak.Employee)
Note: Roots found on stacks may be false positives. Run "!help gcroot" for
more info.
Scan Thread 0 OSTHread 22fc
Scan Thread 2 OSTHread 1fbc
Finalizer queue:Root:024f15d4(MemoryLeak.Employee)
Note: Roots found on stacks may be false positives. Run "!help gcroot" for
more info.
Scan Thread 0 OSTHread 22fc
Scan Thread 2 OSTHread 1fbc
Finalizer queue:Root:024f3d08(MemoryLeak.Employee)
Note: Roots found on stacks may be false positives. Run "!help gcroot" for
more info.
Scan Thread 0 OSTHread 22fc
Scan Thread 2 OSTHread 1fbc
Finalizer queue:Root:024f643c(MemoryLeak.Employee)
Note: Roots found on stacks may be false positives. Run "!help gcroot" for
more info.
Scan Thread 0 OSTHread 22fc
Scan Thread 2 OSTHread 1fbc
Finalizer queue:Root:024f8b70(MemoryLeak.Employee)
Note: Roots found on stacks may be false positives. Run "!help gcroot" for
more info.
Scan Thread 0 OSTHread 22fc
Scan Thread 2 OSTHread 1fbc
Finalizer queue:Root:024fb2a4(MemoryLeak.Employee)
Note: Roots found on stacks may be false positives. Run "!help gcroot" for
more info.
Scan Thread 0 OSTHread 22fc
Scan Thread 2 OSTHread 1fbc
Finalizer queue:Root:024fd9d8(MemoryLeak.Employee)
Note: Roots found on stacks may be false positives. Run "!help gcroot" for
more info.
Scan Thread 0 OSTHread 22fc
Scan Thread 2 OSTHread 1fbc
Finalizer queue:Root:0250010c(MemoryLeak.Employee)
Note: Roots found on stacks may be false positives. Run "!help gcroot" for
more info.
Scan Thread 0 OSTHread 22fc
Scan Thread 2 OSTHread 1fbc
Finalizer queue:Root:02502840(MemoryLeak.Employee)
Note: Roots found on stacks may be false positives. Run "!help gcroot" for
more info.
Scan Thread 0 OSTHread 22fc
Scan Thread 2 OSTHread 1fbc
Finalizer queue:Root:02504f74(MemoryLeak.Employee)
Note: Roots found on stacks may be false positives. Run "!help gcroot" for
more info.
Scan Thread 0 OSTHread 22fc
Scan Thread 2 OSTHread 1fbc
Finalizer queue:Root:025076a8(MemoryLeak.Employee)
Note: Roots found on stacks may be false positives. Run "!help gcroot" for
more info.
Scan Thread 0 OSTHread 22fc
Scan Thread 2 OSTHread 1fbc
Finalizer queue:Root:02509ddc(MemoryLeak.Employee)
Note: Roots found on stacks may be false positives. Run "!help gcroot" for
more info.
Scan Thread 0 OSTHread 22fc
Scan Thread 2 OSTHread 1fbc
Finalizer queue:Root:0250c510(MemoryLeak.Employee)
Note: Roots found on stacks may be false positives. Run "!help gcroot" for
more info.
Scan Thread 0 OSTHread 22fc
Scan Thread 2 OSTHread 1fbc
Finalizer queue:Root:0250ec44(MemoryLeak.Employee)
Note: Roots found on stacks may be false positives. Run "!help gcroot" for
more info.
Scan Thread 0 OSTHread 22fc
Scan Thread 2 OSTHread 1fbc
Finalizer queue:Root:02511378(MemoryLeak.Employee)
Note: Roots found on stacks may be false positives. Run "!help gcroot" for
more info.
Scan Thread 0 OSTHread 22fc
Scan Thread 2 OSTHread 1fbc
Finalizer queue:Root:02513aac(MemoryLeak.Employee)
Note: Roots found on stacks may be false positives. Run "!help gcroot" for
more info.
Scan Thread 0 OSTHread 22fc
Scan Thread 2 OSTHread 1fbc
Finalizer queue:Root:025161e0(MemoryLeak.Employee)
Note: Roots found on stacks may be false positives. Run "!help gcroot" for
more info.
Scan Thread 0 OSTHread 22fc
Scan Thread 2 OSTHread 1fbc
Finalizer queue:Root:02518914(MemoryLeak.Employee)
Note: Roots found on stacks may be false positives. Run "!help gcroot" for
more info.
Scan Thread 0 OSTHread 22fc
Scan Thread 2 OSTHread 1fbc
Finalizer queue:Root:0251b048(MemoryLeak.Employee)
Note: Roots found on stacks may be false positives. Run "!help gcroot" for
more info.
Scan Thread 0 OSTHread 22fc
Scan Thread 2 OSTHread 1fbc
Finalizer queue:Root:0251d77c(MemoryLeak.Employee)
Note: Roots found on stacks may be false positives. Run "!help gcroot" for
more info.
Scan Thread 0 OSTHread 22fc
Scan Thread 2 OSTHread 1fbc
Finalizer queue:Root:0251feb0(MemoryLeak.Employee)
Note: Roots found on stacks may be false positives. Run "!help gcroot" for
more info.
Scan Thread 0 OSTHread 22fc
Scan Thread 2 OSTHread 1fbc
Finalizer queue:Root:025225e4(MemoryLeak.Employee)
Note: Roots found on stacks may be false positives. Run "!help gcroot" for
more info.
Scan Thread 0 OSTHread 22fc
Scan Thread 2 OSTHread 1fbc
Finalizer queue:Root:02527434(MemoryLeak.Employee)
Note: Roots found on stacks may be false positives. Run "!help gcroot" for
more info.
Scan Thread 0 OSTHread 22fc
Scan Thread 2 OSTHread 1fbc
Finalizer queue:Root:02529b80(MemoryLeak.Employee)
Note: Roots found on stacks may be false positives. Run "!help gcroot" for
more info.
Scan Thread 0 OSTHread 22fc
Scan Thread 2 OSTHread 1fbc
Finalizer queue:Root:0252c2b4(MemoryLeak.Employee)
Note: Roots found on stacks may be false positives. Run "!help gcroot" for
more info.
Scan Thread 0 OSTHread 22fc
Scan Thread 2 OSTHread 1fbc
Finalizer queue:Root:0252e9e8(MemoryLeak.Employee)
Note: Roots found on stacks may be false positives. Run "!help gcroot" for
more info.
Scan Thread 0 OSTHread 22fc
Scan Thread 2 OSTHread 1fbc
Finalizer queue:Root:0253111c(MemoryLeak.Employee)
Note: Roots found on stacks may be false positives. Run "!help gcroot" for
more info.
Scan Thread 0 OSTHread 22fc
Scan Thread 2 OSTHread 1fbc
Finalizer queue:Root:02533850(MemoryLeak.Employee)
Note: Roots found on stacks may be false positives. Run "!help gcroot" for
more info.
Scan Thread 0 OSTHread 22fc
Scan Thread 2 OSTHread 1fbc
Finalizer queue:Root:02535f84(MemoryLeak.Employee)
Note: Roots found on stacks may be false positives. Run "!help gcroot" for
more info.
Scan Thread 0 OSTHread 22fc
Scan Thread 2 OSTHread 1fbc
Finalizer queue:Root:025386b8(MemoryLeak.Employee)
Note: Roots found on stacks may be false positives. Run "!help gcroot" for
more info.
Scan Thread 0 OSTHread 22fc
Scan Thread 2 OSTHread 1fbc
Finalizer queue:Root:0253adec(MemoryLeak.Employee)
Note: Roots found on stacks may be false positives. Run "!help gcroot" for
more info.
Scan Thread 0 OSTHread 22fc
Scan Thread 2 OSTHread 1fbc
Finalizer queue:Root:0253d520(MemoryLeak.Employee)
Note: Roots found on stacks may be false positives. Run "!help gcroot" for
more info.
Scan Thread 0 OSTHread 22fc
Scan Thread 2 OSTHread 1fbc
Finalizer queue:Root:0253fc54(MemoryLeak.Employee)
Note: Roots found on stacks may be false positives. Run "!help gcroot" for
more info.
Scan Thread 0 OSTHread 22fc
Scan Thread 2 OSTHread 1fbc
Finalizer queue:Root:02542388(MemoryLeak.Employee)
Note: Roots found on stacks may be false positives. Run "!help gcroot" for
more info.
Scan Thread 0 OSTHread 22fc
Scan Thread 2 OSTHread 1fbc
Finalizer queue:Root:02544abc(MemoryLeak.Employee)
Note: Roots found on stacks may be false positives. Run "!help gcroot" for
more info.
Scan Thread 0 OSTHread 22fc
Scan Thread 2 OSTHread 1fbc
Finalizer queue:Root:025471f0(MemoryLeak.Employee)
Note: Roots found on stacks may be false positives. Run "!help gcroot" for
more info.
Scan Thread 0 OSTHread 22fc
Scan Thread 2 OSTHread 1fbc
Finalizer queue:Root:02549924(MemoryLeak.Employee)
Note: Roots found on stacks may be false positives. Run "!help gcroot" for
more info.
Scan Thread 0 OSTHread 22fc
Scan Thread 2 OSTHread 1fbc
Finalizer queue:Root:0254c058(MemoryLeak.Employee)
Note: Roots found on stacks may be false positives. Run "!help gcroot" for
more info.
Scan Thread 0 OSTHread 22fc
Scan Thread 2 OSTHread 1fbc
Finalizer queue:Root:0254e78c(MemoryLeak.Employee)
Note: Roots found on stacks may be false positives. Run "!help gcroot" for
more info.
Scan Thread 0 OSTHread 22fc
Scan Thread 2 OSTHread 1fbc
Finalizer queue:Root:02550ec0(MemoryLeak.Employee)
Note: Roots found on stacks may be false positives. Run "!help gcroot" for
more info.
Scan Thread 0 OSTHread 22fc
Scan Thread 2 OSTHread 1fbc
Finalizer queue:Root:025535f4(MemoryLeak.Employee)
Note: Roots found on stacks may be false positives. Run "!help gcroot" for
more info.
Scan Thread 0 OSTHread 22fc
Scan Thread 2 OSTHread 1fbc
Finalizer queue:Root:02555d28(MemoryLeak.Employee)
Note: Roots found on stacks may be false positives. Run "!help gcroot" for
more info.
Scan Thread 0 OSTHread 22fc
Scan Thread 2 OSTHread 1fbc
Finalizer queue:Root:0255845c(MemoryLeak.Employee)
Note: Roots found on stacks may be false positives. Run "!help gcroot" for
more info.
Scan Thread 0 OSTHread 22fc
Scan Thread 2 OSTHread 1fbc
Finalizer queue:Root:0255ab90(MemoryLeak.Employee)
Note: Roots found on stacks may be false positives. Run "!help gcroot" for
more info.
Scan Thread 0 OSTHread 22fc
Scan Thread 2 OSTHread 1fbc
Finalizer queue:Root:0255d2c4(MemoryLeak.Employee)
Note: Roots found on stacks may be false positives. Run "!help gcroot" for
more info.
Scan Thread 0 OSTHread 22fc
Scan Thread 2 OSTHread 1fbc
Finalizer queue:Root:0255f9f8(MemoryLeak.Employee)
Note: Roots found on stacks may be false positives. Run "!help gcroot" for
more info.
Scan Thread 0 OSTHread 22fc
Scan Thread 2 OSTHread 1fbc
Finalizer queue:Root:0256212c(MemoryLeak.Employee)
Note: Roots found on stacks may be false positives. Run "!help gcroot" for
more info.
Scan Thread 0 OSTHread 22fc
Scan Thread 2 OSTHread 1fbc
Finalizer queue:Root:02564860(MemoryLeak.Employee)
Note: Roots found on stacks may be false positives. Run "!help gcroot" for
more info.
Scan Thread 0 OSTHread 22fc
Scan Thread 2 OSTHread 1fbc
Finalizer queue:Root:02566f94(MemoryLeak.Employee)
Note: Roots found on stacks may be false positives. Run "!help gcroot" for
more info.
Scan Thread 0 OSTHread 22fc
Scan Thread 2 OSTHread 1fbc
Finalizer queue:Root:025696c8(MemoryLeak.Employee)
Note: Roots found on stacks may be false positives. Run "!help gcroot" for
more info.
Scan Thread 0 OSTHread 22fc
Scan Thread 2 OSTHread 1fbc
Finalizer queue:Root:0256bdfc(MemoryLeak.Employee)
Note: Roots found on stacks may be false positives. Run "!help gcroot" for
more info.
Scan Thread 0 OSTHread 22fc
Scan Thread 2 OSTHread 1fbc
Finalizer queue:Root:0256e530(MemoryLeak.Employee)
Note: Roots found on stacks may be false positives. Run "!help gcroot" for
more info.
Scan Thread 0 OSTHread 22fc
Scan Thread 2 OSTHread 1fbc
Finalizer queue:Root:02570c64(MemoryLeak.Employee)
Note: Roots found on stacks may be false positives. Run "!help gcroot" for
more info.
Scan Thread 0 OSTHread 22fc
Scan Thread 2 OSTHread 1fbc
Finalizer queue:Root:02573398(MemoryLeak.Employee)
Note: Roots found on stacks may be false positives. Run "!help gcroot" for
more info.
Scan Thread 0 OSTHread 22fc
Scan Thread 2 OSTHread 1fbc
Finalizer queue:Root:02575acc(MemoryLeak.Employee)
Note: Roots found on stacks may be false positives. Run "!help gcroot" for
more info.
Scan Thread 0 OSTHread 22fc
Scan Thread 2 OSTHread 1fbc
Finalizer queue:Root:02578200(MemoryLeak.Employee)
Note: Roots found on stacks may be false positives. Run "!help gcroot" for
more info.
Scan Thread 0 OSTHread 22fc
Scan Thread 2 OSTHread 1fbc
Finalizer queue:Root:0257a934(MemoryLeak.Employee)
Note: Roots found on stacks may be false positives. Run "!help gcroot" for
more info.
Scan Thread 0 OSTHread 22fc
Scan Thread 2 OSTHread 1fbc
Finalizer queue:Root:0257d068(MemoryLeak.Employee)
Note: Roots found on stacks may be false positives. Run "!help gcroot" for
more info.
Scan Thread 0 OSTHread 22fc
Scan Thread 2 OSTHread 1fbc
Finalizer queue:Root:0257f79c(MemoryLeak.Employee)
Note: Roots found on stacks may be false positives. Run "!help gcroot" for
more info.
Scan Thread 0 OSTHread 22fc
Scan Thread 2 OSTHread 1fbc
Finalizer queue:Root:02581ed0(MemoryLeak.Employee)
                                                    ^ User interrupted operation error in '.foreach (obj {!dumpheap -mt 002e3370 -short}) {!gcroot obj}'
0:004> !FinalizeQueue
SyncBlocks to be cleaned up: 0
MTA Interfaces to be released: 0
STA Interfaces to be released: 0
----------------------------------
generation 0 has 382 finalizable objects (00482278->00482870)
generation 1 has 0 finalizable objects (00482278->00482278)
generation 2 has 8 finalizable objects (00482258->00482278)
Ready for finalization 1007 objects (00482870->0048382c)
Statistics:
      MT    Count    TotalSize Class Name
70427590        1           20 Microsoft.Win32.SafeHandles.SafePEFileHandle
70438e94        1           56 System.Threading.Thread
70417bc0        7          140 Microsoft.Win32.SafeHandles.SafeRegistryHandle
002e3370     1388        16656 MemoryLeak.Employee
Total 1397 objects
0:004> !Threads
ThreadCount: 2
UnstartedThread: 0
BackgroundThread: 1
PendingThread: 0
DeadThread: 0
Hosted Runtime: no
                                      PreEmptive   GC Alloc           Lock
       ID OSID ThreadOBJ    State     GC       Context       Domain   Count APT Exception
   0    1 22fc 00466f48   200a020 Enabled  052e6e64:052e7c88 0042cf88     0 MTA
   2    2 1fbc 00471840   200b220 Enabled  00000000:00000000 0042cf88     0 MTA (Finalizer)
0:004> ~2s
eax=00000000 ebx=00000000 ecx=00000000 edx=00000000 esi=0473f954 edi=00000000
eip=7724fd21 esp=0473f910 ebp=0473f978 iopl=0         nv up ei pl nz na po nc
cs=0023  ss=002b  ds=002b  es=002b  fs=0053  gs=002b             efl=00000202
ntdll!NtDelayExecution+0x15:
7724fd21 83c404          add     esp,4
0:002> !CLRStack
OS Thread Id: 0x1fbc (2)
ESP       EIP     
0473fa60 7724fd21 [HelperMethodFrame: 0473fa60] System.Threading.Thread.SleepInternal(Int32)
0473fab4 703a9245 System.Threading.Thread.Sleep(Int32)
0473fab8 00540270 MemoryLeak.Schedule.FreeData()
0473fac4 00540206 MemoryLeak.Employee.Finalize()
0:002> kb
ChildEBP RetAddr  Args to Child              
0473f910 764c2c50 00000001 0473f954 de8b6b40 ntdll!NtDelayExecution+0x15
0473f978 70d8d0b0 00000014 00000001 defd55a6 KERNELBASE!SleepEx+0x65
0473f9ac 70e8a977 00000014 00000001 0473f9d0 mscorwks!EESleepEx+0xbb
0473f9bc 70e8a965 712bee38 00000014 00000001 mscorwks!CExecutionEngine::ClrSleepEx+0xe
0473f9d0 70e8a924 00000014 00000001 defd5606 mscorwks!ClrSleepEx+0x14
0473fa0c 70e8aa25 00000014 defd56a6 00000000 mscorwks!Thread::UserSleep+0x63
*** WARNING: Unable to verify checksum for C:\Windows\assembly\NativeImages_v2.0.50727_32\mscorlib\8c1770d45c63cf5c462eeb945ef9aa5d\mscorlib.ni.dll
0473faac 703a9245 00540270 04ee1cf0 0473fae8 mscorwks!ThreadNative::Sleep+0xce
0473fae8 70dce2d2 0473fb3c 70ded5bc ffffffff mscorlib_ni+0x1d9245
0473fb4c 70dce393 04ee1ce4 005401d8 00000000 mscorwks!MethodTable::GetObjCreateDelegate+0xaf
0473fb6c 70dce241 04ee1ce4 04ee1ce4 00000000 mscorwks!MethodTable::CallFinalizer+0xa0
0473fb80 70dd45a7 04ee1ce4 defd57da 00000000 mscorwks!WKS::CallFinalizer+0xa6
0473fbd0 70dd4602 00471840 00000409 0473fc57 mscorwks!WKS::GCHeap::TraceGCSegments+0x170
0473fc58 70dd596e 00000000 00000000 0473fd60 mscorwks!WKS::GCHeap::TraceGCSegments+0x2b6
0473fc70 70d9846f 0473fd60 00000000 00000000 mscorwks!WKS::GCHeap::FinalizerThreadWorker+0xb7
0473fc84 70d9840b 0473fd60 0473fd0c 70e9eb7b mscorwks!Thread::DoADCallBack+0x32a
0473fd18 70d98331 0473fd60 defd515e 00000000 mscorwks!Thread::ShouldChangeAbortToUnload+0xe3
0473fd54 70e008cc 0473fd60 00000000 0042cf88 mscorwks!Thread::ShouldChangeAbortToUnload+0x30a
0473fd7c 70e008dd 70dd58c8 00000008 0473fdc4 mscorwks!ManagedThreadBase_NoADTransition+0x32
0473fd8c 70e4d7fc 70dd58c8 defd51ce 00000000 mscorwks!ManagedThreadBase::FinalizerBase+0xd
0473fdc4 70eb1ec9 00000000 00000000 00000000 mscorwks!WKS::GCHeap::FinalizerThreadStart+0xbb
0:002> ? 14
Evaluate expression: 20 = 00000014
0:002> !Name2EE MemoryLeak!MemoryLeak.Employee.Finalize
Module: 002e2f2c (MemoryLeak.exe)
Token: 0x06000004
MethodDesc: 002e3354
Name: MemoryLeak.Employee.Finalize()
JITTED Code Address: 005401d8
0:002> !DumpIL 002e3354
ilAddr = 002d2080
.try
{
  IL_0000: nop 
  IL_0001: ldarg.0 
  IL_0002: ldfld MemoryLeak.Employee::_schedule
  IL_0007: callvirt MemoryLeak.Schedule::FreeData
  IL_000c: nop 
  IL_000d: nop 
  IL_000e: leave.s IL_0018
} // end .try
.finally
{
  IL_0010: ldarg.0 
  IL_0011: call System.Object::Finalize 
  IL_0016: nop 
  IL_0017: endfinally 
} // end .finally
IL_0018: nop 
IL_0019: ret 
0:002> !Name2EE MemoryLeak!MemoryLeak.Schedule.FreeData
Module: 002e2f2c (MemoryLeak.exe)
Token: 0x06000001
MethodDesc: 002e33d0
Name: MemoryLeak.Schedule.FreeData()
JITTED Code Address: 00540250
0:002> !DumpIL 002e33d0
ilAddr = 002d2050
IL_0000: nop 
IL_0001: ldc.i4.s 20
IL_0003: call System.Threading.Thread::Sleep 
IL_0008: nop 
IL_0009: ret 
0:002> q
quit:
