Build started 22/11/2017 15:41:42.
     1>Project "C:\Amir\Lesson4\Module7\Code\Slide9\InteropExamples\InteropExamples\NativeLibrary\NativeLibrary.vcxproj" on node 2 (Build target(s)).
     1>C:\Program Files (x86)\MSBuild\Microsoft.Cpp\v4.0\V140\Microsoft.CppBuild.targets(366,5): warning MSB8003: Could not find WindowsSDKDir variable from the registry.  TargetFrameworkVersion or PlatformToolset may be set to an invalid version number.
     1>ClCompile:
         C:\Program Files (x86)\Microsoft Visual Studio 14.0\VC\bin\CL.exe /c /ZI /nologo /W3 /WX- /Od /Oy- /D WIN32 /D _DEBUG /D _WINDOWS /D _USRDLL /D NATIVELIBRARY_EXPORTS /D _WINDLL /D _UNICODE /D UNICODE /Gm /EHsc /RTC1 /MDd /GS /fp:precise /Zc:wchar_t /Zc:forScope /Zc:inline /Yc"stdafx.h" /Fp"Debug\NativeLibrary.pch" /Fo"Debug\\" /Fd"Debug\vc140.pdb" /Gd /TP /analyze- /errorReport:prompt stdafx.cpp
         stdafx.cpp
     1>c:\amir\lesson4\module7\code\slide9\interopexamples\interopexamples\nativelibrary\stdafx.h(12): fatal error C1083: Cannot open include file: 'windows.h': No such file or directory
     1>Done Building Project "C:\Amir\Lesson4\Module7\Code\Slide9\InteropExamples\InteropExamples\NativeLibrary\NativeLibrary.vcxproj" (Build target(s)) -- FAILED.

Build FAILED.

Time Elapsed 00:00:01.83
